AGS: big-leaf and canopy layer stomatal conductance considering the role of CO2, mesophyllic CO2 resist.
     istep       ldatltime  /rco_AGS_bigl /rco_ml(19.5)  /rco_ml(6.5)          rmesCO2       ccompCO2
         # dd-mm-yy hh:min       [cm s-1] cm s-1         cm s-1                [s m-1]         [ppmv]
         1  24-06-12 11:30   0.637023E+00   0.400000E-01   0.400000E-01   0.354034E+03   0.586887E+02
         2  24-06-12 12:00   0.609765E+00   0.329174E+00   0.252864E+00   0.367952E+03   0.592807E+02
         3  24-06-12 12:30   0.603370E+00   0.327634E+00   0.251366E+00   0.368935E+03   0.593213E+02
         4  24-06-12 13:00   0.568498E+00   0.307968E+00   0.234043E+00   0.384602E+03   0.599489E+02
         5  24-06-12 13:30   0.534833E+00   0.292356E+00   0.220887E+00   0.399138E+03   0.605009E+02
         6  24-06-12 14:00   0.528414E+00   0.283194E+00   0.203101E+00   0.389992E+03   0.601567E+02
         7  24-06-12 14:30   0.489565E+00   0.257759E+00   0.182877E+00   0.417331E+03   0.611558E+02
         8  24-06-12 15:00   0.419199E+00   0.209695E+00   0.142823E+00   0.476355E+03   0.630585E+02
         9  24-06-12 15:30   0.395482E+00   0.204284E+00   0.133478E+00   0.464785E+03   0.627087E+02
        10  24-06-12 16:00   0.411162E+00   0.197002E+00   0.114653E+00   0.406556E+03   0.607725E+02
        11  24-06-12 16:30   0.388770E+00   0.190747E+00   0.106222E+00   0.385132E+03   0.599694E+02
        12  24-06-12 17:00   0.337139E+00   0.176686E+00   0.904309E-01   0.330000E+03   0.575807E+02
        13  24-06-12 17:30   0.301712E+00   0.192443E+00   0.922367E-01   0.257612E+03   0.531668E+02
        14  24-06-12 18:00   0.223646E+00   0.174617E+00   0.819237E-01   0.228945E+03   0.504384E+02
        15  24-06-12 18:30   0.100000E-02   0.100000E-02   0.100000E-02   0.200014E+03   0.437898E+02
        16  24-06-12 19:00   0.100000E-02   0.100000E-02   0.100000E-02   0.200107E+03   0.426644E+02
        17  24-06-12 19:30   0.100000E-02   0.100000E-02   0.100000E-02   0.200549E+03   0.421887E+02
        18  24-06-12 20:00   0.100000E-02   0.100000E-02   0.100000E-02   0.202422E+03   0.411155E+02
        19  24-06-12 20:30   0.100000E-02   0.100000E-02   0.100000E-02   0.203534E+03   0.406773E+02
        20  24-06-12 21:00   0.100000E-02   0.100000E-02   0.100000E-02   0.206657E+03   0.397228E+02
        21  24-06-12 21:30   0.100000E-02   0.100000E-02   0.100000E-02   0.208150E+03   0.393476E+02
        22  24-06-12 22:00   0.100000E-02   0.100000E-02   0.100000E-02   0.211756E+03   0.385645E+02
        23  24-06-12 22:30   0.100000E-02   0.100000E-02   0.100000E-02   0.213276E+03   0.382719E+02
        24  24-06-12 23:00   0.100000E-02   0.100000E-02   0.100000E-02   0.216532E+03   0.376987E+02
        25  24-06-12 23:30   0.100000E-02   0.100000E-02   0.100000E-02   0.217734E+03   0.375022E+02
        26  25-06-12 00:00   0.100000E-02   0.100000E-02   0.100000E-02   0.219906E+03   0.371642E+02
        27  25-06-12 00:30   0.100000E-02   0.100000E-02   0.100000E-02   0.220520E+03   0.370722E+02
        28  25-06-12 01:00   0.100000E-02   0.100000E-02   0.100000E-02   0.221122E+03   0.369835E+02
        29  25-06-12 01:30   0.100000E-02   0.100000E-02   0.100000E-02   0.221012E+03   0.369997E+02
        30  25-06-12 02:00   0.100000E-02   0.100000E-02   0.100000E-02   0.219909E+03   0.371637E+02
        31  25-06-12 02:30   0.100000E-02   0.100000E-02   0.100000E-02   0.219099E+03   0.372874E+02
        32  25-06-12 03:00   0.100000E-02   0.100000E-02   0.100000E-02   0.216538E+03   0.376976E+02
        33  25-06-12 03:30   0.100000E-02   0.100000E-02   0.100000E-02   0.215209E+03   0.379238E+02
        34  25-06-12 04:00   0.100000E-02   0.100000E-02   0.100000E-02   0.211764E+03   0.385630E+02
        35  25-06-12 04:30   0.100000E-02   0.100000E-02   0.100000E-02   0.210215E+03   0.388818E+02
        36  25-06-12 05:00   0.112761E+00   0.140871E+00   0.678034E-01   0.200589E+03   0.444478E+02
        37  25-06-12 05:30   0.250989E+00   0.168214E+00   0.768968E-01   0.202356E+03   0.454409E+02
        38  25-06-12 06:00   0.384926E+00   0.200783E+00   0.899747E-01   0.205333E+03   0.464634E+02
        39  25-06-12 06:30   0.496269E+00   0.207757E+00   0.939216E-01   0.211764E+03   0.479347E+02
        40  25-06-12 07:00   0.615247E+00   0.237710E+00   0.110877E+00   0.223317E+03   0.497392E+02
        41  25-06-12 07:30   0.705301E+00   0.244528E+00   0.118107E+00   0.236790E+03   0.512975E+02
        42  25-06-12 08:00   0.767126E+00   0.292739E+00   0.152788E+00   0.241909E+03   0.518038E+02
        43  25-06-12 08:30   0.760097E+00   0.296548E+00   0.162897E+00   0.260531E+03   0.533955E+02
        44  25-06-12 09:00   0.721898E+00   0.321002E+00   0.195536E+00   0.286140E+03   0.551705E+02
        45  25-06-12 09:30   0.678323E+00   0.312060E+00   0.200236E+00   0.315195E+03   0.568326E+02
        46  25-06-12 10:00   0.649028E+00   0.326753E+00   0.226782E+00   0.334017E+03   0.577744E+02
        47  25-06-12 10:30   0.647050E+00   0.330810E+00   0.235812E+00   0.340540E+03   0.580813E+02
        48  25-06-12 11:00   0.605709E+00   0.324861E+00   0.244053E+00   0.364423E+03   0.591337E+02
        49  25-06-12 11:30   0.567416E+00   0.307323E+00   0.236582E+00   0.389618E+03   0.601424E+02
        50  25-06-12 12:00   0.528044E+00   0.289395E+00   0.228338E+00   0.417210E+03   0.611516E+02
        51  25-06-12 12:30   0.489717E+00   0.272159E+00   0.217135E+00   0.441891E+03   0.619849E+02
        52  25-06-12 13:00   0.462609E+00   0.254246E+00   0.201594E+00   0.464567E+03   0.627020E+02
        53  25-06-12 13:30   0.459325E+00   0.251086E+00   0.196416E+00   0.464604E+03   0.627031E+02
        54  25-06-12 14:00   0.474076E+00   0.256264E+00   0.188294E+00   0.433698E+03   0.617148E+02
        55  25-06-12 14:30   0.487218E+00   0.272471E+00   0.190581E+00   0.392484E+03   0.602515E+02
        56  25-06-12 15:00   0.505593E+00   0.265569E+00   0.169149E+00   0.358785E+03   0.588945E+02
        57  25-06-12 15:30   0.500447E+00   0.268592E+00   0.162158E+00   0.329455E+03   0.575541E+02
        58  25-06-12 16:00   0.447943E+00   0.238957E+00   0.130978E+00   0.310437E+03   0.565796E+02
        59  25-06-12 16:30   0.372460E+00   0.229089E+00   0.120319E+00   0.295514E+03   0.557397E+02
        60  25-06-12 17:00   0.293233E+00   0.194648E+00   0.962721E-01   0.284248E+03   0.550510E+02
        61  25-06-12 17:30   0.233638E+00   0.185372E+00   0.899668E-01   0.271223E+03   0.541821E+02
        62  25-06-12 18:00   0.171417E+00   0.165787E+00   0.792566E-01   0.243438E+03   0.519481E+02
        63  25-06-12 18:30   0.100000E-02   0.100000E-02   0.100000E-02   0.200010E+03   0.437821E+02
        64  25-06-12 19:00   0.100000E-02   0.100000E-02   0.100000E-02   0.200112E+03   0.426569E+02
        65  25-06-12 19:30   0.100000E-02   0.100000E-02   0.100000E-02   0.200558E+03   0.421813E+02
        66  25-06-12 20:00   0.100000E-02   0.100000E-02   0.100000E-02   0.202439E+03   0.411082E+02
        67  25-06-12 20:30   0.100000E-02   0.100000E-02   0.100000E-02   0.203554E+03   0.406700E+02
        68  25-06-12 21:00   0.100000E-02   0.100000E-02   0.100000E-02   0.206684E+03   0.397157E+02
        69  25-06-12 21:30   0.100000E-02   0.100000E-02   0.100000E-02   0.208180E+03   0.393405E+02
        70  25-06-12 22:00   0.100000E-02   0.100000E-02   0.100000E-02   0.211792E+03   0.385575E+02
        71  25-06-12 22:30   0.100000E-02   0.100000E-02   0.100000E-02   0.213314E+03   0.382649E+02
        72  25-06-12 23:00   0.100000E-02   0.100000E-02   0.100000E-02   0.216574E+03   0.376917E+02
        73  25-06-12 23:30   0.100000E-02   0.100000E-02   0.100000E-02   0.217777E+03   0.374952E+02
        74  26-06-12 00:00   0.100000E-02   0.100000E-02   0.100000E-02   0.219951E+03   0.371573E+02
        75  26-06-12 00:30   0.100000E-02   0.100000E-02   0.100000E-02   0.220567E+03   0.370653E+02
        76  26-06-12 01:00   0.100000E-02   0.100000E-02   0.100000E-02   0.221170E+03   0.369766E+02
        77  26-06-12 01:30   0.100000E-02   0.100000E-02   0.100000E-02   0.221059E+03   0.369927E+02
        78  26-06-12 02:00   0.100000E-02   0.100000E-02   0.100000E-02   0.219956E+03   0.371567E+02
        79  26-06-12 02:30   0.100000E-02   0.100000E-02   0.100000E-02   0.219145E+03   0.372803E+02
        80  26-06-12 03:00   0.100000E-02   0.100000E-02   0.100000E-02   0.216582E+03   0.376904E+02
        81  26-06-12 03:30   0.100000E-02   0.100000E-02   0.100000E-02   0.215251E+03   0.379165E+02
        82  26-06-12 04:00   0.100000E-02   0.100000E-02   0.100000E-02   0.211802E+03   0.385555E+02
        83  26-06-12 04:30   0.100000E-02   0.100000E-02   0.100000E-02   0.210250E+03   0.388742E+02
        84  26-06-12 05:00   0.114098E+00   0.171589E+00   0.764596E-01   0.208768E+03   0.392025E+02
        85  26-06-12 05:30   0.232114E+00   0.202780E+00   0.870814E-01   0.203937E+03   0.405354E+02
        86  26-06-12 06:00   0.367553E+00   0.236347E+00   0.101268E+00   0.200537E+03   0.421997E+02
        87  26-06-12 06:30   0.608068E+00   0.243303E+00   0.105472E+00   0.199983E+03   0.437252E+02
        88  26-06-12 07:00   0.766665E+00   0.287322E+00   0.128606E+00   0.201050E+03   0.447747E+02
        89  26-06-12 07:30   0.867070E+00   0.305611E+00   0.140987E+00   0.202530E+03   0.455144E+02
        90  26-06-12 08:00   0.940729E+00   0.357441E+00   0.180590E+00   0.206704E+03   0.468325E+02
        91  26-06-12 08:30   0.933045E+00   0.367274E+00   0.194566E+00   0.213458E+03   0.482454E+02
        92  26-06-12 09:00   0.988324E+00   0.429354E+00   0.249829E+00   0.215884E+03   0.486563E+02
        93  26-06-12 09:30   0.103240E+01   0.444021E+00   0.268499E+00   0.220406E+03   0.493411E+02
        94  26-06-12 10:00   0.100157E+01   0.470539E+00   0.306871E+00   0.230889E+03   0.506623E+02
        95  26-06-12 10:30   0.975248E+00   0.466990E+00   0.313416E+00   0.240063E+03   0.516255E+02
        96  26-06-12 11:00   0.948992E+00   0.479212E+00   0.336065E+00   0.247683E+03   0.523343E+02
        97  26-06-12 11:30   0.903711E+00   0.462504E+00   0.330087E+00   0.259667E+03   0.533285E+02
        98  26-06-12 12:00   0.862234E+00   0.448230E+00   0.325340E+00   0.271187E+03   0.541796E+02
        99  26-06-12 12:30   0.845913E+00   0.440550E+00   0.319904E+00   0.275062E+03   0.544474E+02
       100  26-06-12 13:00   0.790036E+00   0.407248E+00   0.292783E+00   0.289773E+03   0.553953E+02
       101  26-06-12 13:30   0.714239E+00   0.392067E+00   0.278790E+00   0.295220E+03   0.557224E+02
       102  26-06-12 14:00   0.655769E+00   0.345724E+00   0.237043E+00   0.314090E+03   0.567744E+02
       103  26-06-12 14:30   0.634205E+00   0.312124E+00   0.211320E+00   0.337255E+03   0.579279E+02
       104  26-06-12 15:00   0.583036E+00   0.280823E+00   0.176293E+00   0.335174E+03   0.578295E+02
       105  26-06-12 15:30   0.524473E+00   0.269243E+00   0.162395E+00   0.328288E+03   0.574969E+02
       106  26-06-12 16:00   0.473974E+00   0.228120E+00   0.126666E+00   0.330565E+03   0.576081E+02
       107  26-06-12 16:30   0.454319E+00   0.221933E+00   0.117607E+00   0.308616E+03   0.564810E+02
       108  26-06-12 17:00   0.451641E+00   0.208002E+00   0.100688E+00   0.259061E+03   0.532812E+02
       109  26-06-12 17:30   0.355074E+00   0.206629E+00   0.967900E-01   0.235705E+03   0.511852E+02
       110  26-06-12 18:00   0.239955E+00   0.182174E+00   0.842049E-01   0.219275E+03   0.491782E+02
       111  26-06-12 18:30   0.100000E-02   0.100000E-02   0.100000E-02   0.200005E+03   0.437724E+02
       112  26-06-12 19:00   0.100000E-02   0.100000E-02   0.100000E-02   0.200118E+03   0.426474E+02
       113  26-06-12 19:30   0.100000E-02   0.100000E-02   0.100000E-02   0.200570E+03   0.421718E+02
       114  26-06-12 20:00   0.100000E-02   0.100000E-02   0.100000E-02   0.202460E+03   0.410989E+02
       115  26-06-12 20:30   0.100000E-02   0.100000E-02   0.100000E-02   0.203580E+03   0.406608E+02
       116  26-06-12 21:00   0.100000E-02   0.100000E-02   0.100000E-02   0.206718E+03   0.397066E+02
       117  26-06-12 21:30   0.100000E-02   0.100000E-02   0.100000E-02   0.208218E+03   0.393315E+02
       118  26-06-12 22:00   0.100000E-02   0.100000E-02   0.100000E-02   0.211836E+03   0.385487E+02
       119  26-06-12 22:30   0.100000E-02   0.100000E-02   0.100000E-02   0.213361E+03   0.382561E+02
       120  26-06-12 23:00   0.100000E-02   0.100000E-02   0.100000E-02   0.216626E+03   0.376830E+02
       121  26-06-12 23:30   0.100000E-02   0.100000E-02   0.100000E-02   0.217832E+03   0.374865E+02
       122  27-06-12 00:00   0.100000E-02   0.100000E-02   0.100000E-02   0.220009E+03   0.371487E+02
       123  27-06-12 00:30   0.100000E-02   0.100000E-02   0.100000E-02   0.220626E+03   0.370566E+02
       124  27-06-12 01:00   0.100000E-02   0.100000E-02   0.100000E-02   0.221229E+03   0.369679E+02
       125  27-06-12 01:30   0.100000E-02   0.100000E-02   0.100000E-02   0.221119E+03   0.369840E+02
       126  27-06-12 02:00   0.100000E-02   0.100000E-02   0.100000E-02   0.220014E+03   0.371479E+02
       127  27-06-12 02:30   0.100000E-02   0.100000E-02   0.100000E-02   0.219202E+03   0.372714E+02
       128  27-06-12 03:00   0.100000E-02   0.100000E-02   0.100000E-02   0.216636E+03   0.376814E+02
       129  27-06-12 03:30   0.100000E-02   0.100000E-02   0.100000E-02   0.215304E+03   0.379074E+02
       130  27-06-12 04:00   0.100000E-02   0.100000E-02   0.100000E-02   0.211849E+03   0.385462E+02
       131  27-06-12 04:30   0.100000E-02   0.100000E-02   0.100000E-02   0.210295E+03   0.388648E+02
       132  27-06-12 05:00   0.929415E-01   0.174767E+00   0.773547E-01   0.210967E+03   0.387241E+02
       133  27-06-12 05:30   0.333890E+00   0.206927E+00   0.883069E-01   0.205566E+03   0.400246E+02
       134  27-06-12 06:00   0.446166E+00   0.237067E+00   0.101486E+00   0.200649E+03   0.421074E+02
       135  27-06-12 06:30   0.515058E+00   0.241170E+00   0.104750E+00   0.200098E+03   0.439314E+02
       136  27-06-12 07:00   0.692144E+00   0.275354E+00   0.124204E+00   0.203384E+03   0.458430E+02
       137  27-06-12 07:30   0.758131E+00   0.279959E+00   0.131135E+00   0.210789E+03   0.477451E+02
       138  27-06-12 08:00   0.796106E+00   0.324723E+00   0.166209E+00   0.219540E+03   0.492168E+02
       139  27-06-12 08:30   0.867623E+00   0.339600E+00   0.181818E+00   0.226541E+03   0.501497E+02
       140  27-06-12 09:00   0.891961E+00   0.384705E+00   0.226766E+00   0.235943E+03   0.512101E+02
       141  27-06-12 09:30   0.870027E+00   0.383346E+00   0.236240E+00   0.251119E+03   0.526329E+02
       142  27-06-12 10:00   0.849272E+00   0.407737E+00   0.271117E+00   0.263887E+03   0.536506E+02
       143  27-06-12 10:30   0.814389E+00   0.403090E+00   0.276419E+00   0.276649E+03   0.545547E+02
       144  27-06-12 11:00   0.781312E+00   0.402953E+00   0.290154E+00   0.292786E+03   0.555776E+02
       145  27-06-12 11:30   0.745122E+00   0.386600E+00   0.284118E+00   0.309513E+03   0.565297E+02
       146  27-06-12 12:00   0.709928E+00   0.376977E+00   0.281797E+00   0.321436E+03   0.571548E+02
       147  27-06-12 12:30   0.661910E+00   0.353551E+00   0.266958E+00   0.341888E+03   0.581436E+02
       148  27-06-12 13:00   0.619042E+00   0.328244E+00   0.245928E+00   0.360443E+03   0.589654E+02
       149  27-06-12 13:30   0.559526E+00   0.299048E+00   0.224643E+00   0.389817E+03   0.601500E+02
       150  27-06-12 14:00   0.533219E+00   0.274890E+00   0.198399E+00   0.402305E+03   0.606176E+02
       151  27-06-12 14:30   0.529348E+00   0.268301E+00   0.188266E+00   0.398960E+03   0.604943E+02
       152  27-06-12 15:00   0.480683E+00   0.229757E+00   0.152168E+00   0.426952E+03   0.614877E+02
       153  27-06-12 15:30   0.461601E+00   0.218690E+00   0.139762E+00   0.426421E+03   0.614696E+02
       154  27-06-12 16:00   0.439327E+00   0.191766E+00   0.112513E+00   0.421556E+03   0.613027E+02
       155  27-06-12 16:30   0.430927E+00   0.192820E+00   0.106864E+00   0.378228E+03   0.596978E+02
       156  27-06-12 17:00   0.418094E+00   0.185797E+00   0.933147E-01   0.304228E+03   0.562392E+02
       157  27-06-12 17:30   0.345629E+00   0.189109E+00   0.911136E-01   0.263234E+03   0.536016E+02
       158  27-06-12 18:00   0.221171E+00   0.167748E+00   0.798212E-01   0.239408E+03   0.515610E+02
       159  27-06-12 18:30   0.100000E-02   0.100000E-02   0.100000E-02   0.199999E+03   0.437605E+02
       160  27-06-12 19:00   0.100000E-02   0.100000E-02   0.100000E-02   0.200127E+03   0.426358E+02
       161  27-06-12 19:30   0.100000E-02   0.100000E-02   0.100000E-02   0.200583E+03   0.421603E+02
       162  27-06-12 20:00   0.100000E-02   0.100000E-02   0.100000E-02   0.202486E+03   0.410877E+02
       163  27-06-12 20:30   0.100000E-02   0.100000E-02   0.100000E-02   0.203611E+03   0.406496E+02
       164  27-06-12 21:00   0.100000E-02   0.100000E-02   0.100000E-02   0.206760E+03   0.396957E+02
       165  27-06-12 21:30   0.100000E-02   0.100000E-02   0.100000E-02   0.208263E+03   0.393207E+02
       166  27-06-12 22:00   0.100000E-02   0.100000E-02   0.100000E-02   0.211890E+03   0.385380E+02
       167  27-06-12 22:30   0.100000E-02   0.100000E-02   0.100000E-02   0.213419E+03   0.382454E+02
       168  27-06-12 23:00   0.100000E-02   0.100000E-02   0.100000E-02   0.216690E+03   0.376725E+02
       169  27-06-12 23:30   0.100000E-02   0.100000E-02   0.100000E-02   0.217897E+03   0.374760E+02
       170  28-06-12 00:00   0.100000E-02   0.100000E-02   0.100000E-02   0.220079E+03   0.371382E+02
       171  28-06-12 00:30   0.100000E-02   0.100000E-02   0.100000E-02   0.220696E+03   0.370462E+02
       172  28-06-12 01:00   0.100000E-02   0.100000E-02   0.100000E-02   0.221301E+03   0.369574E+02
       173  28-06-12 01:30   0.100000E-02   0.100000E-02   0.100000E-02   0.221191E+03   0.369734E+02
       174  28-06-12 02:00   0.100000E-02   0.100000E-02   0.100000E-02   0.220085E+03   0.371373E+02
       175  28-06-12 02:30   0.100000E-02   0.100000E-02   0.100000E-02   0.219272E+03   0.372608E+02
       176  28-06-12 03:00   0.100000E-02   0.100000E-02   0.100000E-02   0.216701E+03   0.376706E+02
       177  28-06-12 03:30   0.100000E-02   0.100000E-02   0.100000E-02   0.215367E+03   0.378965E+02
       178  28-06-12 04:00   0.100000E-02   0.100000E-02   0.100000E-02   0.211905E+03   0.385350E+02
       179  28-06-12 04:30   0.100000E-02   0.100000E-02   0.100000E-02   0.210348E+03   0.388535E+02
       180  28-06-12 05:00   0.113140E+00   0.152662E+00   0.710764E-01   0.200812E+03   0.419847E+02
       181  28-06-12 05:30   0.272985E+00   0.176881E+00   0.793856E-01   0.200091E+03   0.439200E+02
       182  28-06-12 06:00   0.440056E+00   0.208961E+00   0.925031E-01   0.202082E+03   0.453198E+02
       183  28-06-12 06:30   0.583653E+00   0.215044E+00   0.962109E-01   0.207113E+03   0.469349E+02
       184  28-06-12 07:00   0.693470E+00   0.248538E+00   0.114575E+00   0.214955E+03   0.485032E+02
       185  28-06-12 07:30   0.734266E+00   0.254205E+00   0.121513E+00   0.227250E+03   0.502363E+02
       186  28-06-12 08:00   0.765115E+00   0.296934E+00   0.154357E+00   0.237909E+03   0.514115E+02
       187  28-06-12 08:30   0.808169E+00   0.310465E+00   0.168768E+00   0.247100E+03   0.522825E+02
       188  28-06-12 09:00   0.787895E+00   0.339492E+00   0.204265E+00   0.268113E+03   0.539609E+02
       189  28-06-12 09:30   0.761432E+00   0.339632E+00   0.213823E+00   0.285752E+03   0.551461E+02
       190  28-06-12 10:00   0.741424E+00   0.360378E+00   0.244885E+00   0.300120E+03   0.560070E+02
       191  28-06-12 10:30   0.667132E+00   0.334405E+00   0.237606E+00   0.336318E+03   0.578837E+02
       192  28-06-12 11:00   0.577311E+00   0.306420E+00   0.232886E+00   0.386206E+03   0.600111E+02
       193  28-06-12 11:30   0.530640E+00   0.285909E+00   0.223370E+00   0.418021E+03   0.611800E+02
       194  28-06-12 12:00   0.519747E+00   0.282840E+00   0.224090E+00   0.426280E+03   0.614648E+02
       195  28-06-12 12:30   0.489306E+00   0.267433E+00   0.214014E+00   0.449107E+03   0.622178E+02
       196  28-06-12 13:00   0.460924E+00   0.250517E+00   0.199146E+00   0.470984E+03   0.628974E+02
       197  28-06-12 13:30   0.454894E+00   0.246861E+00   0.193716E+00   0.472125E+03   0.629318E+02
       198  28-06-12 14:00   0.455630E+00   0.239088E+00   0.178610E+00   0.466021E+03   0.627465E+02
       199  28-06-12 14:30   0.453670E+00   0.235500E+00   0.170859E+00   0.459841E+03   0.625560E+02
       200  28-06-12 15:00   0.428497E+00   0.217208E+00   0.146174E+00   0.456251E+03   0.624440E+02
       201  28-06-12 15:30   0.358446E+00   0.196265E+00   0.129689E+00   0.487432E+03   0.633843E+02
       202  28-06-12 16:00   0.328158E+00   0.165516E+00   0.102368E+00   0.517543E+03   0.642288E+02
       203  28-06-12 16:30   0.334033E+00   0.155053E+00   0.932014E-01   0.522063E+03   0.643508E+02
       204  28-06-12 17:00   0.351148E+00   0.150443E+00   0.819801E-01   0.429348E+03   0.615689E+02
       205  28-06-12 17:30   0.301518E+00   0.170405E+00   0.851972E-01   0.307597E+03   0.564254E+02
       206  28-06-12 18:00   0.188406E+00   0.154283E+00   0.758046E-01   0.268928E+03   0.540195E+02
       207  28-06-12 18:30   0.100000E-02   0.100000E-02   0.100000E-02   0.199992E+03   0.437466E+02
       208  28-06-12 19:00   0.100000E-02   0.100000E-02   0.100000E-02   0.200136E+03   0.426222E+02
       209  28-06-12 19:30   0.100000E-02   0.100000E-02   0.100000E-02   0.200600E+03   0.421468E+02
       210  28-06-12 20:00   0.100000E-02   0.100000E-02   0.100000E-02   0.202517E+03   0.410745E+02
       211  28-06-12 20:30   0.100000E-02   0.100000E-02   0.100000E-02   0.203648E+03   0.406365E+02
       212  28-06-12 21:00   0.100000E-02   0.100000E-02   0.100000E-02   0.206809E+03   0.396829E+02
       213  28-06-12 21:30   0.100000E-02   0.100000E-02   0.100000E-02   0.208317E+03   0.393079E+02
       214  28-06-12 22:00   0.100000E-02   0.100000E-02   0.100000E-02   0.211954E+03   0.385255E+02
       215  28-06-12 22:30   0.100000E-02   0.100000E-02   0.100000E-02   0.213486E+03   0.382330E+02
       216  28-06-12 23:00   0.100000E-02   0.100000E-02   0.100000E-02   0.216764E+03   0.376602E+02
       217  28-06-12 23:30   0.100000E-02   0.100000E-02   0.100000E-02   0.217974E+03   0.374637E+02
       218  29-06-12 00:00   0.100000E-02   0.100000E-02   0.100000E-02   0.220160E+03   0.371260E+02
       219  29-06-12 00:30   0.100000E-02   0.100000E-02   0.100000E-02   0.220779E+03   0.370339E+02
       220  29-06-12 01:00   0.100000E-02   0.100000E-02   0.100000E-02   0.221385E+03   0.369452E+02
       221  29-06-12 01:30   0.100000E-02   0.100000E-02   0.100000E-02   0.221275E+03   0.369612E+02
       222  29-06-12 02:00   0.100000E-02   0.100000E-02   0.100000E-02   0.220167E+03   0.371249E+02
       223  29-06-12 02:30   0.100000E-02   0.100000E-02   0.100000E-02   0.219353E+03   0.372483E+02
       224  29-06-12 03:00   0.100000E-02   0.100000E-02   0.100000E-02   0.216778E+03   0.376579E+02
       225  29-06-12 03:30   0.100000E-02   0.100000E-02   0.100000E-02   0.215440E+03   0.378837E+02
       226  29-06-12 04:00   0.100000E-02   0.100000E-02   0.100000E-02   0.211971E+03   0.385220E+02
       227  29-06-12 04:30   0.100000E-02   0.100000E-02   0.100000E-02   0.210410E+03   0.388403E+02
       228  29-06-12 05:00   0.122031E+00   0.138525E+00   0.671087E-01   0.200842E+03   0.446369E+02
       229  29-06-12 05:30   0.271477E+00   0.170339E+00   0.774575E-01   0.201257E+03   0.448990E+02
       230  29-06-12 06:00   0.451513E+00   0.212319E+00   0.935447E-01   0.201203E+03   0.448675E+02
       231  29-06-12 06:30   0.471729E+00   0.213737E+00   0.957691E-01   0.207695E+03   0.470757E+02
       232  29-06-12 07:00   0.466210E+00   0.239631E+00   0.111410E+00   0.221176E+03   0.494492E+02
       233  29-06-12 07:30   0.585600E+00   0.236966E+00   0.115211E+00   0.244444E+03   0.520415E+02
       234  29-06-12 08:00   0.618213E+00   0.262500E+00   0.140149E+00   0.273722E+03   0.543558E+02
       235  29-06-12 08:30   0.645049E+00   0.270510E+00   0.151466E+00   0.290313E+03   0.554283E+02
       236  29-06-12 09:00   0.634369E+00   0.285271E+00   0.178167E+00   0.328283E+03   0.574967E+02
       237  29-06-12 09:30   0.588947E+00   0.272811E+00   0.180464E+00   0.367862E+03   0.592770E+02
       238  29-06-12 10:00   0.588066E+00   0.293115E+00   0.208177E+00   0.375173E+03   0.595755E+02
       239  29-06-12 10:30   0.578034E+00   0.294503E+00   0.215112E+00   0.384454E+03   0.599431E+02
       240  29-06-12 11:00   0.523105E+00   0.279802E+00   0.216865E+00   0.422640E+03   0.613401E+02
       241  29-06-12 11:30   0.450106E+00   0.245329E+00   0.198203E+00   0.484360E+03   0.632948E+02
       242  29-06-12 12:00   0.380206E+00   0.210499E+00   0.177786E+00   0.562240E+03   0.653866E+02
       243  29-06-12 12:30   0.361822E+00   0.200591E+00   0.170878E+00   0.586987E+03   0.659855E+02
       244  29-06-12 13:00   0.332996E+00   0.183693E+00   0.156683E+00   0.630543E+03   0.669776E+02
       245  29-06-12 13:30   0.316492E+00   0.174147E+00   0.148321E+00   0.658082E+03   0.675690E+02
       246  29-06-12 14:00   0.325484E+00   0.174857E+00   0.141742E+00   0.638859E+03   0.671589E+02
       247  29-06-12 14:30   0.323875E+00   0.172377E+00   0.136251E+00   0.636600E+03   0.671099E+02
       248  29-06-12 15:00   0.317026E+00   0.161699E+00   0.119332E+00   0.639751E+03   0.671782E+02
       249  29-06-12 15:30   0.307251E+00   0.155282E+00   0.110978E+00   0.644679E+03   0.672844E+02
       250  29-06-12 16:00   0.302921E+00   0.143715E+00   0.938719E-01   0.626689E+03   0.668928E+02
       251  29-06-12 16:30   0.309158E+00   0.148833E+00   0.909134E-01   0.553702E+03   0.651733E+02
       252  29-06-12 17:00   0.306874E+00   0.147214E+00   0.809320E-01   0.444873E+03   0.620817E+02
       253  29-06-12 17:30   0.260795E+00   0.152645E+00   0.797084E-01   0.369783E+03   0.593562E+02
       254  29-06-12 18:00   0.187568E+00   0.143064E+00   0.725141E-01   0.304405E+03   0.562490E+02
       255  29-06-12 18:30   0.952854E-01   0.153297E+00   0.745081E-01   0.261773E+03   0.534908E+02
       256  29-06-12 19:00   0.100000E-02   0.100000E-02   0.100000E-02   0.200148E+03   0.426065E+02
       257  29-06-12 19:30   0.100000E-02   0.100000E-02   0.100000E-02   0.200619E+03   0.421313E+02
       258  29-06-12 20:00   0.100000E-02   0.100000E-02   0.100000E-02   0.202553E+03   0.410593E+02
       259  29-06-12 20:30   0.100000E-02   0.100000E-02   0.100000E-02   0.203690E+03   0.406215E+02
       260  29-06-12 21:00   0.100000E-02   0.100000E-02   0.100000E-02   0.206865E+03   0.396681E+02
       261  29-06-12 21:30   0.100000E-02   0.100000E-02   0.100000E-02   0.208379E+03   0.392933E+02
       262  29-06-12 22:00   0.100000E-02   0.100000E-02   0.100000E-02   0.212027E+03   0.385111E+02
       263  29-06-12 22:30   0.100000E-02   0.100000E-02   0.100000E-02   0.213563E+03   0.382187E+02
       264  29-06-12 23:00   0.100000E-02   0.100000E-02   0.100000E-02   0.216850E+03   0.376460E+02
       265  29-06-12 23:30   0.100000E-02   0.100000E-02   0.100000E-02   0.218063E+03   0.374496E+02
       266  30-06-12 00:00   0.100000E-02   0.100000E-02   0.100000E-02   0.220254E+03   0.371120E+02
       267  30-06-12 00:30   0.100000E-02   0.100000E-02   0.100000E-02   0.220874E+03   0.370199E+02
       268  30-06-12 01:00   0.100000E-02   0.100000E-02   0.100000E-02   0.221482E+03   0.369312E+02
       269  30-06-12 01:30   0.100000E-02   0.100000E-02   0.100000E-02   0.221372E+03   0.369471E+02
       270  30-06-12 02:00   0.100000E-02   0.100000E-02   0.100000E-02   0.220262E+03   0.371107E+02
       271  30-06-12 02:30   0.100000E-02   0.100000E-02   0.100000E-02   0.219446E+03   0.372341E+02
       272  30-06-12 03:00   0.100000E-02   0.100000E-02   0.100000E-02   0.216865E+03   0.376435E+02
       273  30-06-12 03:30   0.100000E-02   0.100000E-02   0.100000E-02   0.215525E+03   0.378692E+02
       274  30-06-12 04:00   0.100000E-02   0.100000E-02   0.100000E-02   0.212047E+03   0.385072E+02
       275  30-06-12 04:30   0.100000E-02   0.100000E-02   0.100000E-02   0.210481E+03   0.388254E+02
       276  30-06-12 05:00   0.100000E-02   0.100000E-02   0.100000E-02   0.206886E+03   0.396628E+02
       277  30-06-12 05:30   0.189939E+00   0.144672E+00   0.700693E-01   0.222913E+03   0.496857E+02
       278  30-06-12 06:00   0.311568E+00   0.167019E+00   0.795611E-01   0.239979E+03   0.516172E+02
       279  30-06-12 06:30   0.421968E+00   0.170130E+00   0.821042E-01   0.261741E+03   0.534884E+02
       280  30-06-12 07:00   0.481452E+00   0.188453E+00   0.940813E-01   0.296738E+03   0.558115E+02
       281  30-06-12 07:30   0.522417E+00   0.192757E+00   0.997090E-01   0.323660E+03   0.572672E+02
       282  30-06-12 08:00   0.560572E+00   0.225301E+00   0.125314E+00   0.335086E+03   0.578253E+02
       283  30-06-12 08:30   0.551172E+00   0.226523E+00   0.133028E+00   0.366171E+03   0.592068E+02
       284  30-06-12 09:00   0.538158E+00   0.247006E+00   0.160046E+00   0.390587E+03   0.601794E+02
       285  30-06-12 09:30   0.536348E+00   0.253102E+00   0.170625E+00   0.401144E+03   0.605750E+02
       286  30-06-12 10:00   0.518812E+00   0.263640E+00   0.191992E+00   0.420121E+03   0.612530E+02
       287  30-06-12 10:30   0.456766E+00   0.239852E+00   0.183931E+00   0.474867E+03   0.630141E+02
       288  30-06-12 11:00   0.411162E+00   0.224385E+00   0.182802E+00   0.523091E+03   0.643784E+02
       289  30-06-12 11:30   0.377333E+00   0.208006E+00   0.174303E+00   0.565205E+03   0.654598E+02
       290  30-06-12 12:00   0.332335E+00   0.184820E+00   0.160438E+00   0.632639E+03   0.670236E+02
       291  30-06-12 12:30   0.320802E+00   0.178592E+00   0.155887E+00   0.652014E+03   0.674409E+02
       292  30-06-12 13:00   0.306302E+00   0.169629E+00   0.147213E+00   0.678223E+03   0.679857E+02
       293  30-06-12 13:30   0.292779E+00   0.161884E+00   0.140149E+00   0.704041E+03   0.685021E+02
       294  30-06-12 14:00   0.304659E+00   0.165498E+00   0.136055E+00   0.673994E+03   0.678993E+02
       295  30-06-12 14:30   0.317482E+00   0.170592E+00   0.135171E+00   0.643145E+03   0.672514E+02
       296  30-06-12 15:00   0.306398E+00   0.158035E+00   0.117439E+00   0.655914E+03   0.675233E+02
       297  30-06-12 15:30   0.281208E+00   0.144862E+00   0.106024E+00   0.698257E+03   0.683881E+02
       298  30-06-12 16:00   0.256215E+00   0.126564E+00   0.870445E-01   0.740589E+03   0.692017E+02
       299  30-06-12 16:30   0.251804E+00   0.126501E+00   0.827657E-01   0.697782E+03   0.683787E+02
       300  30-06-12 17:00   0.273988E+00   0.134336E+00   0.768763E-01   0.518934E+03   0.642665E+02
       301  30-06-12 17:30   0.250289E+00   0.151281E+00   0.792622E-01   0.375037E+03   0.595700E+02
       302  30-06-12 18:00   0.158314E+00   0.142818E+00   0.724242E-01   0.304759E+03   0.562687E+02
       303  30-06-12 18:30   0.100000E-02   0.100000E-02   0.100000E-02   0.199977E+03   0.437125E+02
       304  30-06-12 19:00   0.100000E-02   0.100000E-02   0.100000E-02   0.200161E+03   0.425888E+02
       305  30-06-12 19:30   0.100000E-02   0.100000E-02   0.100000E-02   0.200641E+03   0.421138E+02
       306  30-06-12 20:00   0.100000E-02   0.100000E-02   0.100000E-02   0.202594E+03   0.410422E+02
       307  30-06-12 20:30   0.100000E-02   0.100000E-02   0.100000E-02   0.203738E+03   0.406045E+02
       308  30-06-12 21:00   0.100000E-02   0.100000E-02   0.100000E-02   0.206929E+03   0.396515E+02
       309  30-06-12 21:30   0.100000E-02   0.100000E-02   0.100000E-02   0.208449E+03   0.392768E+02
       310  30-06-12 22:00   0.100000E-02   0.100000E-02   0.100000E-02   0.212110E+03   0.384949E+02
       311  30-06-12 22:30   0.100000E-02   0.100000E-02   0.100000E-02   0.213651E+03   0.382025E+02
       312  30-06-12 23:00   0.100000E-02   0.100000E-02   0.100000E-02   0.216946E+03   0.376301E+02
       313  30-06-12 23:30   0.100000E-02   0.100000E-02   0.100000E-02   0.218163E+03   0.374338E+02
       314  01-07-12 00:00   0.100000E-02   0.100000E-02   0.100000E-02   0.220359E+03   0.370962E+02
       315  01-07-12 00:30   0.100000E-02   0.100000E-02   0.100000E-02   0.220981E+03   0.370042E+02
       316  01-07-12 01:00   0.100000E-02   0.100000E-02   0.100000E-02   0.221591E+03   0.369154E+02
       317  01-07-12 01:30   0.100000E-02   0.100000E-02   0.100000E-02   0.221481E+03   0.369313E+02
       318  01-07-12 02:00   0.100000E-02   0.100000E-02   0.100000E-02   0.220368E+03   0.370948E+02
       319  01-07-12 02:30   0.100000E-02   0.100000E-02   0.100000E-02   0.219551E+03   0.372181E+02
       320  01-07-12 03:00   0.100000E-02   0.100000E-02   0.100000E-02   0.216963E+03   0.376273E+02
       321  01-07-12 03:30   0.100000E-02   0.100000E-02   0.100000E-02   0.215620E+03   0.378528E+02
       322  01-07-12 04:00   0.100000E-02   0.100000E-02   0.100000E-02   0.212132E+03   0.384905E+02
       323  01-07-12 04:30   0.100000E-02   0.100000E-02   0.100000E-02   0.210561E+03   0.388085E+02
       324  01-07-12 05:00   0.918584E-01   0.128842E+00   0.643990E-01   0.205917E+03   0.466258E+02
       325  01-07-12 05:30   0.200660E+00   0.142558E+00   0.694507E-01   0.225870E+03   0.500667E+02
       326  01-07-12 06:00   0.302114E+00   0.157624E+00   0.767442E-01   0.259297E+03   0.532996E+02
       327  01-07-12 06:30   0.400081E+00   0.161708E+00   0.795359E-01   0.282170E+03   0.549181E+02
       328  01-07-12 07:00   0.501198E+00   0.195227E+00   0.962556E-01   0.281197E+03   0.548551E+02
       329  01-07-12 07:30   0.569455E+00   0.207670E+00   0.104766E+00   0.289459E+03   0.553761E+02
       330  01-07-12 08:00   0.567867E+00   0.230047E+00   0.127079E+00   0.325130E+03   0.573407E+02
       331  01-07-12 08:30   0.525594E+00   0.220271E+00   0.130360E+00   0.379785E+03   0.597597E+02
       332  01-07-12 09:00   0.460676E+00   0.218902E+00   0.146727E+00   0.451210E+03   0.622848E+02
       333  01-07-12 09:30   0.390874E+00   0.195551E+00   0.141771E+00   0.536851E+03   0.647419E+02
       334  01-07-12 10:00   0.356331E+00   0.189602E+00   0.150306E+00   0.589443E+03   0.660434E+02
       335  01-07-12 10:30   0.321732E+00   0.174271E+00   0.144702E+00   0.649282E+03   0.673828E+02
       336  01-07-12 11:00   0.290574E+00   0.160415E+00   0.140866E+00   0.713617E+03   0.686888E+02
       337  01-07-12 11:30   0.258890E+00   0.142844E+00   0.129521E+00   0.795374E+03   0.701893E+02
       338  01-07-12 12:00   0.232733E+00   0.127801E+00   0.119039E+00   0.881703E+03   0.716196E+02
       339  01-07-12 12:30   0.227511E+00   0.124687E+00   0.116488E+00   0.901563E+03   0.719297E+02
       340  01-07-12 13:00   0.220201E+00   0.120014E+00   0.111603E+00   0.931332E+03   0.723827E+02
       341  01-07-12 13:30   0.238145E+00   0.130337E+00   0.118194E+00   0.860156E+03   0.712755E+02
       342  01-07-12 14:00   0.263241E+00   0.142638E+00   0.121808E+00   0.778168E+03   0.698864E+02
       343  01-07-12 14:30   0.264456E+00   0.142441E+00   0.118628E+00   0.769966E+03   0.697398E+02
       344  01-07-12 15:00   0.240243E+00   0.125719E+00   0.100679E+00   0.840664E+03   0.709572E+02
       345  01-07-12 15:30   0.214022E+00   0.111085E+00   0.892997E-01   0.941949E+03   0.725410E+02
       346  01-07-12 16:00   0.213459E+00   0.106315E+00   0.786897E-01   0.925845E+03   0.723002E+02
       347  01-07-12 16:30   0.214792E+00   0.107640E+00   0.756836E-01   0.871334E+03   0.714550E+02
       348  01-07-12 17:00   0.228099E+00   0.112429E+00   0.700282E-01   0.697813E+03   0.683793E+02
       349  01-07-12 17:30   0.226806E+00   0.133869E+00   0.739944E-01   0.465585E+03   0.627332E+02
       350  01-07-12 18:00   0.162300E+00   0.134254E+00   0.699430E-01   0.340634E+03   0.580856E+02
       351  01-07-12 18:30   0.100000E-02   0.100000E-02   0.100000E-02   0.199968E+03   0.436923E+02
       352  01-07-12 19:00   0.100000E-02   0.100000E-02   0.100000E-02   0.200176E+03   0.425692E+02
       353  01-07-12 19:30   0.100000E-02   0.100000E-02   0.100000E-02   0.200666E+03   0.420943E+02
       354  01-07-12 20:00   0.100000E-02   0.100000E-02   0.100000E-02   0.202639E+03   0.410232E+02
       355  01-07-12 20:30   0.100000E-02   0.100000E-02   0.100000E-02   0.203792E+03   0.405856E+02
       356  01-07-12 21:00   0.100000E-02   0.100000E-02   0.100000E-02   0.207001E+03   0.396330E+02
       357  01-07-12 21:30   0.100000E-02   0.100000E-02   0.100000E-02   0.208527E+03   0.392584E+02
       358  01-07-12 22:00   0.100000E-02   0.100000E-02   0.100000E-02   0.212202E+03   0.384769E+02
       359  01-07-12 22:30   0.100000E-02   0.100000E-02   0.100000E-02   0.213748E+03   0.381846E+02
       360  01-07-12 23:00   0.100000E-02   0.100000E-02   0.100000E-02   0.217054E+03   0.376124E+02
       361  01-07-12 23:30   0.100000E-02   0.100000E-02   0.100000E-02   0.218274E+03   0.374161E+02
       362  02-07-12 00:00   0.100000E-02   0.100000E-02   0.100000E-02   0.220477E+03   0.370787E+02
       363  02-07-12 00:30   0.100000E-02   0.100000E-02   0.100000E-02   0.221101E+03   0.369866E+02
       364  02-07-12 01:00   0.100000E-02   0.100000E-02   0.100000E-02   0.221712E+03   0.368979E+02
       365  02-07-12 01:30   0.100000E-02   0.100000E-02   0.100000E-02   0.221602E+03   0.369138E+02
       366  02-07-12 02:00   0.100000E-02   0.100000E-02   0.100000E-02   0.220487E+03   0.370772E+02
       367  02-07-12 02:30   0.100000E-02   0.100000E-02   0.100000E-02   0.219668E+03   0.372003E+02
       368  02-07-12 03:00   0.100000E-02   0.100000E-02   0.100000E-02   0.217073E+03   0.376093E+02
       369  02-07-12 03:30   0.100000E-02   0.100000E-02   0.100000E-02   0.215726E+03   0.378347E+02
       370  02-07-12 04:00   0.100000E-02   0.100000E-02   0.100000E-02   0.212226E+03   0.384721E+02
       371  02-07-12 04:30   0.100000E-02   0.100000E-02   0.100000E-02   0.210650E+03   0.387898E+02
       372  02-07-12 05:00   0.190894E+00   0.116102E+00   0.609005E-01   0.224953E+03   0.499512E+02
       373  02-07-12 05:30   0.268604E+00   0.134483E+00   0.671635E-01   0.242296E+03   0.518406E+02
       374  02-07-12 06:00   0.344169E+00   0.161838E+00   0.779715E-01   0.249284E+03   0.524749E+02
       375  02-07-12 06:30   0.393685E+00   0.175732E+00   0.837604E-01   0.249455E+03   0.524897E+02
       376  02-07-12 07:00   0.431319E+00   0.206436E+00   0.999196E-01   0.259849E+03   0.533426E+02
       377  02-07-12 07:30   0.406552E+00   0.216758E+00   0.107857E+00   0.272274E+03   0.542555E+02
       378  02-07-12 08:00   0.370130E+00   0.243150E+00   0.132132E+00   0.301106E+03   0.560632E+02
       379  02-07-12 08:30   0.398705E+00   0.240127E+00   0.138435E+00   0.337797E+03   0.579533E+02
       380  02-07-12 09:00   0.490202E+00   0.252403E+00   0.162344E+00   0.379780E+03   0.597595E+02
       381  02-07-12 09:30   0.447808E+00   0.231325E+00   0.159615E+00   0.444285E+03   0.620627E+02
       382  02-07-12 10:00   0.407790E+00   0.225704E+00   0.170794E+00   0.493870E+03   0.635698E+02
       383  02-07-12 10:30   0.381777E+00   0.206057E+00   0.163959E+00   0.551955E+03   0.651293E+02
       384  02-07-12 11:00   0.387899E+00   0.214772E+00   0.176578E+00   0.544872E+03   0.649491E+02
       385  02-07-12 11:30   0.415992E+00   0.233457E+00   0.190471E+00   0.507207E+03   0.639453E+02
       386  02-07-12 12:00   0.402208E+00   0.246403E+00   0.200829E+00   0.485495E+03   0.633280E+02
       387  02-07-12 12:30   0.378590E+00   0.279626E+00   0.221236E+00   0.429743E+03   0.615822E+02
       388  02-07-12 13:00   0.423926E+00   0.322284E+00   0.241849E+00   0.366412E+03   0.592168E+02
       389  02-07-12 13:30   0.327058E+00   0.316285E+00   0.234145E+00   0.367298E+03   0.592536E+02
       390  02-07-12 14:00   0.357302E+00   0.255203E+00   0.187116E+00   0.434341E+03   0.617362E+02
       391  02-07-12 14:30   0.371906E+00   0.213517E+00   0.158718E+00   0.509587E+03   0.640112E+02
       392  02-07-12 15:00   0.370677E+00   0.196852E+00   0.136148E+00   0.510735E+03   0.640428E+02
       393  02-07-12 15:30   0.475487E+00   0.232751E+00   0.145540E+00   0.392498E+03   0.602521E+02
       394  02-07-12 16:00   0.529047E+00   0.233388E+00   0.128250E+00   0.318114E+03   0.569846E+02
       395  02-07-12 16:30   0.392146E+00   0.226054E+00   0.118714E+00   0.298539E+03   0.559161E+02
       396  02-07-12 17:00   0.341967E+00   0.195122E+00   0.961424E-01   0.280721E+03   0.548242E+02
       397  02-07-12 17:30   0.384467E+00   0.190464E+00   0.913695E-01   0.258855E+03   0.532650E+02
       398  02-07-12 18:00   0.263999E+00   0.166632E+00   0.793904E-01   0.239686E+03   0.515885E+02
       399  02-07-12 18:30   0.134947E+00   0.169784E+00   0.792435E-01   0.227641E+03   0.502836E+02
       400  02-07-12 19:00   0.100000E-02   0.100000E-02   0.100000E-02   0.200193E+03   0.425474E+02
       401  02-07-12 19:30   0.100000E-02   0.100000E-02   0.100000E-02   0.200693E+03   0.420728E+02
       402  02-07-12 20:00   0.100000E-02   0.100000E-02   0.100000E-02   0.202690E+03   0.410022E+02
       403  02-07-12 20:30   0.100000E-02   0.100000E-02   0.100000E-02   0.203852E+03   0.405648E+02
       404  02-07-12 21:00   0.100000E-02   0.100000E-02   0.100000E-02   0.207080E+03   0.396127E+02
       405  02-07-12 21:30   0.100000E-02   0.100000E-02   0.100000E-02   0.208614E+03   0.392382E+02
       406  02-07-12 22:00   0.100000E-02   0.100000E-02   0.100000E-02   0.212304E+03   0.384570E+02
       407  02-07-12 22:30   0.100000E-02   0.100000E-02   0.100000E-02   0.213856E+03   0.381649E+02
       408  02-07-12 23:00   0.100000E-02   0.100000E-02   0.100000E-02   0.217173E+03   0.375929E+02
       409  02-07-12 23:30   0.100000E-02   0.100000E-02   0.100000E-02   0.218398E+03   0.373967E+02
       410  03-07-12 00:00   0.100000E-02   0.100000E-02   0.100000E-02   0.220607E+03   0.370594E+02
       411  03-07-12 00:30   0.100000E-02   0.100000E-02   0.100000E-02   0.221233E+03   0.369674E+02
       412  03-07-12 01:00   0.100000E-02   0.100000E-02   0.100000E-02   0.221846E+03   0.368786E+02
       413  03-07-12 01:30   0.100000E-02   0.100000E-02   0.100000E-02   0.221736E+03   0.368945E+02
       414  03-07-12 02:00   0.100000E-02   0.100000E-02   0.100000E-02   0.220618E+03   0.370577E+02
       415  03-07-12 02:30   0.100000E-02   0.100000E-02   0.100000E-02   0.219796E+03   0.371808E+02
       416  03-07-12 03:00   0.100000E-02   0.100000E-02   0.100000E-02   0.217194E+03   0.375895E+02
       417  03-07-12 03:30   0.100000E-02   0.100000E-02   0.100000E-02   0.215843E+03   0.378148E+02
       418  03-07-12 04:00   0.100000E-02   0.100000E-02   0.100000E-02   0.212331E+03   0.384518E+02
       419  03-07-12 04:30   0.100000E-02   0.100000E-02   0.100000E-02   0.210749E+03   0.387693E+02
       420  03-07-12 05:00   0.100000E-02   0.100000E-02   0.100000E-02   0.207108E+03   0.396055E+02
       421  03-07-12 05:30   0.174411E+00   0.188446E+00   0.826637E-01   0.200943E+03   0.418943E+02
       422  03-07-12 06:00   0.454321E+00   0.220650E+00   0.960892E-01   0.199979E+03   0.437177E+02
       423  03-07-12 06:30   0.626978E+00   0.227145E+00   0.999880E-01   0.202054E+03   0.453073E+02
       424  03-07-12 07:00   0.713762E+00   0.267690E+00   0.121101E+00   0.205115E+03   0.464006E+02
       425  03-07-12 07:30   0.794508E+00   0.278761E+00   0.130260E+00   0.210489E+03   0.476851E+02
       426  03-07-12 08:00   0.855469E+00   0.327324E+00   0.166694E+00   0.217173E+03   0.488611E+02
       427  03-07-12 08:30   0.883396E+00   0.338614E+00   0.180673E+00   0.225936E+03   0.500749E+02
       428  03-07-12 09:00   0.893118E+00   0.383898E+00   0.225531E+00   0.235262E+03   0.511389E+02
       429  03-07-12 09:30   0.894227E+00   0.391952E+00   0.239856E+00   0.244476E+03   0.520445E+02
       430  03-07-12 10:00   0.869171E+00   0.416818E+00   0.275304E+00   0.257096E+03   0.531257E+02
       431  03-07-12 10:30   0.815575E+00   0.401601E+00   0.274715E+00   0.276653E+03   0.545550E+02
       432  03-07-12 11:00   0.768069E+00   0.398082E+00   0.286440E+00   0.295457E+03   0.557363E+02
       433  03-07-12 11:30   0.742438E+00   0.387854E+00   0.284073E+00   0.307602E+03   0.564257E+02
       434  03-07-12 12:00   0.695284E+00   0.373644E+00   0.279011E+00   0.323412E+03   0.572547E+02
       435  03-07-12 12:30   0.622555E+00   0.338258E+00   0.256971E+00   0.356360E+03   0.587900E+02
       436  03-07-12 13:00   0.545098E+00   0.291543E+00   0.223441E+00   0.405035E+03   0.607173E+02
       437  03-07-12 13:30   0.511648E+00   0.273608E+00   0.209099E+00   0.425412E+03   0.614352E+02
       438  03-07-12 14:00   0.528868E+00   0.271340E+00   0.195808E+00   0.406616E+03   0.607746E+02
       439  03-07-12 14:30   0.543126E+00   0.273777E+00   0.190467E+00   0.388658E+03   0.601056E+02
       440  03-07-12 15:00   0.530869E+00   0.249860E+00   0.160981E+00   0.383956E+03   0.599237E+02
       441  03-07-12 15:30   0.515561E+00   0.240569E+00   0.148876E+00   0.375931E+03   0.596060E+02
       442  03-07-12 16:00   0.505135E+00   0.217184E+00   0.121821E+00   0.350962E+03   0.585535E+02
       443  03-07-12 16:30   0.469476E+00   0.213147E+00   0.113839E+00   0.323823E+03   0.572754E+02
       444  03-07-12 17:00   0.407820E+00   0.188210E+00   0.938159E-01   0.295501E+03   0.557389E+02
       445  03-07-12 17:30   0.320532E+00   0.188337E+00   0.906451E-01   0.262372E+03   0.535364E+02
       446  03-07-12 18:00   0.202336E+00   0.170282E+00   0.804600E-01   0.233066E+03   0.509039E+02
       447  03-07-12 18:30   0.100000E-02   0.100000E-02   0.100000E-02   0.199950E+03   0.436458E+02
       448  03-07-12 19:00   0.100000E-02   0.100000E-02   0.100000E-02   0.200213E+03   0.425237E+02
       449  03-07-12 19:30   0.100000E-02   0.100000E-02   0.100000E-02   0.200724E+03   0.420493E+02
       450  03-07-12 20:00   0.100000E-02   0.100000E-02   0.100000E-02   0.202746E+03   0.409792E+02
       451  03-07-12 20:30   0.100000E-02   0.100000E-02   0.100000E-02   0.203918E+03   0.405421E+02
       452  03-07-12 21:00   0.100000E-02   0.100000E-02   0.100000E-02   0.207167E+03   0.395904E+02
       453  03-07-12 21:30   0.100000E-02   0.100000E-02   0.100000E-02   0.208709E+03   0.392162E+02
       454  03-07-12 22:00   0.100000E-02   0.100000E-02   0.100000E-02   0.212416E+03   0.384353E+02
       455  03-07-12 22:30   0.100000E-02   0.100000E-02   0.100000E-02   0.213974E+03   0.381433E+02
       456  03-07-12 23:00   0.100000E-02   0.100000E-02   0.100000E-02   0.217304E+03   0.375717E+02
       457  03-07-12 23:30   0.100000E-02   0.100000E-02   0.100000E-02   0.218532E+03   0.373755E+02
       458  04-07-12 00:00   0.100000E-02   0.100000E-02   0.100000E-02   0.220749E+03   0.370384E+02
       459  04-07-12 00:30   0.100000E-02   0.100000E-02   0.100000E-02   0.221377E+03   0.369464E+02
       460  04-07-12 01:00   0.100000E-02   0.100000E-02   0.100000E-02   0.221992E+03   0.368576E+02
       461  04-07-12 01:30   0.100000E-02   0.100000E-02   0.100000E-02   0.221882E+03   0.368734E+02
       462  04-07-12 02:00   0.100000E-02   0.100000E-02   0.100000E-02   0.220761E+03   0.370366E+02
       463  04-07-12 02:30   0.100000E-02   0.100000E-02   0.100000E-02   0.219937E+03   0.371595E+02
       464  04-07-12 03:00   0.100000E-02   0.100000E-02   0.100000E-02   0.217327E+03   0.375680E+02
       465  04-07-12 03:30   0.100000E-02   0.100000E-02   0.100000E-02   0.215970E+03   0.377930E+02
       466  04-07-12 04:00   0.100000E-02   0.100000E-02   0.100000E-02   0.212445E+03   0.384296E+02
       467  04-07-12 04:30   0.100000E-02   0.100000E-02   0.100000E-02   0.210856E+03   0.387470E+02
       468  04-07-12 05:00   0.100000E-02   0.100000E-02   0.100000E-02   0.207198E+03   0.395826E+02
       469  04-07-12 05:30   0.247152E+00   0.172057E+00   0.778281E-01   0.200310E+03   0.441923E+02
       470  04-07-12 06:00   0.414068E+00   0.205196E+00   0.911791E-01   0.202712E+03   0.455884E+02
       471  04-07-12 06:30   0.568328E+00   0.206169E+00   0.932005E-01   0.211508E+03   0.478858E+02
       472  04-07-12 07:00   0.643539E+00   0.233263E+00   0.108900E+00   0.225332E+03   0.499993E+02
       473  04-07-12 07:30   0.711825E+00   0.246930E+00   0.118423E+00   0.232178E+03   0.508065E+02
       474  04-07-12 08:00   0.772672E+00   0.294401E+00   0.152633E+00   0.238333E+03   0.514541E+02
       475  04-07-12 08:30   0.764064E+00   0.298416E+00   0.162782E+00   0.256281E+03   0.530603E+02
       476  04-07-12 09:00   0.724476E+00   0.321525E+00   0.194725E+00   0.283354E+03   0.549941E+02
       477  04-07-12 09:30   0.722654E+00   0.328845E+00   0.207542E+00   0.294690E+03   0.556910E+02
       478  04-07-12 10:00   0.712462E+00   0.349200E+00   0.237900E+00   0.309096E+03   0.565071E+02
       479  04-07-12 10:30   0.655440E+00   0.337384E+00   0.238436E+00   0.331885E+03   0.576720E+02
       480  04-07-12 11:00   0.597294E+00   0.342063E+00   0.253224E+00   0.344497E+03   0.582631E+02
       481  04-07-12 11:30   0.609060E+00   0.337581E+00   0.253844E+00   0.353536E+03   0.586669E+02
       482  04-07-12 12:00   0.620371E+00   0.337948E+00   0.257200E+00   0.357217E+03   0.588270E+02
       483  04-07-12 12:30   0.598286E+00   0.353171E+00   0.265830E+00   0.341154E+03   0.581097E+02
       484  04-07-12 13:00   0.521577E+00   0.329006E+00   0.245509E+00   0.358387E+03   0.588774E+02
       485  04-07-12 13:30   0.481992E+00   0.302521E+00   0.225847E+00   0.383964E+03   0.599240E+02
       486  04-07-12 14:00   0.502685E+00   0.280144E+00   0.200445E+00   0.392598E+03   0.602559E+02
       487  04-07-12 14:30   0.484827E+00   0.257180E+00   0.181626E+00   0.416166E+03   0.611150E+02
       488  04-07-12 15:00   0.439961E+00   0.222747E+00   0.148134E+00   0.440562E+03   0.619416E+02
       489  04-07-12 15:30   0.440638E+00   0.216859E+00   0.138236E+00   0.428108E+03   0.615269E+02
       490  04-07-12 16:00   0.471979E+00   0.201256E+00   0.115562E+00   0.390173E+03   0.601637E+02
       491  04-07-12 16:30   0.487754E+00   0.203632E+00   0.110252E+00   0.345382E+03   0.583033E+02
       492  04-07-12 17:00   0.410985E+00   0.189144E+00   0.940553E-01   0.292674E+03   0.555709E+02
       493  04-07-12 17:30   0.241338E+00   0.188226E+00   0.905594E-01   0.262045E+03   0.535116E+02
       494  04-07-12 18:00   0.963249E-01   0.162551E+00   0.781187E-01   0.246487E+03   0.522276E+02
       495  04-07-12 18:30   0.100000E-02   0.100000E-02   0.100000E-02   0.199941E+03   0.436194E+02
       496  04-07-12 19:00   0.100000E-02   0.100000E-02   0.100000E-02   0.200234E+03   0.424980E+02
       497  04-07-12 19:30   0.100000E-02   0.100000E-02   0.100000E-02   0.200759E+03   0.420238E+02
       498  04-07-12 20:00   0.100000E-02   0.100000E-02   0.100000E-02   0.202807E+03   0.409543E+02
       499  04-07-12 20:30   0.100000E-02   0.100000E-02   0.100000E-02   0.203990E+03   0.405174E+02
       500  04-07-12 21:00   0.100000E-02   0.100000E-02   0.100000E-02   0.207262E+03   0.395663E+02
       501  04-07-12 21:30   0.100000E-02   0.100000E-02   0.100000E-02   0.208813E+03   0.391922E+02
       502  04-07-12 22:00   0.100000E-02   0.100000E-02   0.100000E-02   0.212538E+03   0.384119E+02
       503  04-07-12 22:30   0.100000E-02   0.100000E-02   0.100000E-02   0.214103E+03   0.381200E+02
       504  04-07-12 23:00   0.100000E-02   0.100000E-02   0.100000E-02   0.217446E+03   0.375487E+02
       505  04-07-12 23:30   0.100000E-02   0.100000E-02   0.100000E-02   0.218679E+03   0.373526E+02
       506  05-07-12 00:00   0.100000E-02   0.100000E-02   0.100000E-02   0.220903E+03   0.370156E+02
       507  05-07-12 00:30   0.100000E-02   0.100000E-02   0.100000E-02   0.221534E+03   0.369236E+02
       508  05-07-12 01:00   0.100000E-02   0.100000E-02   0.100000E-02   0.222152E+03   0.368349E+02
       509  05-07-12 01:30   0.100000E-02   0.100000E-02   0.100000E-02   0.222041E+03   0.368506E+02
       510  05-07-12 02:00   0.100000E-02   0.100000E-02   0.100000E-02   0.220917E+03   0.370137E+02
       511  05-07-12 02:30   0.100000E-02   0.100000E-02   0.100000E-02   0.220090E+03   0.371365E+02
       512  05-07-12 03:00   0.100000E-02   0.100000E-02   0.100000E-02   0.217470E+03   0.375447E+02
       513  05-07-12 03:30   0.100000E-02   0.100000E-02   0.100000E-02   0.216109E+03   0.377695E+02
       514  05-07-12 04:00   0.100000E-02   0.100000E-02   0.100000E-02   0.212570E+03   0.384057E+02
       515  05-07-12 04:30   0.100000E-02   0.100000E-02   0.100000E-02   0.210973E+03   0.387228E+02
       516  05-07-12 05:00   0.100000E-02   0.100000E-02   0.100000E-02   0.207295E+03   0.395579E+02
       517  05-07-12 05:30   0.268195E+00   0.176911E+00   0.792099E-01   0.199889E+03   0.433271E+02
       518  05-07-12 06:00   0.451702E+00   0.211348E+00   0.930809E-01   0.201007E+03   0.447473E+02
       519  05-07-12 06:30   0.597131E+00   0.214987E+00   0.959815E-01   0.206161E+03   0.466913E+02
       520  05-07-12 07:00   0.699436E+00   0.248237E+00   0.114036E+00   0.213755E+03   0.482977E+02
       521  05-07-12 07:30   0.770557E+00   0.259023E+00   0.122731E+00   0.221648E+03   0.495145E+02
       522  05-07-12 08:00   0.799346E+00   0.296772E+00   0.153468E+00   0.236027E+03   0.512188E+02
       523  05-07-12 08:30   0.780362E+00   0.294796E+00   0.161055E+00   0.259442E+03   0.533109E+02
       524  05-07-12 09:00   0.727193E+00   0.313821E+00   0.190848E+00   0.291030E+03   0.554718E+02
       525  05-07-12 09:30   0.683906E+00   0.306992E+00   0.196485E+00   0.318579E+03   0.570086E+02
       526  05-07-12 10:00   0.663902E+00   0.324579E+00   0.224356E+00   0.334326E+03   0.577891E+02
       527  05-07-12 10:30   0.668461E+00   0.333025E+00   0.235813E+00   0.336209E+03   0.578785E+02
       528  05-07-12 11:00   0.639906E+00   0.335854E+00   0.249383E+00   0.350732E+03   0.585433E+02
       529  05-07-12 11:30   0.609774E+00   0.324993E+00   0.246128E+00   0.367037E+03   0.592428E+02
       530  05-07-12 12:00   0.560169E+00   0.303266E+00   0.235882E+00   0.397249E+03   0.604307E+02
       531  05-07-12 12:30   0.482522E+00   0.264668E+00   0.211547E+00   0.452461E+03   0.623245E+02
       532  05-07-12 13:00   0.454540E+00   0.247678E+00   0.196688E+00   0.474971E+03   0.630172E+02
       533  05-07-12 13:30   0.467103E+00   0.252455E+00   0.196311E+00   0.460470E+03   0.625756E+02
       534  05-07-12 14:00   0.490579E+00   0.253915E+00   0.185982E+00   0.435758E+03   0.617833E+02
       535  05-07-12 14:30   0.512858E+00   0.260731E+00   0.183324E+00   0.409541E+03   0.608800E+02
       536  05-07-12 15:00   0.551431E+00   0.258373E+00   0.164648E+00   0.367684E+03   0.592696E+02
       537  05-07-12 15:30   0.609926E+00   0.280031E+00   0.166160E+00   0.309487E+03   0.565283E+02
       538  05-07-12 16:00   0.497962E+00   0.265252E+00   0.140517E+00   0.267619E+03   0.539252E+02
       539  05-07-12 16:30   0.218064E+00   0.245614E+00   0.125723E+00   0.265877E+03   0.537982E+02
       540  05-07-12 17:00   0.171952E+00   0.200720E+00   0.977895E-01   0.268058E+03   0.539569E+02
       541  05-07-12 17:30   0.198585E+00   0.200105E+00   0.943096E-01   0.241648E+03   0.517788E+02
       542  05-07-12 18:00   0.143056E+00   0.179747E+00   0.832661E-01   0.219576E+03   0.492221E+02
       543  05-07-12 18:30   0.100000E-02   0.100000E-02   0.100000E-02   0.199932E+03   0.435910E+02
       544  05-07-12 19:00   0.100000E-02   0.100000E-02   0.100000E-02   0.200259E+03   0.424703E+02
       545  05-07-12 19:30   0.100000E-02   0.100000E-02   0.100000E-02   0.200796E+03   0.419963E+02
       546  05-07-12 20:00   0.100000E-02   0.100000E-02   0.100000E-02   0.202874E+03   0.409276E+02
       547  05-07-12 20:30   0.100000E-02   0.100000E-02   0.100000E-02   0.204068E+03   0.404909E+02
       548  05-07-12 21:00   0.100000E-02   0.100000E-02   0.100000E-02   0.207364E+03   0.395404E+02
       549  05-07-12 21:30   0.100000E-02   0.100000E-02   0.100000E-02   0.208925E+03   0.391665E+02
       550  05-07-12 22:00   0.100000E-02   0.100000E-02   0.100000E-02   0.212669E+03   0.383866E+02
       551  05-07-12 22:30   0.100000E-02   0.100000E-02   0.100000E-02   0.214242E+03   0.380949E+02
       552  05-07-12 23:00   0.100000E-02   0.100000E-02   0.100000E-02   0.217599E+03   0.375239E+02
       553  05-07-12 23:30   0.100000E-02   0.100000E-02   0.100000E-02   0.218837E+03   0.373279E+02
       554  06-07-12 00:00   0.100000E-02   0.100000E-02   0.100000E-02   0.221070E+03   0.369911E+02
       555  06-07-12 00:30   0.100000E-02   0.100000E-02   0.100000E-02   0.221704E+03   0.368991E+02
       556  06-07-12 01:00   0.100000E-02   0.100000E-02   0.100000E-02   0.222324E+03   0.368104E+02
       557  06-07-12 01:30   0.100000E-02   0.100000E-02   0.100000E-02   0.222213E+03   0.368261E+02
       558  06-07-12 02:00   0.100000E-02   0.100000E-02   0.100000E-02   0.221085E+03   0.369890E+02
       559  06-07-12 02:30   0.100000E-02   0.100000E-02   0.100000E-02   0.220255E+03   0.371117E+02
       560  06-07-12 03:00   0.100000E-02   0.100000E-02   0.100000E-02   0.217626E+03   0.375196E+02
       561  06-07-12 03:30   0.100000E-02   0.100000E-02   0.100000E-02   0.216259E+03   0.377443E+02
       562  06-07-12 04:00   0.100000E-02   0.100000E-02   0.100000E-02   0.212704E+03   0.383800E+02
       563  06-07-12 04:30   0.100000E-02   0.100000E-02   0.100000E-02   0.211100E+03   0.386968E+02
       564  06-07-12 05:00   0.141433E+00   0.140018E+00   0.673870E-01   0.199893E+03   0.432175E+02
       565  06-07-12 05:30   0.277449E+00   0.172953E+00   0.780194E-01   0.200028E+03   0.438166E+02
       566  06-07-12 06:00   0.362978E+00   0.210184E+00   0.926799E-01   0.201156E+03   0.448400E+02
       567  06-07-12 06:30   0.359007E+00   0.217126E+00   0.966280E-01   0.205023E+03   0.463735E+02
       568  06-07-12 07:00   0.380262E+00   0.250345E+00   0.114692E+00   0.212252E+03   0.480265E+02
       569  06-07-12 07:30   0.493700E+00   0.271490E+00   0.127228E+00   0.213437E+03   0.482417E+02
       570  06-07-12 08:00   0.595906E+00   0.325813E+00   0.165567E+00   0.217149E+03   0.488575E+02
       571  06-07-12 08:30   0.549048E+00   0.323941E+00   0.173600E+00   0.234313E+03   0.510383E+02
       572  06-07-12 09:00   0.665585E+00   0.354488E+00   0.210307E+00   0.253612E+03   0.528422E+02
       573  06-07-12 09:30   0.769421E+00   0.349613E+00   0.217555E+00   0.274405E+03   0.544026E+02
       574  06-07-12 10:00   0.751516E+00   0.367587E+00   0.247490E+00   0.291880E+03   0.555232E+02
       575  06-07-12 10:30   0.705054E+00   0.355524E+00   0.248166E+00   0.313337E+03   0.567346E+02
       576  06-07-12 11:00   0.657626E+00   0.347057E+00   0.255780E+00   0.338930E+03   0.580064E+02
       577  06-07-12 11:30   0.601353E+00   0.321420E+00   0.243802E+00   0.370867E+03   0.594007E+02
       578  06-07-12 12:00   0.593536E+00   0.320743E+00   0.246382E+00   0.375717E+03   0.595974E+02
       579  06-07-12 12:30   0.733101E+00   0.387417E+00   0.286098E+00   0.310545E+03   0.565854E+02
       580  06-07-12 13:00   0.915357E+00   0.508716E+00   0.352389E+00   0.233702E+03   0.509728E+02
       581  06-07-12 13:30   0.490743E+00   0.653177E+00   0.439958E+00   0.200842E+03   0.446369E+02
       582  06-07-12 14:00   0.100000E-02   0.100000E-02   0.100000E-02   0.216324E+03   0.487273E+02
       583  06-07-12 14:30   0.100000E-02   0.100000E-02   0.100000E-02   0.215325E+03   0.485648E+02
       584  06-07-12 15:00   0.196724E+00   0.667148E+00   0.386019E+00   0.215554E+03   0.378641E+02
       585  06-07-12 15:30   0.236592E+00   0.582194E+00   0.320560E+00   0.208074E+03   0.393660E+02
       586  06-07-12 16:00   0.150565E+00   0.463050E+00   0.228295E+00   0.204684E+03   0.402904E+02
       587  06-07-12 16:30   0.336424E+00   0.416131E+00   0.196269E+00   0.203483E+03   0.406957E+02
       588  06-07-12 17:00   0.394822E+00   0.324811E+00   0.141831E+00   0.201674E+03   0.414678E+02
       589  06-07-12 17:30   0.357809E+00   0.289753E+00   0.124695E+00   0.200766E+03   0.420183E+02
       590  06-07-12 18:00   0.293221E+00   0.240554E+00   0.102345E+00   0.201789E+03   0.414092E+02
       591  06-07-12 18:30   0.145079E+00   0.243803E+00   0.101800E+00   0.204413E+03   0.403769E+02
       592  06-07-12 19:00   0.100000E-02   0.100000E-02   0.100000E-02   0.200285E+03   0.424406E+02
       593  06-07-12 19:30   0.100000E-02   0.100000E-02   0.100000E-02   0.200837E+03   0.419669E+02
       594  06-07-12 20:00   0.100000E-02   0.100000E-02   0.100000E-02   0.202946E+03   0.408988E+02
       595  06-07-12 20:30   0.100000E-02   0.100000E-02   0.100000E-02   0.204153E+03   0.404625E+02
       596  06-07-12 21:00   0.100000E-02   0.100000E-02   0.100000E-02   0.207475E+03   0.395125E+02
       597  06-07-12 21:30   0.100000E-02   0.100000E-02   0.100000E-02   0.209046E+03   0.391389E+02
       598  06-07-12 22:00   0.100000E-02   0.100000E-02   0.100000E-02   0.212811E+03   0.383595E+02
       599  06-07-12 22:30   0.100000E-02   0.100000E-02   0.100000E-02   0.214392E+03   0.380680E+02
       600  06-07-12 23:00   0.100000E-02   0.100000E-02   0.100000E-02   0.217764E+03   0.374973E+02
       601  06-07-12 23:30   0.100000E-02   0.100000E-02   0.100000E-02   0.219008E+03   0.373014E+02
       602  07-07-12 00:00   0.100000E-02   0.100000E-02   0.100000E-02   0.221250E+03   0.369649E+02
       603  07-07-12 00:30   0.100000E-02   0.100000E-02   0.100000E-02   0.221886E+03   0.368729E+02
       604  07-07-12 01:00   0.100000E-02   0.100000E-02   0.100000E-02   0.222509E+03   0.367843E+02
       605  07-07-12 01:30   0.100000E-02   0.100000E-02   0.100000E-02   0.222398E+03   0.367999E+02
       606  07-07-12 02:00   0.100000E-02   0.100000E-02   0.100000E-02   0.221265E+03   0.369626E+02
       607  07-07-12 02:30   0.100000E-02   0.100000E-02   0.100000E-02   0.220433E+03   0.370852E+02
       608  07-07-12 03:00   0.100000E-02   0.100000E-02   0.100000E-02   0.217793E+03   0.374927E+02
       609  07-07-12 03:30   0.100000E-02   0.100000E-02   0.100000E-02   0.216421E+03   0.377172E+02
       610  07-07-12 04:00   0.100000E-02   0.100000E-02   0.100000E-02   0.212849E+03   0.383525E+02
       611  07-07-12 04:30   0.100000E-02   0.100000E-02   0.100000E-02   0.211236E+03   0.386691E+02
       612  07-07-12 05:00   0.100000E-02   0.100000E-02   0.100000E-02   0.207514E+03   0.395029E+02
       613  07-07-12 05:30   0.300611E+00   0.206263E+00   0.877921E-01   0.208267E+03   0.393198E+02
       614  07-07-12 06:00   0.499756E+00   0.244310E+00   0.103538E+00   0.202655E+03   0.410167E+02
       615  07-07-12 06:30   0.676420E+00   0.248054E+00   0.106683E+00   0.199990E+03   0.428690E+02
       616  07-07-12 07:00   0.809470E+00   0.286695E+00   0.127629E+00   0.200612E+03   0.444662E+02
       617  07-07-12 07:30   0.900885E+00   0.299091E+00   0.137523E+00   0.202990E+03   0.456971E+02
       618  07-07-12 08:00   0.938470E+00   0.346021E+00   0.174133E+00   0.208686E+03   0.473033E+02
       619  07-07-12 08:30   0.955280E+00   0.355522E+00   0.187598E+00   0.216312E+03   0.487253E+02
       620  07-07-12 09:00   0.969242E+00   0.406637E+00   0.236192E+00   0.222821E+03   0.496734E+02
       621  07-07-12 09:30   0.963572E+00   0.415792E+00   0.251444E+00   0.230411E+03   0.506079E+02
       622  07-07-12 10:00   0.937077E+00   0.442724E+00   0.288928E+00   0.241673E+03   0.517812E+02
       623  07-07-12 10:30   0.900830E+00   0.433792E+00   0.292151E+00   0.255149E+03   0.529686E+02
       624  07-07-12 11:00   0.861270E+00   0.437130E+00   0.308724E+00   0.268282E+03   0.539731E+02
       625  07-07-12 11:30   0.835506E+00   0.437674E+00   0.313089E+00   0.271941E+03   0.542323E+02
       626  07-07-12 12:00   0.816394E+00   0.431129E+00   0.313012E+00   0.279794E+03   0.547636E+02
       627  07-07-12 12:30   0.763774E+00   0.398992E+00   0.292847E+00   0.301297E+03   0.560741E+02
       628  07-07-12 13:00   0.657239E+00   0.345330E+00   0.254531E+00   0.340348E+03   0.580724E+02
       629  07-07-12 13:30   0.596867E+00   0.315058E+00   0.232554E+00   0.367426E+03   0.592589E+02
       630  07-07-12 14:00   0.572868E+00   0.288899E+00   0.204636E+00   0.378681E+03   0.597159E+02
       631  07-07-12 14:30   0.578260E+00   0.286496E+00   0.196378E+00   0.367916E+03   0.592792E+02
       632  07-07-12 15:00   0.573348E+00   0.263171E+00   0.166518E+00   0.358441E+03   0.588797E+02
       633  07-07-12 15:30   0.531391E+00   0.242531E+00   0.149094E+00   0.369774E+03   0.593559E+02
       634  07-07-12 16:00   0.502566E+00   0.211549E+00   0.119115E+00   0.361308E+03   0.590022E+02
       635  07-07-12 16:30   0.477275E+00   0.207057E+00   0.111139E+00   0.334757E+03   0.578096E+02
       636  07-07-12 17:00   0.457978E+00   0.195773E+00   0.959990E-01   0.276230E+03   0.545265E+02
       637  07-07-12 17:30   0.370228E+00   0.201786E+00   0.947298E-01   0.238265E+03   0.514473E+02
       638  07-07-12 18:00   0.222316E+00   0.178174E+00   0.827199E-01   0.220508E+03   0.493556E+02
       639  07-07-12 18:30   0.100000E-02   0.100000E-02   0.100000E-02   0.199915E+03   0.435281E+02
       640  07-07-12 19:00   0.100000E-02   0.100000E-02   0.100000E-02   0.200315E+03   0.424089E+02
       641  07-07-12 19:30   0.100000E-02   0.100000E-02   0.100000E-02   0.200882E+03   0.419355E+02
       642  07-07-12 20:00   0.100000E-02   0.100000E-02   0.100000E-02   0.203025E+03   0.408682E+02
       643  07-07-12 20:30   0.100000E-02   0.100000E-02   0.100000E-02   0.204244E+03   0.404321E+02
       644  07-07-12 21:00   0.100000E-02   0.100000E-02   0.100000E-02   0.207595E+03   0.394829E+02
       645  07-07-12 21:30   0.100000E-02   0.100000E-02   0.100000E-02   0.209176E+03   0.391095E+02
       646  07-07-12 22:00   0.100000E-02   0.100000E-02   0.100000E-02   0.212964E+03   0.383306E+02
       647  07-07-12 22:30   0.100000E-02   0.100000E-02   0.100000E-02   0.214553E+03   0.380393E+02
       648  07-07-12 23:00   0.100000E-02   0.100000E-02   0.100000E-02   0.217941E+03   0.374690E+02
       649  07-07-12 23:30   0.100000E-02   0.100000E-02   0.100000E-02   0.219191E+03   0.372733E+02
       650  08-07-12 00:00   0.100000E-02   0.100000E-02   0.100000E-02   0.221442E+03   0.369369E+02
       651  08-07-12 00:30   0.100000E-02   0.100000E-02   0.100000E-02   0.222081E+03   0.368450E+02
       652  08-07-12 01:00   0.100000E-02   0.100000E-02   0.100000E-02   0.222706E+03   0.367564E+02
       653  08-07-12 01:30   0.100000E-02   0.100000E-02   0.100000E-02   0.222596E+03   0.367720E+02
       654  08-07-12 02:00   0.100000E-02   0.100000E-02   0.100000E-02   0.221459E+03   0.369345E+02
       655  08-07-12 02:30   0.100000E-02   0.100000E-02   0.100000E-02   0.220623E+03   0.370570E+02
       656  08-07-12 03:00   0.100000E-02   0.100000E-02   0.100000E-02   0.217972E+03   0.374642E+02
       657  08-07-12 03:30   0.100000E-02   0.100000E-02   0.100000E-02   0.216593E+03   0.376885E+02
       658  08-07-12 04:00   0.100000E-02   0.100000E-02   0.100000E-02   0.213003E+03   0.383231E+02
       659  08-07-12 04:30   0.100000E-02   0.100000E-02   0.100000E-02   0.211382E+03   0.386395E+02
       660  08-07-12 05:00   0.100000E-02   0.100000E-02   0.100000E-02   0.207636E+03   0.394726E+02
       661  08-07-12 05:30   0.251239E+00   0.180052E+00   0.800099E-01   0.200250E+03   0.424800E+02
       662  08-07-12 06:00   0.446473E+00   0.219550E+00   0.955625E-01   0.199930E+03   0.435830E+02
       663  08-07-12 06:30   0.622863E+00   0.230256E+00   0.100787E+00   0.200945E+03   0.447066E+02
       664  08-07-12 07:00   0.742404E+00   0.265342E+00   0.119817E+00   0.205096E+03   0.463949E+02
       665  08-07-12 07:30   0.795068E+00   0.267434E+00   0.125481E+00   0.215122E+03   0.485311E+02
       666  08-07-12 08:00   0.788094E+00   0.293458E+00   0.151575E+00   0.237431E+03   0.513630E+02
       667  08-07-12 08:30   0.736890E+00   0.280136E+00   0.154234E+00   0.273976E+03   0.543732E+02
       668  08-07-12 09:00   0.702890E+00   0.303071E+00   0.185098E+00   0.301746E+03   0.560996E+02
       669  08-07-12 09:30   0.666674E+00   0.298466E+00   0.191639E+00   0.327792E+03   0.574726E+02
       670  08-07-12 10:00   0.599893E+00   0.295768E+00   0.208166E+00   0.368792E+03   0.593154E+02
       671  08-07-12 10:30   0.581489E+00   0.293345E+00   0.213054E+00   0.383565E+03   0.599084E+02
       672  08-07-12 11:00   0.600937E+00   0.313934E+00   0.235855E+00   0.374729E+03   0.595576E+02
       673  08-07-12 11:30   0.595111E+00   0.313841E+00   0.238856E+00   0.379254E+03   0.597386E+02
       674  08-07-12 12:00   0.541930E+00   0.291929E+00   0.228389E+00   0.411538E+03   0.609513E+02
       675  08-07-12 12:30   0.473303E+00   0.258088E+00   0.206973E+00   0.462750E+03   0.626461E+02
       676  08-07-12 13:00   0.431923E+00   0.234353E+00   0.188063E+00   0.500193E+03   0.637492E+02
       677  08-07-12 13:30   0.405295E+00   0.220038E+00   0.176372E+00   0.525859E+03   0.644523E+02
       678  08-07-12 14:00   0.410291E+00   0.215475E+00   0.164219E+00   0.515964E+03   0.641859E+02
       679  08-07-12 14:30   0.465031E+00   0.236819E+00   0.170241E+00   0.453784E+03   0.623664E+02
       680  08-07-12 15:00   0.439657E+00   0.210726E+00   0.141853E+00   0.468366E+03   0.628181E+02
       681  08-07-12 15:30   0.408420E+00   0.195101E+00   0.127994E+00   0.485824E+03   0.633375E+02
       682  08-07-12 16:00   0.420262E+00   0.183310E+00   0.108184E+00   0.442023E+03   0.619892E+02
       683  08-07-12 16:30   0.400268E+00   0.179266E+00   0.100993E+00   0.413826E+03   0.610325E+02
       684  08-07-12 17:00   0.372816E+00   0.167691E+00   0.868509E-01   0.350383E+03   0.585278E+02
       685  08-07-12 17:30   0.311699E+00   0.177864E+00   0.870571E-01   0.281538E+03   0.548773E+02
       686  08-07-12 18:00   0.192972E+00   0.161080E+00   0.775500E-01   0.246831E+03   0.522585E+02
       687  08-07-12 18:30   0.100000E-02   0.100000E-02   0.100000E-02   0.199907E+03   0.434936E+02
       688  08-07-12 19:00   0.100000E-02   0.100000E-02   0.100000E-02   0.200347E+03   0.423752E+02
       689  08-07-12 19:30   0.100000E-02   0.100000E-02   0.100000E-02   0.200931E+03   0.419022E+02
       690  08-07-12 20:00   0.100000E-02   0.100000E-02   0.100000E-02   0.203109E+03   0.408357E+02
       691  08-07-12 20:30   0.100000E-02   0.100000E-02   0.100000E-02   0.204342E+03   0.403999E+02
       692  08-07-12 21:00   0.100000E-02   0.100000E-02   0.100000E-02   0.207722E+03   0.394514E+02
       693  08-07-12 21:30   0.100000E-02   0.100000E-02   0.100000E-02   0.209315E+03   0.390783E+02
       694  08-07-12 22:00   0.100000E-02   0.100000E-02   0.100000E-02   0.213126E+03   0.383000E+02
       695  08-07-12 22:30   0.100000E-02   0.100000E-02   0.100000E-02   0.214724E+03   0.380088E+02
       696  08-07-12 23:00   0.100000E-02   0.100000E-02   0.100000E-02   0.218130E+03   0.374390E+02
       697  08-07-12 23:30   0.100000E-02   0.100000E-02   0.100000E-02   0.219385E+03   0.372434E+02
       698  09-07-12 00:00   0.100000E-02   0.100000E-02   0.100000E-02   0.221647E+03   0.369073E+02
       699  09-07-12 00:30   0.100000E-02   0.100000E-02   0.100000E-02   0.222289E+03   0.368154E+02
       700  09-07-12 01:00   0.100000E-02   0.100000E-02   0.100000E-02   0.222917E+03   0.367268E+02
       701  09-07-12 01:30   0.100000E-02   0.100000E-02   0.100000E-02   0.222806E+03   0.367423E+02
       702  09-07-12 02:00   0.100000E-02   0.100000E-02   0.100000E-02   0.221665E+03   0.369047E+02
       703  09-07-12 02:30   0.100000E-02   0.100000E-02   0.100000E-02   0.220826E+03   0.370270E+02
       704  09-07-12 03:00   0.100000E-02   0.100000E-02   0.100000E-02   0.218162E+03   0.374338E+02
       705  09-07-12 03:30   0.100000E-02   0.100000E-02   0.100000E-02   0.216778E+03   0.376579E+02
       706  09-07-12 04:00   0.100000E-02   0.100000E-02   0.100000E-02   0.213169E+03   0.382921E+02
       707  09-07-12 04:30   0.100000E-02   0.100000E-02   0.100000E-02   0.211538E+03   0.386081E+02
       708  09-07-12 05:00   0.100000E-02   0.100000E-02   0.100000E-02   0.207767E+03   0.394405E+02
       709  09-07-12 05:30   0.236769E+00   0.166239E+00   0.759521E-01   0.200631E+03   0.444810E+02
       710  09-07-12 06:00   0.396385E+00   0.196361E+00   0.882461E-01   0.205452E+03   0.464973E+02
       711  09-07-12 06:30   0.538294E+00   0.204109E+00   0.923328E-01   0.211552E+03   0.478942E+02
       712  09-07-12 07:00   0.663219E+00   0.240058E+00   0.110813E+00   0.217947E+03   0.489802E+02
       713  09-07-12 07:30   0.739118E+00   0.251158E+00   0.119392E+00   0.226278E+03   0.501174E+02
       714  09-07-12 08:00   0.771447E+00   0.291842E+00   0.150713E+00   0.238283E+03   0.514491E+02
       715  09-07-12 08:30   0.789587E+00   0.302186E+00   0.163463E+00   0.250345E+03   0.525667E+02
       716  09-07-12 09:00   0.800587E+00   0.342764E+00   0.203858E+00   0.261569E+03   0.534752E+02
       717  09-07-12 09:30   0.776389E+00   0.340938E+00   0.212454E+00   0.280809E+03   0.548299E+02
       718  09-07-12 10:00   0.754197E+00   0.360730E+00   0.242997E+00   0.296689E+03   0.558086E+02
       719  09-07-12 10:30   0.727951E+00   0.356208E+00   0.247811E+00   0.311627E+03   0.566435E+02
       720  09-07-12 11:00   0.668108E+00   0.345265E+00   0.254038E+00   0.339800E+03   0.580469E+02
       721  09-07-12 11:30   0.629387E+00   0.330313E+00   0.248478E+00   0.359974E+03   0.589454E+02
       722  09-07-12 12:00   0.591907E+00   0.316553E+00   0.243218E+00   0.379796E+03   0.597601E+02
       723  09-07-12 12:30   0.551228E+00   0.297058E+00   0.230819E+00   0.403573E+03   0.606640E+02
       724  09-07-12 13:00   0.514834E+00   0.275584E+00   0.212875E+00   0.426690E+03   0.614788E+02
       725  09-07-12 13:30   0.473869E+00   0.255102E+00   0.197206E+00   0.454507E+03   0.623892E+02
       726  09-07-12 14:00   0.467399E+00   0.243031E+00   0.179301E+00   0.454806E+03   0.623986E+02
       727  09-07-12 14:30   0.482555E+00   0.244965E+00   0.174319E+00   0.436822E+03   0.618186E+02
       728  09-07-12 15:00   0.420906E+00   0.203414E+00   0.138241E+00   0.487718E+03   0.633926E+02
       729  09-07-12 15:30   0.352693E+00   0.172593E+00   0.117805E+00   0.563651E+03   0.654215E+02
       730  09-07-12 16:00   0.358126E+00   0.160977E+00   0.995644E-01   0.529654E+03   0.645530E+02
       731  09-07-12 16:30   0.360705E+00   0.163053E+00   0.950978E-01   0.475958E+03   0.630467E+02
       732  09-07-12 17:00   0.352467E+00   0.157384E+00   0.835178E-01   0.388419E+03   0.600965E+02
       733  09-07-12 17:30   0.305620E+00   0.171033E+00   0.848643E-01   0.298233E+03   0.558984E+02
       734  09-07-12 18:00   0.195235E+00   0.157143E+00   0.763471E-01   0.254655E+03   0.529282E+02
       735  09-07-12 18:30   0.100000E-02   0.100000E-02   0.100000E-02   0.199901E+03   0.434571E+02
       736  09-07-12 19:00   0.100000E-02   0.100000E-02   0.100000E-02   0.200383E+03   0.423396E+02
       737  09-07-12 19:30   0.100000E-02   0.100000E-02   0.100000E-02   0.200984E+03   0.418670E+02
       738  09-07-12 20:00   0.100000E-02   0.100000E-02   0.100000E-02   0.203199E+03   0.408013E+02
       739  09-07-12 20:30   0.100000E-02   0.100000E-02   0.100000E-02   0.204447E+03   0.403659E+02
       740  09-07-12 21:00   0.100000E-02   0.100000E-02   0.100000E-02   0.207858E+03   0.394181E+02
       741  09-07-12 21:30   0.100000E-02   0.100000E-02   0.100000E-02   0.209464E+03   0.390452E+02
       742  09-07-12 22:00   0.100000E-02   0.100000E-02   0.100000E-02   0.213300E+03   0.382676E+02
       743  09-07-12 22:30   0.100000E-02   0.100000E-02   0.100000E-02   0.214907E+03   0.379766E+02
       744  09-07-12 23:00   0.100000E-02   0.100000E-02   0.100000E-02   0.218330E+03   0.374073E+02
       745  09-07-12 23:30   0.100000E-02   0.100000E-02   0.100000E-02   0.219592E+03   0.372117E+02
       746  10-07-12 00:00   0.100000E-02   0.100000E-02   0.100000E-02   0.221865E+03   0.368759E+02
       747  10-07-12 00:30   0.100000E-02   0.100000E-02   0.100000E-02   0.222510E+03   0.367840E+02
       748  10-07-12 01:00   0.100000E-02   0.100000E-02   0.100000E-02   0.223142E+03   0.366955E+02
       749  10-07-12 01:30   0.100000E-02   0.100000E-02   0.100000E-02   0.223030E+03   0.367110E+02
       750  10-07-12 02:00   0.100000E-02   0.100000E-02   0.100000E-02   0.221884E+03   0.368732E+02
       751  10-07-12 02:30   0.100000E-02   0.100000E-02   0.100000E-02   0.221041E+03   0.369954E+02
       752  10-07-12 03:00   0.100000E-02   0.100000E-02   0.100000E-02   0.218365E+03   0.374018E+02
       753  10-07-12 03:30   0.100000E-02   0.100000E-02   0.100000E-02   0.216973E+03   0.376256E+02
       754  10-07-12 04:00   0.100000E-02   0.100000E-02   0.100000E-02   0.213345E+03   0.382592E+02
       755  10-07-12 04:30   0.100000E-02   0.100000E-02   0.100000E-02   0.211704E+03   0.385749E+02
       756  10-07-12 05:00   0.100000E-02   0.100000E-02   0.100000E-02   0.207906E+03   0.394066E+02
       757  10-07-12 05:30   0.215547E+00   0.147973E+00   0.706825E-01   0.210671E+03   0.477215E+02
       758  10-07-12 06:00   0.369968E+00   0.178643E+00   0.827661E-01   0.218776E+03   0.491046E+02
       759  10-07-12 06:30   0.464403E+00   0.188336E+00   0.873333E-01   0.226066E+03   0.500911E+02
       760  10-07-12 07:00   0.549507E+00   0.217514E+00   0.103000E+00   0.239451E+03   0.515654E+02
       761  10-07-12 07:30   0.650418E+00   0.228049E+00   0.111002E+00   0.250537E+03   0.525831E+02
       762  10-07-12 08:00   0.703077E+00   0.269622E+00   0.141457E+00   0.259632E+03   0.533258E+02
       763  10-07-12 08:30   0.695656E+00   0.277847E+00   0.152843E+00   0.275439E+03   0.544730E+02
       764  10-07-12 09:00   0.665716E+00   0.310746E+00   0.188241E+00   0.291825E+03   0.555199E+02
       765  10-07-12 09:30   0.694928E+00   0.320644E+00   0.202082E+00   0.300536E+03   0.560308E+02
       766  10-07-12 10:00   0.730262E+00   0.353701E+00   0.238904E+00   0.302618E+03   0.561489E+02
       767  10-07-12 10:30   0.703276E+00   0.349624E+00   0.243869E+00   0.317464E+03   0.569510E+02
       768  10-07-12 11:00   0.636853E+00   0.334220E+00   0.247307E+00   0.350931E+03   0.585521E+02
       769  10-07-12 11:30   0.564866E+00   0.289656E+00   0.223882E+00   0.410070E+03   0.608989E+02
       770  10-07-12 12:00   0.543276E+00   0.282878E+00   0.222421E+00   0.423747E+03   0.613782E+02
       771  10-07-12 12:30   0.511195E+00   0.268181E+00   0.212879E+00   0.445463E+03   0.621008E+02
       772  10-07-12 13:00   0.493148E+00   0.256071E+00   0.200953E+00   0.458388E+03   0.625108E+02
       773  10-07-12 13:30   0.491450E+00   0.252219E+00   0.195306E+00   0.459323E+03   0.625399E+02
       774  10-07-12 14:00   0.504573E+00   0.246345E+00   0.180908E+00   0.447881E+03   0.621786E+02
       775  10-07-12 14:30   0.522454E+00   0.246168E+00   0.174735E+00   0.433949E+03   0.617232E+02
       776  10-07-12 15:00   0.536247E+00   0.229885E+00   0.150399E+00   0.420552E+03   0.612680E+02
       777  10-07-12 15:30   0.550119E+00   0.223200E+00   0.139993E+00   0.408722E+03   0.608506E+02
       778  10-07-12 16:00   0.573835E+00   0.201690E+00   0.114860E+00   0.383820E+03   0.599183E+02
       779  10-07-12 16:30   0.592582E+00   0.193899E+00   0.105955E+00   0.365855E+03   0.591936E+02
       780  10-07-12 17:00   0.643435E+00   0.179109E+00   0.903212E-01   0.312984E+03   0.567158E+02
       781  10-07-12 17:30   0.713992E+00   0.184110E+00   0.888817E-01   0.266022E+03   0.538088E+02
       782  10-07-12 18:00   0.665113E+00   0.167046E+00   0.792493E-01   0.234258E+03   0.510325E+02
       783  10-07-12 18:30   0.635791E+00   0.173786E+00   0.801315E-01   0.217532E+03   0.489167E+02
       784  10-07-12 19:00   0.400278E+00   0.118357E+00   0.613098E-01   0.208296E+03   0.472154E+02
       785  10-07-12 19:30   0.265975E+00   0.836063E-01   0.515068E-01   0.204086E+03   0.460833E+02
       786  10-07-12 20:00   0.100000E-02   0.100000E-02   0.100000E-02   0.203295E+03   0.407650E+02
       787  10-07-12 20:30   0.100000E-02   0.100000E-02   0.100000E-02   0.204559E+03   0.403299E+02
       788  10-07-12 21:00   0.100000E-02   0.100000E-02   0.100000E-02   0.208003E+03   0.393830E+02
       789  10-07-12 21:30   0.100000E-02   0.100000E-02   0.100000E-02   0.209621E+03   0.390104E+02
       790  10-07-12 22:00   0.100000E-02   0.100000E-02   0.100000E-02   0.213483E+03   0.382334E+02
       791  10-07-12 22:30   0.100000E-02   0.100000E-02   0.100000E-02   0.215101E+03   0.379427E+02
       792  10-07-12 23:00   0.100000E-02   0.100000E-02   0.100000E-02   0.218543E+03   0.373738E+02
       793  10-07-12 23:30   0.100000E-02   0.100000E-02   0.100000E-02   0.219812E+03   0.371784E+02
       794  11-07-12 00:00   0.100000E-02   0.100000E-02   0.100000E-02   0.222096E+03   0.368428E+02
       795  11-07-12 00:30   0.100000E-02   0.100000E-02   0.100000E-02   0.222745E+03   0.367510E+02
       796  11-07-12 01:00   0.100000E-02   0.100000E-02   0.100000E-02   0.223379E+03   0.366625E+02
       797  11-07-12 01:30   0.100000E-02   0.100000E-02   0.100000E-02   0.223268E+03   0.366779E+02
       798  11-07-12 02:00   0.100000E-02   0.100000E-02   0.100000E-02   0.222116E+03   0.368400E+02
       799  11-07-12 02:30   0.100000E-02   0.100000E-02   0.100000E-02   0.221270E+03   0.369620E+02
       800  11-07-12 03:00   0.100000E-02   0.100000E-02   0.100000E-02   0.218580E+03   0.373680E+02
       801  11-07-12 03:30   0.100000E-02   0.100000E-02   0.100000E-02   0.217181E+03   0.375916E+02
       802  11-07-12 04:00   0.100000E-02   0.100000E-02   0.100000E-02   0.213531E+03   0.382246E+02
       803  11-07-12 04:30   0.100000E-02   0.100000E-02   0.100000E-02   0.211880E+03   0.385400E+02
       804  11-07-12 05:00   0.471784E+00   0.136869E+00   0.663779E-01   0.200164E+03   0.425847E+02
       805  11-07-12 05:30   0.583077E+00   0.163771E+00   0.751499E-01   0.200733E+03   0.445588E+02
       806  11-07-12 06:00   0.793152E+00   0.194097E+00   0.874592E-01   0.206086E+03   0.466713E+02
       807  11-07-12 06:30   0.823638E+00   0.199905E+00   0.909027E-01   0.213999E+03   0.483403E+02
       808  11-07-12 07:00   0.904339E+00   0.229415E+00   0.106937E+00   0.225901E+03   0.500706E+02
       809  11-07-12 07:30   0.892223E+00   0.237968E+00   0.114382E+00   0.237900E+03   0.514105E+02
       810  11-07-12 08:00   0.894837E+00   0.273629E+00   0.142867E+00   0.254509E+03   0.529162E+02
       811  11-07-12 08:30   0.855420E+00   0.281472E+00   0.154146E+00   0.270447E+03   0.541274E+02
       812  11-07-12 09:00   0.813191E+00   0.309812E+00   0.187528E+00   0.292242E+03   0.555450E+02
       813  11-07-12 09:30   0.765782E+00   0.311029E+00   0.197057E+00   0.310727E+03   0.565952E+02
       814  11-07-12 10:00   0.728599E+00   0.327450E+00   0.224458E+00   0.328654E+03   0.575149E+02
       815  11-07-12 10:30   0.687075E+00   0.321667E+00   0.228070E+00   0.346559E+03   0.583566E+02
       816  11-07-12 11:00   0.633333E+00   0.314761E+00   0.235630E+00   0.372681E+03   0.594747E+02
       817  11-07-12 11:30   0.585095E+00   0.298024E+00   0.228687E+00   0.398309E+03   0.604701E+02
       818  11-07-12 12:00   0.543438E+00   0.282744E+00   0.222122E+00   0.423620E+03   0.613738E+02
       819  11-07-12 12:30   0.511357E+00   0.268068E+00   0.212604E+00   0.445326E+03   0.620964E+02
       820  11-07-12 13:00   0.493308E+00   0.255954E+00   0.200679E+00   0.458242E+03   0.625063E+02
       821  11-07-12 13:30   0.491610E+00   0.252092E+00   0.195024E+00   0.459174E+03   0.625353E+02
       822  11-07-12 14:00   0.498777E+00   0.243872E+00   0.179340E+00   0.452202E+03   0.623163E+02
