Soil NOx emissions calculated according to an implementation of Yienger and Levy 1995
Tsoil, soil wetness, soil NO emission flux and canopy top flux (when) using CRF
Soil NO emission fluxes are calculated for Yienger and Levy emission class: Agric.-land              
Implying a wet soil NO emission factor:   0.36 [ngN m-2 s-1] and a dry soil NO emission factor:   0.36
     istep       ldatltime          Tsoil             ws      NO_slflux      NO_emflux
         # dd-mm-yy hh:min              K              m  molec m-2 s-1 molec. m-2 s-1
         1  24-06-12 11:30   0.300000E+03   0.250000E+00   0.246026E+15   0.246026E+15
         2  24-06-12 12:00   0.300000E+03   0.250000E+00   0.246026E+15   0.246026E+15
         3  24-06-12 12:30   0.300000E+03   0.250000E+00   0.246026E+15   0.246026E+15
         4  24-06-12 13:00   0.300000E+03   0.250000E+00   0.246026E+15   0.246026E+15
         5  24-06-12 13:30   0.300000E+03   0.250000E+00   0.246026E+15   0.246026E+15
         6  24-06-12 14:00   0.300000E+03   0.250000E+00   0.246026E+15   0.246026E+15
         7  24-06-12 14:30   0.300000E+03   0.250000E+00   0.246026E+15   0.246026E+15
         8  24-06-12 15:00   0.300000E+03   0.250000E+00   0.246026E+15   0.246026E+15
         9  24-06-12 15:30   0.300000E+03   0.250000E+00   0.246026E+15   0.246026E+15
        10  24-06-12 16:00   0.300000E+03   0.250000E+00   0.246026E+15   0.246026E+15
        11  24-06-12 16:30   0.300000E+03   0.250000E+00   0.246026E+15   0.246026E+15
        12  24-06-12 17:00   0.300000E+03   0.250000E+00   0.246026E+15   0.246026E+15
        13  24-06-12 17:30   0.300000E+03   0.250000E+00   0.246026E+15   0.246026E+15
        14  24-06-12 18:00   0.300000E+03   0.250000E+00   0.246026E+15   0.246026E+15
        15  24-06-12 18:30   0.300000E+03   0.250000E+00   0.246026E+15   0.246026E+15
        16  24-06-12 19:00   0.300000E+03   0.250000E+00   0.246026E+15   0.246026E+15
        17  24-06-12 19:30   0.300000E+03   0.250000E+00   0.246026E+15   0.246026E+15
        18  24-06-12 20:00   0.300000E+03   0.250000E+00   0.246026E+15   0.246026E+15
        19  24-06-12 20:30   0.300000E+03   0.250000E+00   0.246026E+15   0.246026E+15
        20  24-06-12 21:00   0.300000E+03   0.250000E+00   0.246026E+15   0.246026E+15
        21  24-06-12 21:30   0.300000E+03   0.250000E+00   0.246026E+15   0.246026E+15
        22  24-06-12 22:00   0.300000E+03   0.250000E+00   0.246026E+15   0.246026E+15
        23  24-06-12 22:30   0.300000E+03   0.250000E+00   0.246026E+15   0.246026E+15
        24  24-06-12 23:00   0.300000E+03   0.250000E+00   0.246026E+15   0.246026E+15
        25  24-06-12 23:30   0.300000E+03   0.250000E+00   0.246026E+15   0.246026E+15
        26  25-06-12 00:00   0.300000E+03   0.250000E+00   0.246026E+15   0.246026E+15
        27  25-06-12 00:30   0.300000E+03   0.250000E+00   0.246026E+15   0.246026E+15
        28  25-06-12 01:00   0.300000E+03   0.250000E+00   0.246026E+15   0.246026E+15
        29  25-06-12 01:30   0.300000E+03   0.250000E+00   0.246026E+15   0.246026E+15
        30  25-06-12 02:00   0.300000E+03   0.250000E+00   0.246026E+15   0.246026E+15
        31  25-06-12 02:30   0.300000E+03   0.250000E+00   0.246026E+15   0.246026E+15
        32  25-06-12 03:00   0.300000E+03   0.250000E+00   0.246026E+15   0.246026E+15
        33  25-06-12 03:30   0.300000E+03   0.250000E+00   0.246026E+15   0.246026E+15
        34  25-06-12 04:00   0.300000E+03   0.250000E+00   0.246026E+15   0.246026E+15
        35  25-06-12 04:30   0.300000E+03   0.250000E+00   0.246026E+15   0.246026E+15
        36  25-06-12 05:00   0.300000E+03   0.250000E+00   0.246026E+15   0.246026E+15
        37  25-06-12 05:30   0.300000E+03   0.250000E+00   0.246026E+15   0.246026E+15
        38  25-06-12 06:00   0.300000E+03   0.250000E+00   0.246026E+15   0.246026E+15
        39  25-06-12 06:30   0.300000E+03   0.250000E+00   0.246026E+15   0.246026E+15
        40  25-06-12 07:00   0.300000E+03   0.250000E+00   0.246026E+15   0.246026E+15
        41  25-06-12 07:30   0.300000E+03   0.250000E+00   0.246026E+15   0.246026E+15
        42  25-06-12 08:00   0.300000E+03   0.250000E+00   0.246026E+15   0.246026E+15
        43  25-06-12 08:30   0.300000E+03   0.250000E+00   0.246026E+15   0.246026E+15
        44  25-06-12 09:00   0.300000E+03   0.250000E+00   0.246026E+15   0.246026E+15
        45  25-06-12 09:30   0.300000E+03   0.250000E+00   0.246026E+15   0.246026E+15
        46  25-06-12 10:00   0.300000E+03   0.250000E+00   0.246026E+15   0.246026E+15
        47  25-06-12 10:30   0.300000E+03   0.250000E+00   0.246026E+15   0.246026E+15
        48  25-06-12 11:00   0.300000E+03   0.250000E+00   0.246026E+15   0.246026E+15
        49  25-06-12 11:30   0.300000E+03   0.250000E+00   0.246026E+15   0.246026E+15
        50  25-06-12 12:00   0.300000E+03   0.250000E+00   0.246026E+15   0.246026E+15
        51  25-06-12 12:30   0.300000E+03   0.250000E+00   0.246026E+15   0.246026E+15
        52  25-06-12 13:00   0.300000E+03   0.250000E+00   0.246026E+15   0.246026E+15
        53  25-06-12 13:30   0.300000E+03   0.250000E+00   0.246026E+15   0.246026E+15
        54  25-06-12 14:00   0.300000E+03   0.250000E+00   0.246026E+15   0.246026E+15
        55  25-06-12 14:30   0.300000E+03   0.250000E+00   0.246026E+15   0.246026E+15
        56  25-06-12 15:00   0.300000E+03   0.250000E+00   0.246026E+15   0.246026E+15
        57  25-06-12 15:30   0.300000E+03   0.250000E+00   0.246026E+15   0.246026E+15
        58  25-06-12 16:00   0.300000E+03   0.250000E+00   0.246026E+15   0.246026E+15
        59  25-06-12 16:30   0.300000E+03   0.250000E+00   0.246026E+15   0.246026E+15
        60  25-06-12 17:00   0.300000E+03   0.250000E+00   0.246026E+15   0.246026E+15
        61  25-06-12 17:30   0.300000E+03   0.250000E+00   0.246026E+15   0.246026E+15
        62  25-06-12 18:00   0.300000E+03   0.250000E+00   0.246026E+15   0.246026E+15
        63  25-06-12 18:30   0.300000E+03   0.250000E+00   0.246026E+15   0.246026E+15
        64  25-06-12 19:00   0.300000E+03   0.250000E+00   0.246026E+15   0.246026E+15
        65  25-06-12 19:30   0.300000E+03   0.250000E+00   0.246026E+15   0.246026E+15
        66  25-06-12 20:00   0.300000E+03   0.250000E+00   0.246026E+15   0.246026E+15
        67  25-06-12 20:30   0.300000E+03   0.250000E+00   0.246026E+15   0.246026E+15
        68  25-06-12 21:00   0.300000E+03   0.250000E+00   0.246026E+15   0.246026E+15
        69  25-06-12 21:30   0.300000E+03   0.250000E+00   0.246026E+15   0.246026E+15
        70  25-06-12 22:00   0.300000E+03   0.250000E+00   0.246026E+15   0.246026E+15
        71  25-06-12 22:30   0.300000E+03   0.250000E+00   0.246026E+15   0.246026E+15
        72  25-06-12 23:00   0.300000E+03   0.250000E+00   0.246026E+15   0.246026E+15
        73  25-06-12 23:30   0.300000E+03   0.250000E+00   0.246026E+15   0.246026E+15
        74  26-06-12 00:00   0.300000E+03   0.250000E+00   0.246026E+15   0.246026E+15
        75  26-06-12 00:30   0.300000E+03   0.250000E+00   0.246026E+15   0.246026E+15
        76  26-06-12 01:00   0.300000E+03   0.250000E+00   0.246026E+15   0.246026E+15
        77  26-06-12 01:30   0.300000E+03   0.250000E+00   0.246026E+15   0.246026E+15
        78  26-06-12 02:00   0.300000E+03   0.250000E+00   0.246026E+15   0.246026E+15
        79  26-06-12 02:30   0.300000E+03   0.250000E+00   0.246026E+15   0.246026E+15
        80  26-06-12 03:00   0.300000E+03   0.250000E+00   0.246026E+15   0.246026E+15
        81  26-06-12 03:30   0.300000E+03   0.250000E+00   0.246026E+15   0.246026E+15
        82  26-06-12 04:00   0.300000E+03   0.250000E+00   0.246026E+15   0.246026E+15
        83  26-06-12 04:30   0.300000E+03   0.250000E+00   0.246026E+15   0.246026E+15
        84  26-06-12 05:00   0.300000E+03   0.250000E+00   0.246026E+15   0.246026E+15
        85  26-06-12 05:30   0.300000E+03   0.250000E+00   0.246026E+15   0.246026E+15
        86  26-06-12 06:00   0.300000E+03   0.250000E+00   0.246026E+15   0.246026E+15
        87  26-06-12 06:30   0.300000E+03   0.250000E+00   0.246026E+15   0.246026E+15
        88  26-06-12 07:00   0.300000E+03   0.250000E+00   0.246026E+15   0.246026E+15
        89  26-06-12 07:30   0.300000E+03   0.250000E+00   0.246026E+15   0.246026E+15
        90  26-06-12 08:00   0.300000E+03   0.250000E+00   0.246026E+15   0.246026E+15
        91  26-06-12 08:30   0.300000E+03   0.250000E+00   0.246026E+15   0.246026E+15
        92  26-06-12 09:00   0.300000E+03   0.250000E+00   0.246026E+15   0.246026E+15
        93  26-06-12 09:30   0.300000E+03   0.250000E+00   0.246026E+15   0.246026E+15
        94  26-06-12 10:00   0.300000E+03   0.250000E+00   0.246026E+15   0.246026E+15
        95  26-06-12 10:30   0.300000E+03   0.250000E+00   0.246026E+15   0.246026E+15
        96  26-06-12 11:00   0.300000E+03   0.250000E+00   0.246026E+15   0.246026E+15
        97  26-06-12 11:30   0.300000E+03   0.250000E+00   0.246026E+15   0.246026E+15
        98  26-06-12 12:00   0.300000E+03   0.250000E+00   0.246026E+15   0.246026E+15
        99  26-06-12 12:30   0.300000E+03   0.250000E+00   0.246026E+15   0.246026E+15
       100  26-06-12 13:00   0.300000E+03   0.250000E+00   0.246026E+15   0.246026E+15
       101  26-06-12 13:30   0.300000E+03   0.250000E+00   0.246026E+15   0.246026E+15
       102  26-06-12 14:00   0.300000E+03   0.250000E+00   0.246026E+15   0.246026E+15
       103  26-06-12 14:30   0.300000E+03   0.250000E+00   0.246026E+15   0.246026E+15
       104  26-06-12 15:00   0.300000E+03   0.250000E+00   0.246026E+15   0.246026E+15
       105  26-06-12 15:30   0.300000E+03   0.250000E+00   0.246026E+15   0.246026E+15
       106  26-06-12 16:00   0.300000E+03   0.250000E+00   0.246026E+15   0.246026E+15
       107  26-06-12 16:30   0.300000E+03   0.250000E+00   0.246026E+15   0.246026E+15
       108  26-06-12 17:00   0.300000E+03   0.250000E+00   0.246026E+15   0.246026E+15
       109  26-06-12 17:30   0.300000E+03   0.250000E+00   0.246026E+15   0.246026E+15
       110  26-06-12 18:00   0.300000E+03   0.250000E+00   0.246026E+15   0.246026E+15
       111  26-06-12 18:30   0.300000E+03   0.250000E+00   0.246026E+15   0.246026E+15
       112  26-06-12 19:00   0.300000E+03   0.250000E+00   0.246026E+15   0.246026E+15
       113  26-06-12 19:30   0.300000E+03   0.250000E+00   0.246026E+15   0.246026E+15
       114  26-06-12 20:00   0.300000E+03   0.250000E+00   0.246026E+15   0.246026E+15
       115  26-06-12 20:30   0.300000E+03   0.250000E+00   0.246026E+15   0.246026E+15
       116  26-06-12 21:00   0.300000E+03   0.250000E+00   0.246026E+15   0.246026E+15
       117  26-06-12 21:30   0.300000E+03   0.250000E+00   0.246026E+15   0.246026E+15
       118  26-06-12 22:00   0.300000E+03   0.250000E+00   0.246026E+15   0.246026E+15
       119  26-06-12 22:30   0.300000E+03   0.250000E+00   0.246026E+15   0.246026E+15
       120  26-06-12 23:00   0.300000E+03   0.250000E+00   0.246026E+15   0.246026E+15
       121  26-06-12 23:30   0.300000E+03   0.250000E+00   0.246026E+15   0.246026E+15
       122  27-06-12 00:00   0.300000E+03   0.250000E+00   0.246026E+15   0.246026E+15
       123  27-06-12 00:30   0.300000E+03   0.250000E+00   0.246026E+15   0.246026E+15
       124  27-06-12 01:00   0.300000E+03   0.250000E+00   0.246026E+15   0.246026E+15
       125  27-06-12 01:30   0.300000E+03   0.250000E+00   0.246026E+15   0.246026E+15
       126  27-06-12 02:00   0.300000E+03   0.250000E+00   0.246026E+15   0.246026E+15
       127  27-06-12 02:30   0.300000E+03   0.250000E+00   0.246026E+15   0.246026E+15
       128  27-06-12 03:00   0.300000E+03   0.250000E+00   0.246026E+15   0.246026E+15
       129  27-06-12 03:30   0.300000E+03   0.250000E+00   0.246026E+15   0.246026E+15
       130  27-06-12 04:00   0.300000E+03   0.250000E+00   0.246026E+15   0.246026E+15
       131  27-06-12 04:30   0.300000E+03   0.250000E+00   0.246026E+15   0.246026E+15
       132  27-06-12 05:00   0.300000E+03   0.250000E+00   0.246026E+15   0.246026E+15
       133  27-06-12 05:30   0.300000E+03   0.250000E+00   0.246026E+15   0.246026E+15
       134  27-06-12 06:00   0.300000E+03   0.250000E+00   0.246026E+15   0.246026E+15
       135  27-06-12 06:30   0.300000E+03   0.250000E+00   0.246026E+15   0.246026E+15
       136  27-06-12 07:00   0.300000E+03   0.250000E+00   0.246026E+15   0.246026E+15
       137  27-06-12 07:30   0.300000E+03   0.250000E+00   0.246026E+15   0.246026E+15
       138  27-06-12 08:00   0.300000E+03   0.250000E+00   0.246026E+15   0.246026E+15
       139  27-06-12 08:30   0.300000E+03   0.250000E+00   0.246026E+15   0.246026E+15
       140  27-06-12 09:00   0.300000E+03   0.250000E+00   0.246026E+15   0.246026E+15
       141  27-06-12 09:30   0.300000E+03   0.250000E+00   0.246026E+15   0.246026E+15
       142  27-06-12 10:00   0.300000E+03   0.250000E+00   0.246026E+15   0.246026E+15
       143  27-06-12 10:30   0.300000E+03   0.250000E+00   0.246026E+15   0.246026E+15
       144  27-06-12 11:00   0.300000E+03   0.250000E+00   0.246026E+15   0.246026E+15
       145  27-06-12 11:30   0.300000E+03   0.250000E+00   0.246026E+15   0.246026E+15
       146  27-06-12 12:00   0.300000E+03   0.250000E+00   0.246026E+15   0.246026E+15
       147  27-06-12 12:30   0.300000E+03   0.250000E+00   0.246026E+15   0.246026E+15
       148  27-06-12 13:00   0.300000E+03   0.250000E+00   0.246026E+15   0.246026E+15
       149  27-06-12 13:30   0.300000E+03   0.250000E+00   0.246026E+15   0.246026E+15
       150  27-06-12 14:00   0.300000E+03   0.250000E+00   0.246026E+15   0.246026E+15
       151  27-06-12 14:30   0.300000E+03   0.250000E+00   0.246026E+15   0.246026E+15
       152  27-06-12 15:00   0.300000E+03   0.250000E+00   0.246026E+15   0.246026E+15
       153  27-06-12 15:30   0.300000E+03   0.250000E+00   0.246026E+15   0.246026E+15
       154  27-06-12 16:00   0.300000E+03   0.250000E+00   0.246026E+15   0.246026E+15
       155  27-06-12 16:30   0.300000E+03   0.250000E+00   0.246026E+15   0.246026E+15
       156  27-06-12 17:00   0.300000E+03   0.250000E+00   0.246026E+15   0.246026E+15
       157  27-06-12 17:30   0.300000E+03   0.250000E+00   0.246026E+15   0.246026E+15
       158  27-06-12 18:00   0.300000E+03   0.250000E+00   0.246026E+15   0.246026E+15
       159  27-06-12 18:30   0.300000E+03   0.250000E+00   0.246026E+15   0.246026E+15
       160  27-06-12 19:00   0.300000E+03   0.250000E+00   0.246026E+15   0.246026E+15
       161  27-06-12 19:30   0.300000E+03   0.250000E+00   0.246026E+15   0.246026E+15
       162  27-06-12 20:00   0.300000E+03   0.250000E+00   0.246026E+15   0.246026E+15
       163  27-06-12 20:30   0.300000E+03   0.250000E+00   0.246026E+15   0.246026E+15
       164  27-06-12 21:00   0.300000E+03   0.250000E+00   0.246026E+15   0.246026E+15
       165  27-06-12 21:30   0.300000E+03   0.250000E+00   0.246026E+15   0.246026E+15
       166  27-06-12 22:00   0.300000E+03   0.250000E+00   0.246026E+15   0.246026E+15
       167  27-06-12 22:30   0.300000E+03   0.250000E+00   0.246026E+15   0.246026E+15
       168  27-06-12 23:00   0.300000E+03   0.250000E+00   0.246026E+15   0.246026E+15
       169  27-06-12 23:30   0.300000E+03   0.250000E+00   0.246026E+15   0.246026E+15
       170  28-06-12 00:00   0.300000E+03   0.250000E+00   0.246026E+15   0.246026E+15
       171  28-06-12 00:30   0.300000E+03   0.250000E+00   0.246026E+15   0.246026E+15
       172  28-06-12 01:00   0.300000E+03   0.250000E+00   0.246026E+15   0.246026E+15
       173  28-06-12 01:30   0.300000E+03   0.250000E+00   0.246026E+15   0.246026E+15
       174  28-06-12 02:00   0.300000E+03   0.250000E+00   0.246026E+15   0.246026E+15
       175  28-06-12 02:30   0.300000E+03   0.250000E+00   0.246026E+15   0.246026E+15
       176  28-06-12 03:00   0.300000E+03   0.250000E+00   0.246026E+15   0.246026E+15
       177  28-06-12 03:30   0.300000E+03   0.250000E+00   0.246026E+15   0.246026E+15
       178  28-06-12 04:00   0.300000E+03   0.250000E+00   0.246026E+15   0.246026E+15
       179  28-06-12 04:30   0.300000E+03   0.250000E+00   0.246026E+15   0.246026E+15
       180  28-06-12 05:00   0.300000E+03   0.250000E+00   0.246026E+15   0.246026E+15
       181  28-06-12 05:30   0.300000E+03   0.250000E+00   0.246026E+15   0.246026E+15
       182  28-06-12 06:00   0.300000E+03   0.250000E+00   0.246026E+15   0.246026E+15
       183  28-06-12 06:30   0.300000E+03   0.250000E+00   0.246026E+15   0.246026E+15
       184  28-06-12 07:00   0.300000E+03   0.250000E+00   0.246026E+15   0.246026E+15
       185  28-06-12 07:30   0.300000E+03   0.250000E+00   0.246026E+15   0.246026E+15
       186  28-06-12 08:00   0.300000E+03   0.250000E+00   0.246026E+15   0.246026E+15
       187  28-06-12 08:30   0.300000E+03   0.250000E+00   0.246026E+15   0.246026E+15
       188  28-06-12 09:00   0.300000E+03   0.250000E+00   0.246026E+15   0.246026E+15
       189  28-06-12 09:30   0.300000E+03   0.250000E+00   0.246026E+15   0.246026E+15
       190  28-06-12 10:00   0.300000E+03   0.250000E+00   0.246026E+15   0.246026E+15
       191  28-06-12 10:30   0.300000E+03   0.250000E+00   0.246026E+15   0.246026E+15
       192  28-06-12 11:00   0.300000E+03   0.250000E+00   0.246026E+15   0.246026E+15
       193  28-06-12 11:30   0.300000E+03   0.250000E+00   0.246026E+15   0.246026E+15
       194  28-06-12 12:00   0.300000E+03   0.250000E+00   0.246026E+15   0.246026E+15
       195  28-06-12 12:30   0.300000E+03   0.250000E+00   0.246026E+15   0.246026E+15
       196  28-06-12 13:00   0.300000E+03   0.250000E+00   0.246026E+15   0.246026E+15
       197  28-06-12 13:30   0.300000E+03   0.250000E+00   0.246026E+15   0.246026E+15
       198  28-06-12 14:00   0.300000E+03   0.250000E+00   0.246026E+15   0.246026E+15
       199  28-06-12 14:30   0.300000E+03   0.250000E+00   0.246026E+15   0.246026E+15
       200  28-06-12 15:00   0.300000E+03   0.250000E+00   0.246026E+15   0.246026E+15
       201  28-06-12 15:30   0.300000E+03   0.250000E+00   0.246026E+15   0.246026E+15
       202  28-06-12 16:00   0.300000E+03   0.250000E+00   0.246026E+15   0.246026E+15
       203  28-06-12 16:30   0.300000E+03   0.250000E+00   0.246026E+15   0.246026E+15
       204  28-06-12 17:00   0.300000E+03   0.250000E+00   0.246026E+15   0.246026E+15
       205  28-06-12 17:30   0.300000E+03   0.250000E+00   0.246026E+15   0.246026E+15
       206  28-06-12 18:00   0.300000E+03   0.250000E+00   0.246026E+15   0.246026E+15
       207  28-06-12 18:30   0.300000E+03   0.250000E+00   0.246026E+15   0.246026E+15
       208  28-06-12 19:00   0.300000E+03   0.250000E+00   0.246026E+15   0.246026E+15
       209  28-06-12 19:30   0.300000E+03   0.250000E+00   0.246026E+15   0.246026E+15
       210  28-06-12 20:00   0.300000E+03   0.250000E+00   0.246026E+15   0.246026E+15
       211  28-06-12 20:30   0.300000E+03   0.250000E+00   0.246026E+15   0.246026E+15
       212  28-06-12 21:00   0.300000E+03   0.250000E+00   0.246026E+15   0.246026E+15
       213  28-06-12 21:30   0.300000E+03   0.250000E+00   0.246026E+15   0.246026E+15
       214  28-06-12 22:00   0.300000E+03   0.250000E+00   0.246026E+15   0.246026E+15
       215  28-06-12 22:30   0.300000E+03   0.250000E+00   0.246026E+15   0.246026E+15
       216  28-06-12 23:00   0.300000E+03   0.250000E+00   0.246026E+15   0.246026E+15
       217  28-06-12 23:30   0.300000E+03   0.250000E+00   0.246026E+15   0.246026E+15
       218  29-06-12 00:00   0.300000E+03   0.250000E+00   0.246026E+15   0.246026E+15
       219  29-06-12 00:30   0.300000E+03   0.250000E+00   0.246026E+15   0.246026E+15
       220  29-06-12 01:00   0.300000E+03   0.250000E+00   0.246026E+15   0.246026E+15
       221  29-06-12 01:30   0.300000E+03   0.250000E+00   0.246026E+15   0.246026E+15
       222  29-06-12 02:00   0.300000E+03   0.250000E+00   0.246026E+15   0.246026E+15
       223  29-06-12 02:30   0.300000E+03   0.250000E+00   0.246026E+15   0.246026E+15
       224  29-06-12 03:00   0.300000E+03   0.250000E+00   0.246026E+15   0.246026E+15
       225  29-06-12 03:30   0.300000E+03   0.250000E+00   0.246026E+15   0.246026E+15
       226  29-06-12 04:00   0.300000E+03   0.250000E+00   0.246026E+15   0.246026E+15
       227  29-06-12 04:30   0.300000E+03   0.250000E+00   0.246026E+15   0.246026E+15
       228  29-06-12 05:00   0.300000E+03   0.250000E+00   0.246026E+15   0.246026E+15
       229  29-06-12 05:30   0.300000E+03   0.250000E+00   0.246026E+15   0.246026E+15
       230  29-06-12 06:00   0.300000E+03   0.250000E+00   0.246026E+15   0.246026E+15
       231  29-06-12 06:30   0.300000E+03   0.250000E+00   0.246026E+15   0.246026E+15
       232  29-06-12 07:00   0.300000E+03   0.250000E+00   0.246026E+15   0.246026E+15
       233  29-06-12 07:30   0.300000E+03   0.250000E+00   0.246026E+15   0.246026E+15
       234  29-06-12 08:00   0.300000E+03   0.250000E+00   0.246026E+15   0.246026E+15
       235  29-06-12 08:30   0.300000E+03   0.250000E+00   0.246026E+15   0.246026E+15
       236  29-06-12 09:00   0.300000E+03   0.250000E+00   0.246026E+15   0.246026E+15
       237  29-06-12 09:30   0.300000E+03   0.250000E+00   0.246026E+15   0.246026E+15
       238  29-06-12 10:00   0.300000E+03   0.250000E+00   0.246026E+15   0.246026E+15
       239  29-06-12 10:30   0.300000E+03   0.250000E+00   0.246026E+15   0.246026E+15
       240  29-06-12 11:00   0.300000E+03   0.250000E+00   0.246026E+15   0.246026E+15
       241  29-06-12 11:30   0.300000E+03   0.250000E+00   0.246026E+15   0.246026E+15
       242  29-06-12 12:00   0.300000E+03   0.250000E+00   0.246026E+15   0.246026E+15
       243  29-06-12 12:30   0.300000E+03   0.250000E+00   0.246026E+15   0.246026E+15
       244  29-06-12 13:00   0.300000E+03   0.250000E+00   0.246026E+15   0.246026E+15
       245  29-06-12 13:30   0.300000E+03   0.250000E+00   0.246026E+15   0.246026E+15
       246  29-06-12 14:00   0.300000E+03   0.250000E+00   0.246026E+15   0.246026E+15
       247  29-06-12 14:30   0.300000E+03   0.250000E+00   0.246026E+15   0.246026E+15
       248  29-06-12 15:00   0.300000E+03   0.250000E+00   0.246026E+15   0.246026E+15
       249  29-06-12 15:30   0.300000E+03   0.250000E+00   0.246026E+15   0.246026E+15
       250  29-06-12 16:00   0.300000E+03   0.250000E+00   0.246026E+15   0.246026E+15
       251  29-06-12 16:30   0.300000E+03   0.250000E+00   0.246026E+15   0.246026E+15
       252  29-06-12 17:00   0.300000E+03   0.250000E+00   0.246026E+15   0.246026E+15
       253  29-06-12 17:30   0.300000E+03   0.250000E+00   0.246026E+15   0.246026E+15
       254  29-06-12 18:00   0.300000E+03   0.250000E+00   0.246026E+15   0.246026E+15
       255  29-06-12 18:30   0.300000E+03   0.250000E+00   0.246026E+15   0.246026E+15
       256  29-06-12 19:00   0.300000E+03   0.250000E+00   0.246026E+15   0.246026E+15
       257  29-06-12 19:30   0.300000E+03   0.250000E+00   0.246026E+15   0.246026E+15
       258  29-06-12 20:00   0.300000E+03   0.250000E+00   0.246026E+15   0.246026E+15
       259  29-06-12 20:30   0.300000E+03   0.250000E+00   0.246026E+15   0.246026E+15
       260  29-06-12 21:00   0.300000E+03   0.250000E+00   0.246026E+15   0.246026E+15
       261  29-06-12 21:30   0.300000E+03   0.250000E+00   0.246026E+15   0.246026E+15
       262  29-06-12 22:00   0.300000E+03   0.250000E+00   0.246026E+15   0.246026E+15
       263  29-06-12 22:30   0.300000E+03   0.250000E+00   0.246026E+15   0.246026E+15
       264  29-06-12 23:00   0.300000E+03   0.250000E+00   0.246026E+15   0.246026E+15
       265  29-06-12 23:30   0.300000E+03   0.250000E+00   0.246026E+15   0.246026E+15
       266  30-06-12 00:00   0.300000E+03   0.250000E+00   0.246026E+15   0.246026E+15
       267  30-06-12 00:30   0.300000E+03   0.250000E+00   0.246026E+15   0.246026E+15
       268  30-06-12 01:00   0.300000E+03   0.250000E+00   0.246026E+15   0.246026E+15
       269  30-06-12 01:30   0.300000E+03   0.250000E+00   0.246026E+15   0.246026E+15
       270  30-06-12 02:00   0.300000E+03   0.250000E+00   0.246026E+15   0.246026E+15
       271  30-06-12 02:30   0.300000E+03   0.250000E+00   0.246026E+15   0.246026E+15
       272  30-06-12 03:00   0.300000E+03   0.250000E+00   0.246026E+15   0.246026E+15
       273  30-06-12 03:30   0.300000E+03   0.250000E+00   0.246026E+15   0.246026E+15
       274  30-06-12 04:00   0.300000E+03   0.250000E+00   0.246026E+15   0.246026E+15
       275  30-06-12 04:30   0.300000E+03   0.250000E+00   0.246026E+15   0.246026E+15
       276  30-06-12 05:00   0.300000E+03   0.250000E+00   0.246026E+15   0.246026E+15
       277  30-06-12 05:30   0.300000E+03   0.250000E+00   0.246026E+15   0.246026E+15
       278  30-06-12 06:00   0.300000E+03   0.250000E+00   0.246026E+15   0.246026E+15
       279  30-06-12 06:30   0.300000E+03   0.250000E+00   0.246026E+15   0.246026E+15
       280  30-06-12 07:00   0.300000E+03   0.250000E+00   0.246026E+15   0.246026E+15
       281  30-06-12 07:30   0.300000E+03   0.250000E+00   0.246026E+15   0.246026E+15
       282  30-06-12 08:00   0.300000E+03   0.250000E+00   0.246026E+15   0.246026E+15
       283  30-06-12 08:30   0.300000E+03   0.250000E+00   0.246026E+15   0.246026E+15
       284  30-06-12 09:00   0.300000E+03   0.250000E+00   0.246026E+15   0.246026E+15
       285  30-06-12 09:30   0.300000E+03   0.250000E+00   0.246026E+15   0.246026E+15
       286  30-06-12 10:00   0.300000E+03   0.250000E+00   0.246026E+15   0.246026E+15
       287  30-06-12 10:30   0.300000E+03   0.250000E+00   0.246026E+15   0.246026E+15
       288  30-06-12 11:00   0.300000E+03   0.250000E+00   0.246026E+15   0.246026E+15
       289  30-06-12 11:30   0.300000E+03   0.250000E+00   0.246026E+15   0.246026E+15
       290  30-06-12 12:00   0.300000E+03   0.250000E+00   0.246026E+15   0.246026E+15
       291  30-06-12 12:30   0.300000E+03   0.250000E+00   0.246026E+15   0.246026E+15
       292  30-06-12 13:00   0.300000E+03   0.250000E+00   0.246026E+15   0.246026E+15
       293  30-06-12 13:30   0.300000E+03   0.250000E+00   0.246026E+15   0.246026E+15
       294  30-06-12 14:00   0.300000E+03   0.250000E+00   0.246026E+15   0.246026E+15
       295  30-06-12 14:30   0.300000E+03   0.250000E+00   0.246026E+15   0.246026E+15
       296  30-06-12 15:00   0.300000E+03   0.250000E+00   0.246026E+15   0.246026E+15
       297  30-06-12 15:30   0.300000E+03   0.250000E+00   0.246026E+15   0.246026E+15
       298  30-06-12 16:00   0.300000E+03   0.250000E+00   0.246026E+15   0.246026E+15
       299  30-06-12 16:30   0.300000E+03   0.250000E+00   0.246026E+15   0.246026E+15
       300  30-06-12 17:00   0.300000E+03   0.250000E+00   0.246026E+15   0.246026E+15
       301  30-06-12 17:30   0.300000E+03   0.250000E+00   0.246026E+15   0.246026E+15
       302  30-06-12 18:00   0.300000E+03   0.250000E+00   0.246026E+15   0.246026E+15
       303  30-06-12 18:30   0.300000E+03   0.250000E+00   0.246026E+15   0.246026E+15
       304  30-06-12 19:00   0.300000E+03   0.250000E+00   0.246026E+15   0.246026E+15
       305  30-06-12 19:30   0.300000E+03   0.250000E+00   0.246026E+15   0.246026E+15
       306  30-06-12 20:00   0.300000E+03   0.250000E+00   0.246026E+15   0.246026E+15
       307  30-06-12 20:30   0.300000E+03   0.250000E+00   0.246026E+15   0.246026E+15
       308  30-06-12 21:00   0.300000E+03   0.250000E+00   0.246026E+15   0.246026E+15
       309  30-06-12 21:30   0.300000E+03   0.250000E+00   0.246026E+15   0.246026E+15
       310  30-06-12 22:00   0.300000E+03   0.250000E+00   0.246026E+15   0.246026E+15
       311  30-06-12 22:30   0.300000E+03   0.250000E+00   0.246026E+15   0.246026E+15
       312  30-06-12 23:00   0.300000E+03   0.250000E+00   0.246026E+15   0.246026E+15
       313  30-06-12 23:30   0.300000E+03   0.250000E+00   0.246026E+15   0.246026E+15
       314  01-07-12 00:00   0.300000E+03   0.250000E+00   0.246026E+15   0.246026E+15
       315  01-07-12 00:30   0.300000E+03   0.250000E+00   0.246026E+15   0.246026E+15
       316  01-07-12 01:00   0.300000E+03   0.250000E+00   0.246026E+15   0.246026E+15
       317  01-07-12 01:30   0.300000E+03   0.250000E+00   0.246026E+15   0.246026E+15
       318  01-07-12 02:00   0.300000E+03   0.250000E+00   0.246026E+15   0.246026E+15
       319  01-07-12 02:30   0.300000E+03   0.250000E+00   0.246026E+15   0.246026E+15
       320  01-07-12 03:00   0.300000E+03   0.250000E+00   0.246026E+15   0.246026E+15
       321  01-07-12 03:30   0.300000E+03   0.250000E+00   0.246026E+15   0.246026E+15
       322  01-07-12 04:00   0.300000E+03   0.250000E+00   0.246026E+15   0.246026E+15
       323  01-07-12 04:30   0.300000E+03   0.250000E+00   0.246026E+15   0.246026E+15
       324  01-07-12 05:00   0.300000E+03   0.250000E+00   0.246026E+15   0.246026E+15
       325  01-07-12 05:30   0.300000E+03   0.250000E+00   0.246026E+15   0.246026E+15
       326  01-07-12 06:00   0.300000E+03   0.250000E+00   0.246026E+15   0.246026E+15
       327  01-07-12 06:30   0.300000E+03   0.250000E+00   0.246026E+15   0.246026E+15
       328  01-07-12 07:00   0.300000E+03   0.250000E+00   0.246026E+15   0.246026E+15
       329  01-07-12 07:30   0.300000E+03   0.250000E+00   0.246026E+15   0.246026E+15
       330  01-07-12 08:00   0.300000E+03   0.250000E+00   0.246026E+15   0.246026E+15
       331  01-07-12 08:30   0.300000E+03   0.250000E+00   0.246026E+15   0.246026E+15
       332  01-07-12 09:00   0.300000E+03   0.250000E+00   0.246026E+15   0.246026E+15
       333  01-07-12 09:30   0.300000E+03   0.250000E+00   0.246026E+15   0.246026E+15
       334  01-07-12 10:00   0.300000E+03   0.250000E+00   0.246026E+15   0.246026E+15
       335  01-07-12 10:30   0.300000E+03   0.250000E+00   0.246026E+15   0.246026E+15
       336  01-07-12 11:00   0.300000E+03   0.250000E+00   0.246026E+15   0.246026E+15
       337  01-07-12 11:30   0.300000E+03   0.250000E+00   0.246026E+15   0.246026E+15
       338  01-07-12 12:00   0.300000E+03   0.250000E+00   0.246026E+15   0.246026E+15
       339  01-07-12 12:30   0.300000E+03   0.250000E+00   0.246026E+15   0.246026E+15
       340  01-07-12 13:00   0.300000E+03   0.250000E+00   0.246026E+15   0.246026E+15
       341  01-07-12 13:30   0.300000E+03   0.250000E+00   0.246026E+15   0.246026E+15
       342  01-07-12 14:00   0.300000E+03   0.250000E+00   0.246026E+15   0.246026E+15
       343  01-07-12 14:30   0.300000E+03   0.250000E+00   0.246026E+15   0.246026E+15
       344  01-07-12 15:00   0.300000E+03   0.250000E+00   0.246026E+15   0.246026E+15
       345  01-07-12 15:30   0.300000E+03   0.250000E+00   0.246026E+15   0.246026E+15
       346  01-07-12 16:00   0.300000E+03   0.250000E+00   0.246026E+15   0.246026E+15
       347  01-07-12 16:30   0.300000E+03   0.250000E+00   0.246026E+15   0.246026E+15
       348  01-07-12 17:00   0.300000E+03   0.250000E+00   0.246026E+15   0.246026E+15
       349  01-07-12 17:30   0.300000E+03   0.250000E+00   0.246026E+15   0.246026E+15
       350  01-07-12 18:00   0.300000E+03   0.250000E+00   0.246026E+15   0.246026E+15
       351  01-07-12 18:30   0.300000E+03   0.250000E+00   0.246026E+15   0.246026E+15
       352  01-07-12 19:00   0.300000E+03   0.250000E+00   0.246026E+15   0.246026E+15
       353  01-07-12 19:30   0.300000E+03   0.250000E+00   0.246026E+15   0.246026E+15
       354  01-07-12 20:00   0.300000E+03   0.250000E+00   0.246026E+15   0.246026E+15
       355  01-07-12 20:30   0.300000E+03   0.250000E+00   0.246026E+15   0.246026E+15
       356  01-07-12 21:00   0.300000E+03   0.250000E+00   0.246026E+15   0.246026E+15
       357  01-07-12 21:30   0.300000E+03   0.250000E+00   0.246026E+15   0.246026E+15
       358  01-07-12 22:00   0.300000E+03   0.250000E+00   0.246026E+15   0.246026E+15
       359  01-07-12 22:30   0.300000E+03   0.250000E+00   0.246026E+15   0.246026E+15
       360  01-07-12 23:00   0.300000E+03   0.250000E+00   0.246026E+15   0.246026E+15
       361  01-07-12 23:30   0.300000E+03   0.250000E+00   0.246026E+15   0.246026E+15
       362  02-07-12 00:00   0.300000E+03   0.250000E+00   0.246026E+15   0.246026E+15
       363  02-07-12 00:30   0.300000E+03   0.250000E+00   0.246026E+15   0.246026E+15
       364  02-07-12 01:00   0.300000E+03   0.250000E+00   0.246026E+15   0.246026E+15
       365  02-07-12 01:30   0.300000E+03   0.250000E+00   0.246026E+15   0.246026E+15
       366  02-07-12 02:00   0.300000E+03   0.250000E+00   0.246026E+15   0.246026E+15
       367  02-07-12 02:30   0.300000E+03   0.250000E+00   0.246026E+15   0.246026E+15
       368  02-07-12 03:00   0.300000E+03   0.250000E+00   0.246026E+15   0.246026E+15
       369  02-07-12 03:30   0.300000E+03   0.250000E+00   0.246026E+15   0.246026E+15
       370  02-07-12 04:00   0.300000E+03   0.250000E+00   0.246026E+15   0.246026E+15
       371  02-07-12 04:30   0.300000E+03   0.250000E+00   0.246026E+15   0.246026E+15
       372  02-07-12 05:00   0.300000E+03   0.250000E+00   0.246026E+15   0.246026E+15
       373  02-07-12 05:30   0.300000E+03   0.250000E+00   0.246026E+15   0.246026E+15
       374  02-07-12 06:00   0.300000E+03   0.250000E+00   0.246026E+15   0.246026E+15
       375  02-07-12 06:30   0.300000E+03   0.250000E+00   0.246026E+15   0.246026E+15
       376  02-07-12 07:00   0.300000E+03   0.250000E+00   0.246026E+15   0.246026E+15
       377  02-07-12 07:30   0.300000E+03   0.250000E+00   0.246026E+15   0.246026E+15
       378  02-07-12 08:00   0.300000E+03   0.250000E+00   0.246026E+15   0.246026E+15
       379  02-07-12 08:30   0.300000E+03   0.250000E+00   0.246026E+15   0.246026E+15
       380  02-07-12 09:00   0.300000E+03   0.250000E+00   0.246026E+15   0.246026E+15
       381  02-07-12 09:30   0.300000E+03   0.250000E+00   0.246026E+15   0.246026E+15
       382  02-07-12 10:00   0.300000E+03   0.250000E+00   0.246026E+15   0.246026E+15
       383  02-07-12 10:30   0.300000E+03   0.250000E+00   0.246026E+15   0.246026E+15
       384  02-07-12 11:00   0.300000E+03   0.250000E+00   0.246026E+15   0.246026E+15
       385  02-07-12 11:30   0.300000E+03   0.250000E+00   0.246026E+15   0.246026E+15
       386  02-07-12 12:00   0.300000E+03   0.250000E+00   0.246026E+15   0.246026E+15
       387  02-07-12 12:30   0.300000E+03   0.250000E+00   0.246026E+15   0.246026E+15
       388  02-07-12 13:00   0.300000E+03   0.250000E+00   0.246026E+15   0.246026E+15
       389  02-07-12 13:30   0.300000E+03   0.250000E+00   0.246026E+15   0.246026E+15
       390  02-07-12 14:00   0.300000E+03   0.250000E+00   0.246026E+15   0.246026E+15
       391  02-07-12 14:30   0.300000E+03   0.250000E+00   0.246026E+15   0.246026E+15
       392  02-07-12 15:00   0.300000E+03   0.250000E+00   0.246026E+15   0.246026E+15
       393  02-07-12 15:30   0.300000E+03   0.250000E+00   0.246026E+15   0.246026E+15
       394  02-07-12 16:00   0.300000E+03   0.250000E+00   0.246026E+15   0.246026E+15
       395  02-07-12 16:30   0.300000E+03   0.250000E+00   0.246026E+15   0.246026E+15
       396  02-07-12 17:00   0.300000E+03   0.250000E+00   0.246026E+15   0.246026E+15
       397  02-07-12 17:30   0.300000E+03   0.250000E+00   0.246026E+15   0.246026E+15
       398  02-07-12 18:00   0.300000E+03   0.250000E+00   0.246026E+15   0.246026E+15
       399  02-07-12 18:30   0.300000E+03   0.250000E+00   0.246026E+15   0.246026E+15
       400  02-07-12 19:00   0.300000E+03   0.250000E+00   0.246026E+15   0.246026E+15
       401  02-07-12 19:30   0.300000E+03   0.250000E+00   0.246026E+15   0.246026E+15
       402  02-07-12 20:00   0.300000E+03   0.250000E+00   0.246026E+15   0.246026E+15
       403  02-07-12 20:30   0.300000E+03   0.250000E+00   0.246026E+15   0.246026E+15
       404  02-07-12 21:00   0.300000E+03   0.250000E+00   0.246026E+15   0.246026E+15
       405  02-07-12 21:30   0.300000E+03   0.250000E+00   0.246026E+15   0.246026E+15
       406  02-07-12 22:00   0.300000E+03   0.250000E+00   0.246026E+15   0.246026E+15
       407  02-07-12 22:30   0.300000E+03   0.250000E+00   0.246026E+15   0.246026E+15
       408  02-07-12 23:00   0.300000E+03   0.250000E+00   0.246026E+15   0.246026E+15
       409  02-07-12 23:30   0.300000E+03   0.250000E+00   0.246026E+15   0.246026E+15
       410  03-07-12 00:00   0.300000E+03   0.250000E+00   0.246026E+15   0.246026E+15
       411  03-07-12 00:30   0.300000E+03   0.250000E+00   0.246026E+15   0.246026E+15
       412  03-07-12 01:00   0.300000E+03   0.250000E+00   0.246026E+15   0.246026E+15
       413  03-07-12 01:30   0.300000E+03   0.250000E+00   0.246026E+15   0.246026E+15
       414  03-07-12 02:00   0.300000E+03   0.250000E+00   0.246026E+15   0.246026E+15
       415  03-07-12 02:30   0.300000E+03   0.250000E+00   0.246026E+15   0.246026E+15
       416  03-07-12 03:00   0.300000E+03   0.250000E+00   0.246026E+15   0.246026E+15
       417  03-07-12 03:30   0.300000E+03   0.250000E+00   0.246026E+15   0.246026E+15
       418  03-07-12 04:00   0.300000E+03   0.250000E+00   0.246026E+15   0.246026E+15
       419  03-07-12 04:30   0.300000E+03   0.250000E+00   0.246026E+15   0.246026E+15
       420  03-07-12 05:00   0.300000E+03   0.250000E+00   0.246026E+15   0.246026E+15
       421  03-07-12 05:30   0.300000E+03   0.250000E+00   0.246026E+15   0.246026E+15
       422  03-07-12 06:00   0.300000E+03   0.250000E+00   0.246026E+15   0.246026E+15
       423  03-07-12 06:30   0.300000E+03   0.250000E+00   0.246026E+15   0.246026E+15
       424  03-07-12 07:00   0.300000E+03   0.250000E+00   0.246026E+15   0.246026E+15
       425  03-07-12 07:30   0.300000E+03   0.250000E+00   0.246026E+15   0.246026E+15
       426  03-07-12 08:00   0.300000E+03   0.250000E+00   0.246026E+15   0.246026E+15
       427  03-07-12 08:30   0.300000E+03   0.250000E+00   0.246026E+15   0.246026E+15
       428  03-07-12 09:00   0.300000E+03   0.250000E+00   0.246026E+15   0.246026E+15
       429  03-07-12 09:30   0.300000E+03   0.250000E+00   0.246026E+15   0.246026E+15
       430  03-07-12 10:00   0.300000E+03   0.250000E+00   0.246026E+15   0.246026E+15
       431  03-07-12 10:30   0.300000E+03   0.250000E+00   0.246026E+15   0.246026E+15
       432  03-07-12 11:00   0.300000E+03   0.250000E+00   0.246026E+15   0.246026E+15
       433  03-07-12 11:30   0.300000E+03   0.250000E+00   0.246026E+15   0.246026E+15
       434  03-07-12 12:00   0.300000E+03   0.250000E+00   0.246026E+15   0.246026E+15
       435  03-07-12 12:30   0.300000E+03   0.250000E+00   0.246026E+15   0.246026E+15
       436  03-07-12 13:00   0.300000E+03   0.250000E+00   0.246026E+15   0.246026E+15
       437  03-07-12 13:30   0.300000E+03   0.250000E+00   0.246026E+15   0.246026E+15
       438  03-07-12 14:00   0.300000E+03   0.250000E+00   0.246026E+15   0.246026E+15
       439  03-07-12 14:30   0.300000E+03   0.250000E+00   0.246026E+15   0.246026E+15
       440  03-07-12 15:00   0.300000E+03   0.250000E+00   0.246026E+15   0.246026E+15
       441  03-07-12 15:30   0.300000E+03   0.250000E+00   0.246026E+15   0.246026E+15
       442  03-07-12 16:00   0.300000E+03   0.250000E+00   0.246026E+15   0.246026E+15
       443  03-07-12 16:30   0.300000E+03   0.250000E+00   0.246026E+15   0.246026E+15
       444  03-07-12 17:00   0.300000E+03   0.250000E+00   0.246026E+15   0.246026E+15
       445  03-07-12 17:30   0.300000E+03   0.250000E+00   0.246026E+15   0.246026E+15
       446  03-07-12 18:00   0.300000E+03   0.250000E+00   0.246026E+15   0.246026E+15
       447  03-07-12 18:30   0.300000E+03   0.250000E+00   0.246026E+15   0.246026E+15
       448  03-07-12 19:00   0.300000E+03   0.250000E+00   0.246026E+15   0.246026E+15
       449  03-07-12 19:30   0.300000E+03   0.250000E+00   0.246026E+15   0.246026E+15
       450  03-07-12 20:00   0.300000E+03   0.250000E+00   0.246026E+15   0.246026E+15
       451  03-07-12 20:30   0.300000E+03   0.250000E+00   0.246026E+15   0.246026E+15
       452  03-07-12 21:00   0.300000E+03   0.250000E+00   0.246026E+15   0.246026E+15
       453  03-07-12 21:30   0.300000E+03   0.250000E+00   0.246026E+15   0.246026E+15
       454  03-07-12 22:00   0.300000E+03   0.250000E+00   0.246026E+15   0.246026E+15
       455  03-07-12 22:30   0.300000E+03   0.250000E+00   0.246026E+15   0.246026E+15
       456  03-07-12 23:00   0.300000E+03   0.250000E+00   0.246026E+15   0.246026E+15
       457  03-07-12 23:30   0.300000E+03   0.250000E+00   0.246026E+15   0.246026E+15
       458  04-07-12 00:00   0.300000E+03   0.250000E+00   0.246026E+15   0.246026E+15
       459  04-07-12 00:30   0.300000E+03   0.250000E+00   0.246026E+15   0.246026E+15
       460  04-07-12 01:00   0.300000E+03   0.250000E+00   0.246026E+15   0.246026E+15
       461  04-07-12 01:30   0.300000E+03   0.250000E+00   0.246026E+15   0.246026E+15
       462  04-07-12 02:00   0.300000E+03   0.250000E+00   0.246026E+15   0.246026E+15
       463  04-07-12 02:30   0.300000E+03   0.250000E+00   0.246026E+15   0.246026E+15
       464  04-07-12 03:00   0.300000E+03   0.250000E+00   0.246026E+15   0.246026E+15
       465  04-07-12 03:30   0.300000E+03   0.250000E+00   0.246026E+15   0.246026E+15
       466  04-07-12 04:00   0.300000E+03   0.250000E+00   0.246026E+15   0.246026E+15
       467  04-07-12 04:30   0.300000E+03   0.250000E+00   0.246026E+15   0.246026E+15
       468  04-07-12 05:00   0.300000E+03   0.250000E+00   0.246026E+15   0.246026E+15
       469  04-07-12 05:30   0.300000E+03   0.250000E+00   0.246026E+15   0.246026E+15
       470  04-07-12 06:00   0.300000E+03   0.250000E+00   0.246026E+15   0.246026E+15
       471  04-07-12 06:30   0.300000E+03   0.250000E+00   0.246026E+15   0.246026E+15
       472  04-07-12 07:00   0.300000E+03   0.250000E+00   0.246026E+15   0.246026E+15
       473  04-07-12 07:30   0.300000E+03   0.250000E+00   0.246026E+15   0.246026E+15
       474  04-07-12 08:00   0.300000E+03   0.250000E+00   0.246026E+15   0.246026E+15
       475  04-07-12 08:30   0.300000E+03   0.250000E+00   0.246026E+15   0.246026E+15
       476  04-07-12 09:00   0.300000E+03   0.250000E+00   0.246026E+15   0.246026E+15
       477  04-07-12 09:30   0.300000E+03   0.250000E+00   0.246026E+15   0.246026E+15
       478  04-07-12 10:00   0.300000E+03   0.250000E+00   0.246026E+15   0.246026E+15
       479  04-07-12 10:30   0.300000E+03   0.250000E+00   0.246026E+15   0.246026E+15
       480  04-07-12 11:00   0.300000E+03   0.250000E+00   0.246026E+15   0.246026E+15
       481  04-07-12 11:30   0.300000E+03   0.250000E+00   0.246026E+15   0.246026E+15
       482  04-07-12 12:00   0.300000E+03   0.250000E+00   0.246026E+15   0.246026E+15
       483  04-07-12 12:30   0.300000E+03   0.250000E+00   0.246026E+15   0.246026E+15
       484  04-07-12 13:00   0.300000E+03   0.250000E+00   0.246026E+15   0.246026E+15
       485  04-07-12 13:30   0.300000E+03   0.250000E+00   0.246026E+15   0.246026E+15
       486  04-07-12 14:00   0.300000E+03   0.250000E+00   0.246026E+15   0.246026E+15
       487  04-07-12 14:30   0.300000E+03   0.250000E+00   0.246026E+15   0.246026E+15
       488  04-07-12 15:00   0.300000E+03   0.250000E+00   0.246026E+15   0.246026E+15
       489  04-07-12 15:30   0.300000E+03   0.250000E+00   0.246026E+15   0.246026E+15
       490  04-07-12 16:00   0.300000E+03   0.250000E+00   0.246026E+15   0.246026E+15
       491  04-07-12 16:30   0.300000E+03   0.250000E+00   0.246026E+15   0.246026E+15
       492  04-07-12 17:00   0.300000E+03   0.250000E+00   0.246026E+15   0.246026E+15
       493  04-07-12 17:30   0.300000E+03   0.250000E+00   0.246026E+15   0.246026E+15
       494  04-07-12 18:00   0.300000E+03   0.250000E+00   0.246026E+15   0.246026E+15
       495  04-07-12 18:30   0.300000E+03   0.250000E+00   0.246026E+15   0.246026E+15
       496  04-07-12 19:00   0.300000E+03   0.250000E+00   0.246026E+15   0.246026E+15
       497  04-07-12 19:30   0.300000E+03   0.250000E+00   0.246026E+15   0.246026E+15
       498  04-07-12 20:00   0.300000E+03   0.250000E+00   0.246026E+15   0.246026E+15
       499  04-07-12 20:30   0.300000E+03   0.250000E+00   0.246026E+15   0.246026E+15
       500  04-07-12 21:00   0.300000E+03   0.250000E+00   0.246026E+15   0.246026E+15
       501  04-07-12 21:30   0.300000E+03   0.250000E+00   0.246026E+15   0.246026E+15
       502  04-07-12 22:00   0.300000E+03   0.250000E+00   0.246026E+15   0.246026E+15
       503  04-07-12 22:30   0.300000E+03   0.250000E+00   0.246026E+15   0.246026E+15
       504  04-07-12 23:00   0.300000E+03   0.250000E+00   0.246026E+15   0.246026E+15
       505  04-07-12 23:30   0.300000E+03   0.250000E+00   0.246026E+15   0.246026E+15
       506  05-07-12 00:00   0.300000E+03   0.250000E+00   0.246026E+15   0.246026E+15
       507  05-07-12 00:30   0.300000E+03   0.250000E+00   0.246026E+15   0.246026E+15
       508  05-07-12 01:00   0.300000E+03   0.250000E+00   0.246026E+15   0.246026E+15
       509  05-07-12 01:30   0.300000E+03   0.250000E+00   0.246026E+15   0.246026E+15
       510  05-07-12 02:00   0.300000E+03   0.250000E+00   0.246026E+15   0.246026E+15
       511  05-07-12 02:30   0.300000E+03   0.250000E+00   0.246026E+15   0.246026E+15
       512  05-07-12 03:00   0.300000E+03   0.250000E+00   0.246026E+15   0.246026E+15
       513  05-07-12 03:30   0.300000E+03   0.250000E+00   0.246026E+15   0.246026E+15
       514  05-07-12 04:00   0.300000E+03   0.250000E+00   0.246026E+15   0.246026E+15
       515  05-07-12 04:30   0.300000E+03   0.250000E+00   0.246026E+15   0.246026E+15
       516  05-07-12 05:00   0.300000E+03   0.250000E+00   0.246026E+15   0.246026E+15
       517  05-07-12 05:30   0.300000E+03   0.250000E+00   0.246026E+15   0.246026E+15
       518  05-07-12 06:00   0.300000E+03   0.250000E+00   0.246026E+15   0.246026E+15
       519  05-07-12 06:30   0.300000E+03   0.250000E+00   0.246026E+15   0.246026E+15
       520  05-07-12 07:00   0.300000E+03   0.250000E+00   0.246026E+15   0.246026E+15
       521  05-07-12 07:30   0.300000E+03   0.250000E+00   0.246026E+15   0.246026E+15
       522  05-07-12 08:00   0.300000E+03   0.250000E+00   0.246026E+15   0.246026E+15
       523  05-07-12 08:30   0.300000E+03   0.250000E+00   0.246026E+15   0.246026E+15
       524  05-07-12 09:00   0.300000E+03   0.250000E+00   0.246026E+15   0.246026E+15
       525  05-07-12 09:30   0.300000E+03   0.250000E+00   0.246026E+15   0.246026E+15
       526  05-07-12 10:00   0.300000E+03   0.250000E+00   0.246026E+15   0.246026E+15
       527  05-07-12 10:30   0.300000E+03   0.250000E+00   0.246026E+15   0.246026E+15
       528  05-07-12 11:00   0.300000E+03   0.250000E+00   0.246026E+15   0.246026E+15
       529  05-07-12 11:30   0.300000E+03   0.250000E+00   0.246026E+15   0.246026E+15
       530  05-07-12 12:00   0.300000E+03   0.250000E+00   0.246026E+15   0.246026E+15
       531  05-07-12 12:30   0.300000E+03   0.250000E+00   0.246026E+15   0.246026E+15
       532  05-07-12 13:00   0.300000E+03   0.250000E+00   0.246026E+15   0.246026E+15
       533  05-07-12 13:30   0.300000E+03   0.250000E+00   0.246026E+15   0.246026E+15
       534  05-07-12 14:00   0.300000E+03   0.250000E+00   0.246026E+15   0.246026E+15
       535  05-07-12 14:30   0.300000E+03   0.250000E+00   0.246026E+15   0.246026E+15
       536  05-07-12 15:00   0.300000E+03   0.250000E+00   0.246026E+15   0.246026E+15
       537  05-07-12 15:30   0.300000E+03   0.250000E+00   0.246026E+15   0.246026E+15
       538  05-07-12 16:00   0.300000E+03   0.250000E+00   0.246026E+15   0.246026E+15
       539  05-07-12 16:30   0.300000E+03   0.250000E+00   0.246026E+15   0.246026E+15
       540  05-07-12 17:00   0.300000E+03   0.250000E+00   0.246026E+15   0.246026E+15
       541  05-07-12 17:30   0.300000E+03   0.250000E+00   0.246026E+15   0.246026E+15
       542  05-07-12 18:00   0.300000E+03   0.250000E+00   0.246026E+15   0.246026E+15
       543  05-07-12 18:30   0.300000E+03   0.250000E+00   0.246026E+15   0.246026E+15
       544  05-07-12 19:00   0.300000E+03   0.250000E+00   0.246026E+15   0.246026E+15
       545  05-07-12 19:30   0.300000E+03   0.250000E+00   0.246026E+15   0.246026E+15
       546  05-07-12 20:00   0.300000E+03   0.250000E+00   0.246026E+15   0.246026E+15
       547  05-07-12 20:30   0.300000E+03   0.250000E+00   0.246026E+15   0.246026E+15
       548  05-07-12 21:00   0.300000E+03   0.250000E+00   0.246026E+15   0.246026E+15
       549  05-07-12 21:30   0.300000E+03   0.250000E+00   0.246026E+15   0.246026E+15
       550  05-07-12 22:00   0.300000E+03   0.250000E+00   0.246026E+15   0.246026E+15
       551  05-07-12 22:30   0.300000E+03   0.250000E+00   0.246026E+15   0.246026E+15
       552  05-07-12 23:00   0.300000E+03   0.250000E+00   0.246026E+15   0.246026E+15
       553  05-07-12 23:30   0.300000E+03   0.250000E+00   0.246026E+15   0.246026E+15
       554  06-07-12 00:00   0.300000E+03   0.250000E+00   0.246026E+15   0.246026E+15
       555  06-07-12 00:30   0.300000E+03   0.250000E+00   0.246026E+15   0.246026E+15
       556  06-07-12 01:00   0.300000E+03   0.250000E+00   0.246026E+15   0.246026E+15
       557  06-07-12 01:30   0.300000E+03   0.250000E+00   0.246026E+15   0.246026E+15
       558  06-07-12 02:00   0.300000E+03   0.250000E+00   0.246026E+15   0.246026E+15
       559  06-07-12 02:30   0.300000E+03   0.250000E+00   0.246026E+15   0.246026E+15
       560  06-07-12 03:00   0.300000E+03   0.250000E+00   0.246026E+15   0.246026E+15
       561  06-07-12 03:30   0.300000E+03   0.250000E+00   0.246026E+15   0.246026E+15
       562  06-07-12 04:00   0.300000E+03   0.250000E+00   0.246026E+15   0.246026E+15
       563  06-07-12 04:30   0.300000E+03   0.250000E+00   0.246026E+15   0.246026E+15
       564  06-07-12 05:00   0.300000E+03   0.250000E+00   0.246026E+15   0.246026E+15
       565  06-07-12 05:30   0.300000E+03   0.250000E+00   0.246026E+15   0.246026E+15
       566  06-07-12 06:00   0.300000E+03   0.250000E+00   0.246026E+15   0.246026E+15
       567  06-07-12 06:30   0.300000E+03   0.250000E+00   0.246026E+15   0.246026E+15
       568  06-07-12 07:00   0.300000E+03   0.250000E+00   0.246026E+15   0.246026E+15
       569  06-07-12 07:30   0.300000E+03   0.250000E+00   0.246026E+15   0.246026E+15
       570  06-07-12 08:00   0.300000E+03   0.250000E+00   0.246026E+15   0.246026E+15
       571  06-07-12 08:30   0.300000E+03   0.250000E+00   0.246026E+15   0.246026E+15
       572  06-07-12 09:00   0.300000E+03   0.250000E+00   0.246026E+15   0.246026E+15
       573  06-07-12 09:30   0.300000E+03   0.250000E+00   0.246026E+15   0.246026E+15
       574  06-07-12 10:00   0.300000E+03   0.250000E+00   0.246026E+15   0.246026E+15
       575  06-07-12 10:30   0.300000E+03   0.250000E+00   0.246026E+15   0.246026E+15
       576  06-07-12 11:00   0.300000E+03   0.250000E+00   0.246026E+15   0.246026E+15
       577  06-07-12 11:30   0.300000E+03   0.250000E+00   0.246026E+15   0.246026E+15
       578  06-07-12 12:00   0.300000E+03   0.250000E+00   0.246026E+15   0.246026E+15
       579  06-07-12 12:30   0.300000E+03   0.250000E+00   0.246026E+15   0.246026E+15
       580  06-07-12 13:00   0.300000E+03   0.250000E+00   0.246026E+15   0.246026E+15
       581  06-07-12 13:30   0.300000E+03   0.250000E+00   0.246026E+15   0.246026E+15
       582  06-07-12 14:00   0.300000E+03   0.250000E+00   0.246026E+15   0.246026E+15
       583  06-07-12 14:30   0.300000E+03   0.250000E+00   0.246026E+15   0.246026E+15
       584  06-07-12 15:00   0.300000E+03   0.250000E+00   0.246026E+15   0.246026E+15
       585  06-07-12 15:30   0.300000E+03   0.250000E+00   0.246026E+15   0.246026E+15
       586  06-07-12 16:00   0.300000E+03   0.250000E+00   0.246026E+15   0.246026E+15
       587  06-07-12 16:30   0.300000E+03   0.250000E+00   0.246026E+15   0.246026E+15
       588  06-07-12 17:00   0.300000E+03   0.250000E+00   0.246026E+15   0.246026E+15
       589  06-07-12 17:30   0.300000E+03   0.250000E+00   0.246026E+15   0.246026E+15
       590  06-07-12 18:00   0.300000E+03   0.250000E+00   0.246026E+15   0.246026E+15
       591  06-07-12 18:30   0.300000E+03   0.250000E+00   0.246026E+15   0.246026E+15
       592  06-07-12 19:00   0.300000E+03   0.250000E+00   0.246026E+15   0.246026E+15
       593  06-07-12 19:30   0.300000E+03   0.250000E+00   0.246026E+15   0.246026E+15
       594  06-07-12 20:00   0.300000E+03   0.250000E+00   0.246026E+15   0.246026E+15
       595  06-07-12 20:30   0.300000E+03   0.250000E+00   0.246026E+15   0.246026E+15
       596  06-07-12 21:00   0.300000E+03   0.250000E+00   0.246026E+15   0.246026E+15
       597  06-07-12 21:30   0.300000E+03   0.250000E+00   0.246026E+15   0.246026E+15
       598  06-07-12 22:00   0.300000E+03   0.250000E+00   0.246026E+15   0.246026E+15
       599  06-07-12 22:30   0.300000E+03   0.250000E+00   0.246026E+15   0.246026E+15
       600  06-07-12 23:00   0.300000E+03   0.250000E+00   0.246026E+15   0.246026E+15
       601  06-07-12 23:30   0.300000E+03   0.250000E+00   0.246026E+15   0.246026E+15
       602  07-07-12 00:00   0.300000E+03   0.250000E+00   0.246026E+15   0.246026E+15
       603  07-07-12 00:30   0.300000E+03   0.250000E+00   0.246026E+15   0.246026E+15
       604  07-07-12 01:00   0.300000E+03   0.250000E+00   0.246026E+15   0.246026E+15
       605  07-07-12 01:30   0.300000E+03   0.250000E+00   0.246026E+15   0.246026E+15
       606  07-07-12 02:00   0.300000E+03   0.250000E+00   0.246026E+15   0.246026E+15
       607  07-07-12 02:30   0.300000E+03   0.250000E+00   0.246026E+15   0.246026E+15
       608  07-07-12 03:00   0.300000E+03   0.250000E+00   0.246026E+15   0.246026E+15
       609  07-07-12 03:30   0.300000E+03   0.250000E+00   0.246026E+15   0.246026E+15
       610  07-07-12 04:00   0.300000E+03   0.250000E+00   0.246026E+15   0.246026E+15
       611  07-07-12 04:30   0.300000E+03   0.250000E+00   0.246026E+15   0.246026E+15
       612  07-07-12 05:00   0.300000E+03   0.250000E+00   0.246026E+15   0.246026E+15
       613  07-07-12 05:30   0.300000E+03   0.250000E+00   0.246026E+15   0.246026E+15
       614  07-07-12 06:00   0.300000E+03   0.250000E+00   0.246026E+15   0.246026E+15
       615  07-07-12 06:30   0.300000E+03   0.250000E+00   0.246026E+15   0.246026E+15
       616  07-07-12 07:00   0.300000E+03   0.250000E+00   0.246026E+15   0.246026E+15
       617  07-07-12 07:30   0.300000E+03   0.250000E+00   0.246026E+15   0.246026E+15
       618  07-07-12 08:00   0.300000E+03   0.250000E+00   0.246026E+15   0.246026E+15
       619  07-07-12 08:30   0.300000E+03   0.250000E+00   0.246026E+15   0.246026E+15
       620  07-07-12 09:00   0.300000E+03   0.250000E+00   0.246026E+15   0.246026E+15
       621  07-07-12 09:30   0.300000E+03   0.250000E+00   0.246026E+15   0.246026E+15
       622  07-07-12 10:00   0.300000E+03   0.250000E+00   0.246026E+15   0.246026E+15
       623  07-07-12 10:30   0.300000E+03   0.250000E+00   0.246026E+15   0.246026E+15
       624  07-07-12 11:00   0.300000E+03   0.250000E+00   0.246026E+15   0.246026E+15
       625  07-07-12 11:30   0.300000E+03   0.250000E+00   0.246026E+15   0.246026E+15
       626  07-07-12 12:00   0.300000E+03   0.250000E+00   0.246026E+15   0.246026E+15
       627  07-07-12 12:30   0.300000E+03   0.250000E+00   0.246026E+15   0.246026E+15
       628  07-07-12 13:00   0.300000E+03   0.250000E+00   0.246026E+15   0.246026E+15
       629  07-07-12 13:30   0.300000E+03   0.250000E+00   0.246026E+15   0.246026E+15
       630  07-07-12 14:00   0.300000E+03   0.250000E+00   0.246026E+15   0.246026E+15
       631  07-07-12 14:30   0.300000E+03   0.250000E+00   0.246026E+15   0.246026E+15
       632  07-07-12 15:00   0.300000E+03   0.250000E+00   0.246026E+15   0.246026E+15
       633  07-07-12 15:30   0.300000E+03   0.250000E+00   0.246026E+15   0.246026E+15
       634  07-07-12 16:00   0.300000E+03   0.250000E+00   0.246026E+15   0.246026E+15
       635  07-07-12 16:30   0.300000E+03   0.250000E+00   0.246026E+15   0.246026E+15
       636  07-07-12 17:00   0.300000E+03   0.250000E+00   0.246026E+15   0.246026E+15
       637  07-07-12 17:30   0.300000E+03   0.250000E+00   0.246026E+15   0.246026E+15
       638  07-07-12 18:00   0.300000E+03   0.250000E+00   0.246026E+15   0.246026E+15
       639  07-07-12 18:30   0.300000E+03   0.250000E+00   0.246026E+15   0.246026E+15
       640  07-07-12 19:00   0.300000E+03   0.250000E+00   0.246026E+15   0.246026E+15
       641  07-07-12 19:30   0.300000E+03   0.250000E+00   0.246026E+15   0.246026E+15
       642  07-07-12 20:00   0.300000E+03   0.250000E+00   0.246026E+15   0.246026E+15
       643  07-07-12 20:30   0.300000E+03   0.250000E+00   0.246026E+15   0.246026E+15
       644  07-07-12 21:00   0.300000E+03   0.250000E+00   0.246026E+15   0.246026E+15
       645  07-07-12 21:30   0.300000E+03   0.250000E+00   0.246026E+15   0.246026E+15
       646  07-07-12 22:00   0.300000E+03   0.250000E+00   0.246026E+15   0.246026E+15
       647  07-07-12 22:30   0.300000E+03   0.250000E+00   0.246026E+15   0.246026E+15
       648  07-07-12 23:00   0.300000E+03   0.250000E+00   0.246026E+15   0.246026E+15
       649  07-07-12 23:30   0.300000E+03   0.250000E+00   0.246026E+15   0.246026E+15
       650  08-07-12 00:00   0.300000E+03   0.250000E+00   0.246026E+15   0.246026E+15
       651  08-07-12 00:30   0.300000E+03   0.250000E+00   0.246026E+15   0.246026E+15
       652  08-07-12 01:00   0.300000E+03   0.250000E+00   0.246026E+15   0.246026E+15
       653  08-07-12 01:30   0.300000E+03   0.250000E+00   0.246026E+15   0.246026E+15
       654  08-07-12 02:00   0.300000E+03   0.250000E+00   0.246026E+15   0.246026E+15
       655  08-07-12 02:30   0.300000E+03   0.250000E+00   0.246026E+15   0.246026E+15
       656  08-07-12 03:00   0.300000E+03   0.250000E+00   0.246026E+15   0.246026E+15
       657  08-07-12 03:30   0.300000E+03   0.250000E+00   0.246026E+15   0.246026E+15
       658  08-07-12 04:00   0.300000E+03   0.250000E+00   0.246026E+15   0.246026E+15
       659  08-07-12 04:30   0.300000E+03   0.250000E+00   0.246026E+15   0.246026E+15
       660  08-07-12 05:00   0.300000E+03   0.250000E+00   0.246026E+15   0.246026E+15
       661  08-07-12 05:30   0.300000E+03   0.250000E+00   0.246026E+15   0.246026E+15
       662  08-07-12 06:00   0.300000E+03   0.250000E+00   0.246026E+15   0.246026E+15
       663  08-07-12 06:30   0.300000E+03   0.250000E+00   0.246026E+15   0.246026E+15
       664  08-07-12 07:00   0.300000E+03   0.250000E+00   0.246026E+15   0.246026E+15
       665  08-07-12 07:30   0.300000E+03   0.250000E+00   0.246026E+15   0.246026E+15
       666  08-07-12 08:00   0.300000E+03   0.250000E+00   0.246026E+15   0.246026E+15
       667  08-07-12 08:30   0.300000E+03   0.250000E+00   0.246026E+15   0.246026E+15
       668  08-07-12 09:00   0.300000E+03   0.250000E+00   0.246026E+15   0.246026E+15
       669  08-07-12 09:30   0.300000E+03   0.250000E+00   0.246026E+15   0.246026E+15
       670  08-07-12 10:00   0.300000E+03   0.250000E+00   0.246026E+15   0.246026E+15
       671  08-07-12 10:30   0.300000E+03   0.250000E+00   0.246026E+15   0.246026E+15
       672  08-07-12 11:00   0.300000E+03   0.250000E+00   0.246026E+15   0.246026E+15
       673  08-07-12 11:30   0.300000E+03   0.250000E+00   0.246026E+15   0.246026E+15
       674  08-07-12 12:00   0.300000E+03   0.250000E+00   0.246026E+15   0.246026E+15
       675  08-07-12 12:30   0.300000E+03   0.250000E+00   0.246026E+15   0.246026E+15
       676  08-07-12 13:00   0.300000E+03   0.250000E+00   0.246026E+15   0.246026E+15
       677  08-07-12 13:30   0.300000E+03   0.250000E+00   0.246026E+15   0.246026E+15
       678  08-07-12 14:00   0.300000E+03   0.250000E+00   0.246026E+15   0.246026E+15
       679  08-07-12 14:30   0.300000E+03   0.250000E+00   0.246026E+15   0.246026E+15
       680  08-07-12 15:00   0.300000E+03   0.250000E+00   0.246026E+15   0.246026E+15
       681  08-07-12 15:30   0.300000E+03   0.250000E+00   0.246026E+15   0.246026E+15
       682  08-07-12 16:00   0.300000E+03   0.250000E+00   0.246026E+15   0.246026E+15
       683  08-07-12 16:30   0.300000E+03   0.250000E+00   0.246026E+15   0.246026E+15
       684  08-07-12 17:00   0.300000E+03   0.250000E+00   0.246026E+15   0.246026E+15
       685  08-07-12 17:30   0.300000E+03   0.250000E+00   0.246026E+15   0.246026E+15
       686  08-07-12 18:00   0.300000E+03   0.250000E+00   0.246026E+15   0.246026E+15
       687  08-07-12 18:30   0.300000E+03   0.250000E+00   0.246026E+15   0.246026E+15
       688  08-07-12 19:00   0.300000E+03   0.250000E+00   0.246026E+15   0.246026E+15
       689  08-07-12 19:30   0.300000E+03   0.250000E+00   0.246026E+15   0.246026E+15
       690  08-07-12 20:00   0.300000E+03   0.250000E+00   0.246026E+15   0.246026E+15
       691  08-07-12 20:30   0.300000E+03   0.250000E+00   0.246026E+15   0.246026E+15
       692  08-07-12 21:00   0.300000E+03   0.250000E+00   0.246026E+15   0.246026E+15
       693  08-07-12 21:30   0.300000E+03   0.250000E+00   0.246026E+15   0.246026E+15
       694  08-07-12 22:00   0.300000E+03   0.250000E+00   0.246026E+15   0.246026E+15
       695  08-07-12 22:30   0.300000E+03   0.250000E+00   0.246026E+15   0.246026E+15
       696  08-07-12 23:00   0.300000E+03   0.250000E+00   0.246026E+15   0.246026E+15
       697  08-07-12 23:30   0.300000E+03   0.250000E+00   0.246026E+15   0.246026E+15
       698  09-07-12 00:00   0.300000E+03   0.250000E+00   0.246026E+15   0.246026E+15
       699  09-07-12 00:30   0.300000E+03   0.250000E+00   0.246026E+15   0.246026E+15
       700  09-07-12 01:00   0.300000E+03   0.250000E+00   0.246026E+15   0.246026E+15
       701  09-07-12 01:30   0.300000E+03   0.250000E+00   0.246026E+15   0.246026E+15
       702  09-07-12 02:00   0.300000E+03   0.250000E+00   0.246026E+15   0.246026E+15
       703  09-07-12 02:30   0.300000E+03   0.250000E+00   0.246026E+15   0.246026E+15
       704  09-07-12 03:00   0.300000E+03   0.250000E+00   0.246026E+15   0.246026E+15
       705  09-07-12 03:30   0.300000E+03   0.250000E+00   0.246026E+15   0.246026E+15
       706  09-07-12 04:00   0.300000E+03   0.250000E+00   0.246026E+15   0.246026E+15
       707  09-07-12 04:30   0.300000E+03   0.250000E+00   0.246026E+15   0.246026E+15
       708  09-07-12 05:00   0.300000E+03   0.250000E+00   0.246026E+15   0.246026E+15
       709  09-07-12 05:30   0.300000E+03   0.250000E+00   0.246026E+15   0.246026E+15
       710  09-07-12 06:00   0.300000E+03   0.250000E+00   0.246026E+15   0.246026E+15
       711  09-07-12 06:30   0.300000E+03   0.250000E+00   0.246026E+15   0.246026E+15
       712  09-07-12 07:00   0.300000E+03   0.250000E+00   0.246026E+15   0.246026E+15
       713  09-07-12 07:30   0.300000E+03   0.250000E+00   0.246026E+15   0.246026E+15
       714  09-07-12 08:00   0.300000E+03   0.250000E+00   0.246026E+15   0.246026E+15
       715  09-07-12 08:30   0.300000E+03   0.250000E+00   0.246026E+15   0.246026E+15
       716  09-07-12 09:00   0.300000E+03   0.250000E+00   0.246026E+15   0.246026E+15
       717  09-07-12 09:30   0.300000E+03   0.250000E+00   0.246026E+15   0.246026E+15
       718  09-07-12 10:00   0.300000E+03   0.250000E+00   0.246026E+15   0.246026E+15
       719  09-07-12 10:30   0.300000E+03   0.250000E+00   0.246026E+15   0.246026E+15
       720  09-07-12 11:00   0.300000E+03   0.250000E+00   0.246026E+15   0.246026E+15
       721  09-07-12 11:30   0.300000E+03   0.250000E+00   0.246026E+15   0.246026E+15
       722  09-07-12 12:00   0.300000E+03   0.250000E+00   0.246026E+15   0.246026E+15
       723  09-07-12 12:30   0.300000E+03   0.250000E+00   0.246026E+15   0.246026E+15
       724  09-07-12 13:00   0.300000E+03   0.250000E+00   0.246026E+15   0.246026E+15
       725  09-07-12 13:30   0.300000E+03   0.250000E+00   0.246026E+15   0.246026E+15
       726  09-07-12 14:00   0.300000E+03   0.250000E+00   0.246026E+15   0.246026E+15
       727  09-07-12 14:30   0.300000E+03   0.250000E+00   0.246026E+15   0.246026E+15
       728  09-07-12 15:00   0.300000E+03   0.250000E+00   0.246026E+15   0.246026E+15
       729  09-07-12 15:30   0.300000E+03   0.250000E+00   0.246026E+15   0.246026E+15
       730  09-07-12 16:00   0.300000E+03   0.250000E+00   0.246026E+15   0.246026E+15
       731  09-07-12 16:30   0.300000E+03   0.250000E+00   0.246026E+15   0.246026E+15
       732  09-07-12 17:00   0.300000E+03   0.250000E+00   0.246026E+15   0.246026E+15
       733  09-07-12 17:30   0.300000E+03   0.250000E+00   0.246026E+15   0.246026E+15
       734  09-07-12 18:00   0.300000E+03   0.250000E+00   0.246026E+15   0.246026E+15
       735  09-07-12 18:30   0.300000E+03   0.250000E+00   0.246026E+15   0.246026E+15
       736  09-07-12 19:00   0.300000E+03   0.250000E+00   0.246026E+15   0.246026E+15
       737  09-07-12 19:30   0.300000E+03   0.250000E+00   0.246026E+15   0.246026E+15
       738  09-07-12 20:00   0.300000E+03   0.250000E+00   0.246026E+15   0.246026E+15
       739  09-07-12 20:30   0.300000E+03   0.250000E+00   0.246026E+15   0.246026E+15
       740  09-07-12 21:00   0.300000E+03   0.250000E+00   0.246026E+15   0.246026E+15
       741  09-07-12 21:30   0.300000E+03   0.250000E+00   0.246026E+15   0.246026E+15
       742  09-07-12 22:00   0.300000E+03   0.250000E+00   0.246026E+15   0.246026E+15
       743  09-07-12 22:30   0.300000E+03   0.250000E+00   0.246026E+15   0.246026E+15
       744  09-07-12 23:00   0.300000E+03   0.250000E+00   0.246026E+15   0.246026E+15
       745  09-07-12 23:30   0.300000E+03   0.250000E+00   0.246026E+15   0.246026E+15
       746  10-07-12 00:00   0.300000E+03   0.250000E+00   0.246026E+15   0.246026E+15
       747  10-07-12 00:30   0.300000E+03   0.250000E+00   0.246026E+15   0.246026E+15
       748  10-07-12 01:00   0.300000E+03   0.250000E+00   0.246026E+15   0.246026E+15
       749  10-07-12 01:30   0.300000E+03   0.250000E+00   0.246026E+15   0.246026E+15
       750  10-07-12 02:00   0.300000E+03   0.250000E+00   0.246026E+15   0.246026E+15
       751  10-07-12 02:30   0.300000E+03   0.250000E+00   0.246026E+15   0.246026E+15
       752  10-07-12 03:00   0.300000E+03   0.250000E+00   0.246026E+15   0.246026E+15
       753  10-07-12 03:30   0.300000E+03   0.250000E+00   0.246026E+15   0.246026E+15
       754  10-07-12 04:00   0.300000E+03   0.250000E+00   0.246026E+15   0.246026E+15
       755  10-07-12 04:30   0.300000E+03   0.250000E+00   0.246026E+15   0.246026E+15
       756  10-07-12 05:00   0.300000E+03   0.250000E+00   0.246026E+15   0.246026E+15
       757  10-07-12 05:30   0.300000E+03   0.250000E+00   0.246026E+15   0.246026E+15
       758  10-07-12 06:00   0.300000E+03   0.250000E+00   0.246026E+15   0.246026E+15
       759  10-07-12 06:30   0.300000E+03   0.250000E+00   0.246026E+15   0.246026E+15
       760  10-07-12 07:00   0.300000E+03   0.250000E+00   0.246026E+15   0.246026E+15
       761  10-07-12 07:30   0.300000E+03   0.250000E+00   0.246026E+15   0.246026E+15
       762  10-07-12 08:00   0.300000E+03   0.250000E+00   0.246026E+15   0.246026E+15
       763  10-07-12 08:30   0.300000E+03   0.250000E+00   0.246026E+15   0.246026E+15
       764  10-07-12 09:00   0.300000E+03   0.250000E+00   0.246026E+15   0.246026E+15
       765  10-07-12 09:30   0.300000E+03   0.250000E+00   0.246026E+15   0.246026E+15
       766  10-07-12 10:00   0.300000E+03   0.250000E+00   0.246026E+15   0.246026E+15
       767  10-07-12 10:30   0.300000E+03   0.250000E+00   0.246026E+15   0.246026E+15
       768  10-07-12 11:00   0.300000E+03   0.250000E+00   0.246026E+15   0.246026E+15
       769  10-07-12 11:30   0.300000E+03   0.250000E+00   0.246026E+15   0.246026E+15
       770  10-07-12 12:00   0.300000E+03   0.250000E+00   0.246026E+15   0.246026E+15
       771  10-07-12 12:30   0.300000E+03   0.250000E+00   0.246026E+15   0.246026E+15
       772  10-07-12 13:00   0.300000E+03   0.250000E+00   0.246026E+15   0.246026E+15
       773  10-07-12 13:30   0.300000E+03   0.250000E+00   0.246026E+15   0.246026E+15
       774  10-07-12 14:00   0.300000E+03   0.250000E+00   0.246026E+15   0.246026E+15
       775  10-07-12 14:30   0.300000E+03   0.250000E+00   0.246026E+15   0.246026E+15
       776  10-07-12 15:00   0.300000E+03   0.250000E+00   0.246026E+15   0.246026E+15
       777  10-07-12 15:30   0.300000E+03   0.250000E+00   0.246026E+15   0.246026E+15
       778  10-07-12 16:00   0.300000E+03   0.250000E+00   0.246026E+15   0.246026E+15
       779  10-07-12 16:30   0.300000E+03   0.250000E+00   0.246026E+15   0.246026E+15
       780  10-07-12 17:00   0.300000E+03   0.250000E+00   0.246026E+15   0.246026E+15
       781  10-07-12 17:30   0.300000E+03   0.250000E+00   0.246026E+15   0.246026E+15
       782  10-07-12 18:00   0.300000E+03   0.250000E+00   0.246026E+15   0.246026E+15
       783  10-07-12 18:30   0.300000E+03   0.250000E+00   0.246026E+15   0.246026E+15
       784  10-07-12 19:00   0.300000E+03   0.250000E+00   0.246026E+15   0.246026E+15
       785  10-07-12 19:30   0.300000E+03   0.250000E+00   0.246026E+15   0.246026E+15
       786  10-07-12 20:00   0.300000E+03   0.250000E+00   0.246026E+15   0.246026E+15
       787  10-07-12 20:30   0.300000E+03   0.250000E+00   0.246026E+15   0.246026E+15
       788  10-07-12 21:00   0.300000E+03   0.250000E+00   0.246026E+15   0.246026E+15
       789  10-07-12 21:30   0.300000E+03   0.250000E+00   0.246026E+15   0.246026E+15
       790  10-07-12 22:00   0.300000E+03   0.250000E+00   0.246026E+15   0.246026E+15
       791  10-07-12 22:30   0.300000E+03   0.250000E+00   0.246026E+15   0.246026E+15
       792  10-07-12 23:00   0.300000E+03   0.250000E+00   0.246026E+15   0.246026E+15
       793  10-07-12 23:30   0.300000E+03   0.250000E+00   0.246026E+15   0.246026E+15
       794  11-07-12 00:00   0.300000E+03   0.250000E+00   0.246026E+15   0.246026E+15
       795  11-07-12 00:30   0.300000E+03   0.250000E+00   0.246026E+15   0.246026E+15
       796  11-07-12 01:00   0.300000E+03   0.250000E+00   0.246026E+15   0.246026E+15
       797  11-07-12 01:30   0.300000E+03   0.250000E+00   0.246026E+15   0.246026E+15
       798  11-07-12 02:00   0.300000E+03   0.250000E+00   0.246026E+15   0.246026E+15
       799  11-07-12 02:30   0.300000E+03   0.250000E+00   0.246026E+15   0.246026E+15
       800  11-07-12 03:00   0.300000E+03   0.250000E+00   0.246026E+15   0.246026E+15
       801  11-07-12 03:30   0.300000E+03   0.250000E+00   0.246026E+15   0.246026E+15
       802  11-07-12 04:00   0.300000E+03   0.250000E+00   0.246026E+15   0.246026E+15
       803  11-07-12 04:30   0.300000E+03   0.250000E+00   0.246026E+15   0.246026E+15
       804  11-07-12 05:00   0.300000E+03   0.250000E+00   0.246026E+15   0.246026E+15
       805  11-07-12 05:30   0.300000E+03   0.250000E+00   0.246026E+15   0.246026E+15
       806  11-07-12 06:00   0.300000E+03   0.250000E+00   0.246026E+15   0.246026E+15
       807  11-07-12 06:30   0.300000E+03   0.250000E+00   0.246026E+15   0.246026E+15
       808  11-07-12 07:00   0.300000E+03   0.250000E+00   0.246026E+15   0.246026E+15
       809  11-07-12 07:30   0.300000E+03   0.250000E+00   0.246026E+15   0.246026E+15
       810  11-07-12 08:00   0.300000E+03   0.250000E+00   0.246026E+15   0.246026E+15
       811  11-07-12 08:30   0.300000E+03   0.250000E+00   0.246026E+15   0.246026E+15
       812  11-07-12 09:00   0.300000E+03   0.250000E+00   0.246026E+15   0.246026E+15
       813  11-07-12 09:30   0.300000E+03   0.250000E+00   0.246026E+15   0.246026E+15
       814  11-07-12 10:00   0.300000E+03   0.250000E+00   0.246026E+15   0.246026E+15
       815  11-07-12 10:30   0.300000E+03   0.250000E+00   0.246026E+15   0.246026E+15
       816  11-07-12 11:00   0.300000E+03   0.250000E+00   0.246026E+15   0.246026E+15
       817  11-07-12 11:30   0.300000E+03   0.250000E+00   0.246026E+15   0.246026E+15
       818  11-07-12 12:00   0.300000E+03   0.250000E+00   0.246026E+15   0.246026E+15
       819  11-07-12 12:30   0.300000E+03   0.250000E+00   0.246026E+15   0.246026E+15
       820  11-07-12 13:00   0.300000E+03   0.250000E+00   0.246026E+15   0.246026E+15
       821  11-07-12 13:30   0.300000E+03   0.250000E+00   0.246026E+15   0.246026E+15
       822  11-07-12 14:00   0.300000E+03   0.250000E+00   0.246026E+15   0.246026E+15
