VOC emissions calculated according to Guenther et al., 1995; isoprene emission fluxes for nveglay
Net. rad., Tsurf, C5H8: all canopy layers, C10H16 and OVOCs only the top-layer emissions
     istep       ldatltime      Net. rad.          Tsurf ISOPfl(32.1)   ISOPfl(26.2)   ISOPfl(20.4)   ISOPfl(14.6)   ISOPfl(8.8)    ISOPfl(2.9)          MONOflux       OVOCflux
         # dd-mm-yy hh:min          W m-2              K molec m-2 s-1  molec m-2 s-1  molec m-2 s-1  molec m-2 s-1  molec m-2 s-1  molec m-2 s-1   molec m-2 s-1  molec m-2 s-1
         1  29-06-10 00:30   0.000000E+00   0.297085E+03   0.000000E+00   0.000000E+00   0.000000E+00   0.000000E+00   0.000000E+00   0.000000E+00   0.426077E+14   0.170543E+14
         2  29-06-10 01:00   0.000000E+00   0.295100E+03   0.000000E+00   0.000000E+00   0.000000E+00   0.000000E+00   0.000000E+00   0.000000E+00   0.320012E+14   0.142642E+14
         3  29-06-10 01:30   0.000000E+00   0.295116E+03   0.000000E+00   0.000000E+00   0.000000E+00   0.000000E+00   0.000000E+00   0.000000E+00   0.317498E+14   0.142840E+14
         4  29-06-10 02:00   0.000000E+00   0.295271E+03   0.000000E+00   0.000000E+00   0.000000E+00   0.000000E+00   0.000000E+00   0.000000E+00   0.322733E+14   0.144846E+14
         5  29-06-10 02:30   0.000000E+00   0.295387E+03   0.000000E+00   0.000000E+00   0.000000E+00   0.000000E+00   0.000000E+00   0.000000E+00   0.327131E+14   0.146371E+14
         6  29-06-10 03:00   0.000000E+00   0.295770E+03   0.000000E+00   0.000000E+00   0.000000E+00   0.000000E+00   0.000000E+00   0.000000E+00   0.344052E+14   0.151505E+14
         7  29-06-10 03:30   0.000000E+00   0.295980E+03   0.000000E+00   0.000000E+00   0.000000E+00   0.000000E+00   0.000000E+00   0.000000E+00   0.354022E+14   0.154388E+14
         8  29-06-10 04:00   0.000000E+00   0.296565E+03   0.000000E+00   0.000000E+00   0.000000E+00   0.000000E+00   0.000000E+00   0.000000E+00   0.382940E+14   0.162735E+14
         9  29-06-10 04:30   0.000000E+00   0.296853E+03   0.000000E+00   0.000000E+00   0.000000E+00   0.000000E+00   0.000000E+00   0.000000E+00   0.398762E+14   0.167011E+14
        10  29-06-10 05:00   0.000000E+00   0.297600E+03   0.000000E+00   0.000000E+00   0.000000E+00   0.000000E+00   0.000000E+00   0.000000E+00   0.440772E+14   0.178628E+14
        11  29-06-10 05:30   0.000000E+00   0.297947E+03   0.000000E+00   0.000000E+00   0.000000E+00   0.000000E+00   0.000000E+00   0.000000E+00   0.462984E+14   0.184301E+14
        12  29-06-10 06:00   0.606213E+01   0.298806E+03   0.000000E+00   0.000000E+00   0.000000E+00   0.000000E+00   0.000000E+00   0.000000E+00   0.519007E+14   0.199102E+14
        13  29-06-10 06:30   0.694904E+02   0.299188E+03   0.463464E+14   0.294363E+14   0.221481E+13   0.715829E+12   0.521532E+12   0.380170E+12   0.547940E+14   0.206082E+14
        14  29-06-10 07:00   0.215300E+03   0.300100E+03   0.223303E+15   0.170544E+15   0.131763E+14   0.426527E+13   0.310884E+13   0.226673E+13   0.617792E+14   0.223691E+14
        15  29-06-10 07:30   0.275925E+03   0.300492E+03   0.412146E+15   0.323261E+15   0.252259E+14   0.818424E+13   0.596499E+13   0.434904E+13   0.653098E+14   0.231729E+14
        16  29-06-10 08:00   0.410285E+03   0.301393E+03   0.863464E+15   0.682969E+15   0.578564E+14   0.193130E+14   0.141007E+14   0.102965E+14   0.734445E+14   0.251318E+14
        17  29-06-10 08:30   0.463975E+03   0.301768E+03   0.126364E+16   0.972611E+15   0.875570E+14   0.300313E+14   0.220617E+14   0.162073E+14   0.774633E+14   0.259941E+14
        18  29-06-10 09:00   0.577730E+03   0.302599E+03   0.205139E+16   0.153334E+16   0.165129E+15   0.612236E+14   0.462949E+14   0.350317E+14   0.862188E+14   0.280124E+14
        19  29-06-10 09:30   0.620825E+03   0.302931E+03   0.266853E+16   0.195057E+16   0.228049E+15   0.874476E+14   0.670832E+14   0.515220E+14   0.904348E+14   0.288619E+14
        20  29-06-10 10:00   0.706220E+03   0.303634E+03   0.367315E+16   0.264351E+16   0.363131E+15   0.147915E+15   0.116858E+15   0.924996E+14   0.989864E+14   0.307481E+14
        21  29-06-10 10:30   0.735784E+03   0.303901E+03   0.443094E+16   0.314330E+16   0.460643E+15   0.191694E+15   0.152988E+15   0.122343E+15   0.102983E+15   0.314944E+14
        22  29-06-10 11:00   0.787000E+03   0.304429E+03   0.547523E+16   0.385043E+16   0.624884E+15   0.268501E+15   0.217856E+15   0.177135E+15   0.110317E+15   0.330272E+14
        23  29-06-10 11:30   0.801017E+03   0.304612E+03   0.626021E+16   0.436006E+16   0.733300E+15   0.318195E+15   0.259331E+15   0.211785E+15   0.113614E+15   0.335749E+14
        24  29-06-10 12:00   0.814562E+03   0.304928E+03   0.715130E+16   0.494398E+16   0.859489E+15   0.376281E+15   0.307954E+15   0.252527E+15   0.118720E+15   0.345455E+14
        25  29-06-10 12:30   0.812076E+03   0.305015E+03   0.778675E+16   0.534181E+16   0.931915E+15   0.408077E+15   0.333771E+15   0.273510E+15   0.120867E+15   0.348159E+14
        26  29-06-10 13:00   0.787026E+03   0.305099E+03   0.820203E+16   0.557171E+16   0.936283E+15   0.405183E+15   0.328971E+15   0.267582E+15   0.122950E+15   0.350792E+14
        27  29-06-10 13:30   0.768206E+03   0.305083E+03   0.843221E+16   0.568381E+16   0.928330E+15   0.398074E+15   0.321368E+15   0.259902E+15   0.123631E+15   0.350306E+14
        28  29-06-10 14:00   0.706266E+03   0.304928E+03   0.795142E+16   0.529585E+16   0.773797E+15   0.320135E+15   0.253312E+15   0.200752E+15   0.122303E+15   0.345455E+14
        29  29-06-10 14:30   0.672395E+03   0.304812E+03   0.762264E+16   0.505308E+16   0.691805E+15   0.279992E+15   0.218977E+15   0.171496E+15   0.121418E+15   0.341854E+14
        30  29-06-10 15:00   0.577785E+03   0.304429E+03   0.623329E+16   0.415147E+16   0.465942E+15   0.175550E+15   0.132761E+15   0.100469E+15   0.116828E+15   0.330271E+14
        31  29-06-10 15:30   0.531169E+03   0.304219E+03   0.556935E+16   0.374645E+16   0.381152E+15   0.138237E+15   0.102986E+15   0.767480E+14   0.114544E+15   0.324103E+14
        32  29-06-10 16:00   0.410336E+03   0.303634E+03   0.405704E+16   0.282504E+16   0.234518E+15   0.783844E+14   0.571299E+14   0.416528E+14   0.107384E+15   0.307480E+14
        33  29-06-10 16:30   0.354153E+03   0.303346E+03   0.349969E+16   0.245520E+16   0.193155E+15   0.632904E+14   0.460683E+14   0.335505E+14   0.104096E+15   0.299605E+14
        34  29-06-10 17:00   0.215330E+03   0.302599E+03   0.236609E+16   0.158171E+16   0.118783E+15   0.384096E+14   0.279884E+14   0.204042E+14   0.954282E+14   0.280122E+14
        35  29-06-10 17:30   0.153408E+03   0.302252E+03   0.196192E+16   0.125407E+16   0.938534E+14   0.303292E+14   0.220964E+14   0.161069E+14   0.916488E+14   0.271499E+14
        36  29-06-10 18:00   0.605542E+01   0.301393E+03   0.000000E+00   0.000000E+00   0.000000E+00   0.000000E+00   0.000000E+00   0.000000E+00   0.826160E+14   0.251315E+14
        37  29-06-10 18:30   0.000000E+00   0.301010E+03   0.000000E+00   0.000000E+00   0.000000E+00   0.000000E+00   0.000000E+00   0.000000E+00   0.788321E+14   0.242803E+14
        38  29-06-10 19:00   0.000000E+00   0.300099E+03   0.000000E+00   0.000000E+00   0.000000E+00   0.000000E+00   0.000000E+00   0.000000E+00   0.703776E+14   0.223689E+14
        39  29-06-10 19:30   0.000000E+00   0.299707E+03   0.000000E+00   0.000000E+00   0.000000E+00   0.000000E+00   0.000000E+00   0.000000E+00   0.669486E+14   0.215930E+14
        40  29-06-10 20:00   0.000000E+00   0.298805E+03   0.000000E+00   0.000000E+00   0.000000E+00   0.000000E+00   0.000000E+00   0.000000E+00   0.596741E+14   0.199100E+14
        41  29-06-10 20:30   0.000000E+00   0.298431E+03   0.000000E+00   0.000000E+00   0.000000E+00   0.000000E+00   0.000000E+00   0.000000E+00   0.568016E+14   0.192494E+14
        42  29-06-10 21:00   0.000000E+00   0.297600E+03   0.000000E+00   0.000000E+00   0.000000E+00   0.000000E+00   0.000000E+00   0.000000E+00   0.509754E+14   0.178625E+14
        43  29-06-10 21:30   0.000000E+00   0.297268E+03   0.000000E+00   0.000000E+00   0.000000E+00   0.000000E+00   0.000000E+00   0.000000E+00   0.487301E+14   0.173367E+14
        44  29-06-10 22:00   0.000000E+00   0.296564E+03   0.000000E+00   0.000000E+00   0.000000E+00   0.000000E+00   0.000000E+00   0.000000E+00   0.443840E+14   0.162732E+14
        45  29-06-10 22:30   0.000000E+00   0.296298E+03   0.000000E+00   0.000000E+00   0.000000E+00   0.000000E+00   0.000000E+00   0.000000E+00   0.427552E+14   0.158876E+14
        46  29-06-10 23:00   0.000000E+00   0.295770E+03   0.000000E+00   0.000000E+00   0.000000E+00   0.000000E+00   0.000000E+00   0.000000E+00   0.397990E+14   0.151502E+14
        47  29-06-10 23:30   0.000000E+00   0.295587E+03   0.000000E+00   0.000000E+00   0.000000E+00   0.000000E+00   0.000000E+00   0.000000E+00   0.387416E+14   0.149031E+14
        48  30-06-10 00:00   0.000000E+00   0.295270E+03   0.000000E+00   0.000000E+00   0.000000E+00   0.000000E+00   0.000000E+00   0.000000E+00   0.370556E+14   0.144843E+14
